1.6053 	WARNING 	We strongly recommend you activate the PTB sound engine in PsychoPy prefs as the preferred audio engine. Its timing is vastly superior. Your prefs are currently set to use ['sounddevice', 'PTB', 'pyo', 'pygame'] (in that order).
6.4178 	INFO 	Loaded monitor calibration from ['2022_04_05 13:47']
7.3965 	EXP 	Created window1 = Window(allowGUI=True, allowStencil=False, autoLog=True, backendConf=UNKNOWN, bitsMode=UNKNOWN, blendMode='avg', bpc=(8, 8, 8), color=array([0, 0, 0]), colorSpace='rgb', depthBits=8, fullscr=<method-wrapper '__getattribute__' of attributeSetter object at 0x000001CF9557B310>, gamma=None, gammaErrorPolicy='raise', lms=UNKNOWN, monitor=<psychopy.monitors.calibTools.Monitor object at 0x000001CF9A3AF7F0>, multiSample=False, name='window1', numSamples=2, pos=(103, -1050), screen=0, size=array([1680, 1050]), stencilBits=0, stereo=False, units='height', useFBO=True, useRetina=False, viewOri=0.0, viewPos=None, viewScale=None, waitBlanking=True, winType='pyglet')
7.3968 	EXP 	window1: mouseVisible = True
7.3968 	EXP 	window1: mouseVisible = False
7.3968 	EXP 	window1: Attempting to measure frame rate of screen (0) ...
7.3969 	EXP 	window1: recordFrameIntervals = False
7.5640 	EXP 	window1: recordFrameIntervals = True
7.7479 	EXP 	Screen (0) actual frame rate measured at 60.02Hz
7.7479 	EXP 	window1: recordFrameIntervals = False
9.3718 	INFO 	keyboard.Keyboard is using iohub backend.
9.4136 	EXP 	Created grating = GratingStim(__class__=<class 'psychopy.visual.grating.GratingStim'>, anchor='center', autoDraw=False, autoLog=True, blendmode='avg', color=array([1, 1, 1]), colorSpace='rgb', contrast=1.0, depth=-1.0, interpolate=True, mask=None, maskParams=None, name='grating', opacity=1.0, ori=0.0, phase=array([0., 0.]), pos=array([0., 0.]), rgbPedestal=array([0., 0., 0.]), sf=array([1., 1.]), size=array([0.5, 0.5]), tex='sin', texRes=128.0, units='height', win=Window(...))
9.4139 	EXP 	Created sequence: random, trialTypes=1, nReps=3, seed=None
9.4140 	EXP 	New trial (rep=0, index=0): None
9.4392 	EXP 	grating: autoDraw = True
9.4392 	EXP 	grating: tex = 'sin'
10.4458 	EXP 	grating: autoDraw = False
14.3316 	DATA 	joystick_0_button: 1, pos=(-0.0438,-0.0586)
14.3332 	EXP 	New trial (rep=1, index=0): None
14.3481 	EXP 	grating: autoDraw = False
14.3481 	EXP 	grating: autoDraw = True
14.3816 	DATA 	joystick_0_button: 0, pos=(-0.0438,-0.0703)
14.3826 	EXP 	New trial (rep=2, index=0): None
14.3984 	EXP 	grating: autoDraw = False
14.3984 	EXP 	grating: autoDraw = True
14.4483 	DATA 	joystick_0_button: 2, pos=(-0.0563,-0.0430)
14.4648 	EXP 	grating: autoDraw = False
14.4662 	INFO 	saved data to 'C:\\Users\\cnl\\Desktop\\remy\\dani\\PEAC\\data/047867_untitled_2022-10-18_18h17.22.153.csv'
14.4670 	INFO 	saved data to C:\Users\cnl\Desktop\remy\dani\PEAC\data/047867_untitled_2022-10-18_18h17.22.153.psydat
14.4812 	EXP 	window1: mouseVisible = True
