1.6380 	WARNING 	We strongly recommend you activate the PTB sound engine in PsychoPy prefs as the preferred audio engine. Its timing is vastly superior. Your prefs are currently set to use ['sounddevice', 'PTB', 'pyo', 'pygame'] (in that order).
6.6799 	INFO 	Loaded monitor calibration from ['2022_04_05 13:47']
7.6576 	EXP 	Created window1 = Window(allowGUI=True, allowStencil=False, autoLog=True, backendConf=UNKNOWN, bitsMode=UNKNOWN, blendMode='avg', bpc=(8, 8, 8), color=array([0, 0, 0]), colorSpace='rgb', depthBits=8, fullscr=<method-wrapper '__getattribute__' of attributeSetter object at 0x00000299A912C340>, gamma=None, gammaErrorPolicy='raise', lms=UNKNOWN, monitor=<psychopy.monitors.calibTools.Monitor object at 0x00000299AE01A820>, multiSample=False, name='window1', numSamples=2, pos=(103, -1050), screen=0, size=array([1680, 1050]), stencilBits=0, stereo=False, units='height', useFBO=True, useRetina=False, viewOri=0.0, viewPos=None, viewScale=None, waitBlanking=True, winType='pyglet')
7.6577 	EXP 	window1: mouseVisible = True
7.6578 	EXP 	window1: mouseVisible = False
7.6578 	EXP 	window1: Attempting to measure frame rate of screen (0) ...
7.6578 	EXP 	window1: recordFrameIntervals = False
7.8239 	EXP 	window1: recordFrameIntervals = True
8.0084 	EXP 	Screen (0) actual frame rate measured at 59.86Hz
8.0085 	EXP 	window1: recordFrameIntervals = False
9.6172 	INFO 	keyboard.Keyboard is using iohub backend.
9.6633 	EXP 	Created grating = GratingStim(__class__=<class 'psychopy.visual.grating.GratingStim'>, anchor='center', autoDraw=False, autoLog=True, blendmode='avg', color=array([1, 1, 1]), colorSpace='rgb', contrast=1.0, depth=-1.0, interpolate=True, mask=None, maskParams=None, name='grating', opacity=1.0, ori=0.0, phase=array([0., 0.]), pos=array([0., 0.]), rgbPedestal=array([0., 0., 0.]), sf=array([1., 1.]), size=array([0.5, 0.5]), tex='sin', texRes=128.0, units='height', win=Window(...))
9.6636 	EXP 	Created sequence: random, trialTypes=1, nReps=3, seed=None
9.6637 	EXP 	New trial (rep=0, index=0): None
9.6884 	EXP 	grating: autoDraw = True
9.6884 	EXP 	grating: tex = 'sin'
10.6908 	EXP 	grating: autoDraw = False
16.7083 	DATA 	joystick_0_button: 0, pos=(0.3302,-0.0000)
16.7156 	EXP 	New trial (rep=1, index=0): None
16.7235 	EXP 	grating: autoDraw = False
16.7235 	EXP 	grating: autoDraw = True
17.7239 	EXP 	grating: autoDraw = False
21.7244 	DATA 	joystick_0_button: 0, pos=(-0.0875,0.0159)
21.7324 	EXP 	New trial (rep=2, index=0): None
21.7408 	EXP 	grating: autoDraw = False
21.7408 	EXP 	grating: autoDraw = True
22.7409 	EXP 	grating: autoDraw = False
22.8577 	DATA 	joystick_0_button: 0, pos=(0.4254,-0.1094)
22.8742 	EXP 	grating: autoDraw = False
22.8876 	INFO 	saved data to 'C:\\Users\\cnl\\Desktop\\remy\\dani\\PEAC\\data/302731_untitled_2022-10-18_18h32.38.116.csv'
22.8923 	INFO 	saved data to C:\Users\cnl\Desktop\remy\dani\PEAC\data/302731_untitled_2022-10-18_18h32.38.116.psydat
22.9040 	EXP 	window1: mouseVisible = True
