1.3926 	WARNING 	We strongly recommend you activate the PTB sound engine in PsychoPy prefs as the preferred audio engine. Its timing is vastly superior. Your prefs are currently set to use ['sounddevice', 'PTB', 'pyo', 'pygame'] (in that order).
7.5670 	INFO 	Loaded monitor calibration from ['2022_04_05 13:47']
8.5485 	EXP 	Created window1 = Window(allowGUI=True, allowStencil=False, autoLog=True, backendConf=UNKNOWN, bitsMode=UNKNOWN, blendMode='avg', bpc=(8, 8, 8), color=array([0, 0, 0]), colorSpace='rgb', depthBits=8, fullscr=<method-wrapper '__getattribute__' of attributeSetter object at 0x0000020BE629C2E0>, gamma=None, gammaErrorPolicy='raise', lms=UNKNOWN, monitor=<psychopy.monitors.calibTools.Monitor object at 0x0000020BEB195790>, multiSample=False, name='window1', numSamples=2, pos=(103, -1050), screen=0, size=array([1680, 1050]), stencilBits=0, stereo=False, units='height', useFBO=True, useRetina=False, viewOri=0.0, viewPos=None, viewScale=None, waitBlanking=True, winType='pyglet')
8.5487 	EXP 	window1: mouseVisible = True
8.5489 	EXP 	window1: mouseVisible = False
8.5489 	EXP 	window1: Attempting to measure frame rate of screen (0) ...
8.5489 	EXP 	window1: recordFrameIntervals = False
8.7137 	EXP 	window1: recordFrameIntervals = True
8.8980 	EXP 	Screen (0) actual frame rate measured at 59.92Hz
8.8981 	EXP 	window1: recordFrameIntervals = False
10.5043 	INFO 	keyboard.Keyboard is using iohub backend.
10.5476 	EXP 	Created grating = GratingStim(__class__=<class 'psychopy.visual.grating.GratingStim'>, anchor='center', autoDraw=False, autoLog=True, blendmode='avg', color=array([1, 1, 1]), colorSpace='rgb', contrast=1.0, depth=-1.0, interpolate=True, mask=None, maskParams=None, name='grating', opacity=1.0, ori=0.0, phase=array([0., 0.]), pos=array([0., 0.]), rgbPedestal=array([0., 0., 0.]), sf=array([1., 1.]), size=array([0.5, 0.5]), tex='sin', texRes=128.0, units='height', win=Window(...))
10.5479 	EXP 	Created sequence: random, trialTypes=1, nReps=3, seed=None
10.5480 	EXP 	New trial (rep=0, index=0): None
10.5481 	DATA 	xpos = 0.0, ypos = 0.0, time=3.29003669321537e-05
10.5731 	EXP 	grating: autoDraw = True
10.5731 	EXP 	grating: tex = 'sin'
10.5733 	DATA 	xpos = 0.0, ypos = 0.0, time=0.025176099967211485
10.5794 	DATA 	xpos = 0.21588464179446093, ypos = -7.629510948348184e-06, time=0.031303500290960073
10.5969 	DATA 	xpos = 0.21588464179446093, ypos = -7.629510948348184e-06, time=0.04875410022214055
10.6136 	DATA 	xpos = 0.21588464179446093, ypos = -0.011726558327611214, time=0.06551010021939874
10.6304 	DATA 	xpos = 0.21588464179446093, ypos = -0.042977035172045486, time=0.08229569997638464
10.6459 	DATA 	xpos = 0.15873044937819483, ypos = -0.05860227359426262, time=0.09786010021343827
10.6628 	DATA 	xpos = 0.12064393072404052, ypos = -0.06641489280537116, time=0.1146924002096057
10.6792 	DATA 	xpos = 0.0762096589608607, ypos = -0.0820401312275883, time=0.13109510019421577
10.6961 	DATA 	xpos = 0.0063599603265430465, ypos = -0.1093842984664683, time=0.14804300013929605
10.7128 	DATA 	xpos = -0.018762493324177943, ypos = -0.14063477531090257, time=0.1647485001012683
10.7300 	DATA 	xpos = -0.1562645914396887, ypos = -0.1562600137331197, time=0.1819041003473103
10.7466 	DATA 	xpos = -0.23751583123521788, ypos = -0.1836041809719997, time=0.19853900000452995
10.7633 	DATA 	xpos = -0.33751735713740755, ypos = -0.20704203860532538, time=0.21519420016556978
10.7799 	DATA 	xpos = -0.40624399176012815, ypos = -0.23829251544975966, time=0.2317832000553608
10.7967 	DATA 	xpos = -0.4749950408178836, ypos = -0.2812466620889601, time=0.24861850030720234
10.8134 	DATA 	xpos = -0.5749965667200733, ypos = -0.30468451972228583, time=0.26525040017440915
10.8301 	DATA 	xpos = -0.6062470435645075, ypos = -0.31249713893339437, time=0.2819571001455188
10.8467 	DATA 	xpos = -0.6312474250400549, ypos = -0.31249713893339437, time=0.298581900075078
10.8634 	DATA 	xpos = -0.6312474250400549, ypos = -0.31249713893339437, time=0.31526080006733537
10.8800 	DATA 	xpos = -0.6312474250400549, ypos = -0.27343404287785156, time=0.3318835003301501
10.8967 	DATA 	xpos = -0.5749965667200733, ypos = -0.23829251544975966, time=0.34859100030735135
10.9134 	DATA 	xpos = -0.5499961852445259, ypos = -0.19141680018310825, time=0.36530370032414794
10.9300 	DATA 	xpos = -0.5187457084000916, ypos = -0.1640726329442283, time=0.3819178002886474
10.9466 	DATA 	xpos = -0.5187457084000916, ypos = -0.1171969176775769, time=0.3985186000354588
10.9634 	DATA 	xpos = -0.43749446860456254, ypos = -0.06641489280537116, time=0.41529890010133386
10.9800 	DATA 	xpos = -0.38126802471961546, ypos = -0.003913939116502618, time=0.43185369996353984
10.9966 	DATA 	xpos = -0.3250171663996338, ypos = 0.0595330739299611, time=0.44851440005004406
11.0134 	DATA 	xpos = -0.2000152590218967, ypos = 0.15476462958724346, time=0.46524729998782277
11.0300 	DATA 	xpos = -0.08751354238193337, ypos = 0.21825741969939727, time=0.4818885000422597
11.0467 	DATA 	xpos = -1.2207217517357094e-05, ypos = 0.2976195925841154, time=0.49857630021870136
11.0633 	DATA 	xpos = 0.08890516517891207, ypos = 0.3174563210498207, time=0.5151856001466513
11.0801 	DATA 	xpos = 0.13333943694209208, ypos = 0.353177691309987, time=0.5319626000709832
11.0966 	DATA 	xpos = 0.15873044937819483, ypos = 0.353177691309987, time=0.5484689003787935
11.1133 	DATA 	xpos = 0.19049362935835817, ypos = 0.353177691309987, time=0.565242700278759
11.1300 	DATA 	xpos = 0.20318913557640955, ypos = 0.3055542839703975, time=0.581841700244695
11.1467 	DATA 	xpos = 0.20318913557640955, ypos = 0.2698481727321279, time=0.598598400130868
11.1633 	DATA 	xpos = 0.20318913557640955, ypos = 0.21032272831311516, time=0.6151935001835227
11.1800 	DATA 	xpos = 0.13333943694209208, ypos = 0.13889524681467913, time=0.6318644001148641
11.1967 	DATA 	xpos = 0.08890516517891207, ypos = 0.09523918516823071, time=0.6486061001196504
11.2133 	DATA 	xpos = -0.00626230258640419, ypos = -7.629510948348184e-06, time=0.6652138000354171
11.2299 	DATA 	xpos = -0.16876478217746246, ypos = -0.06641489280537116, time=0.6818055999465287
11.2467 	DATA 	xpos = -0.28126649881742577, ypos = -0.1093842984664683, time=0.6985375001095235
11.2634 	DATA 	xpos = -0.3937682154573892, ypos = -0.1562600137331197, time=0.7153209000825882
11.2800 	DATA 	xpos = -0.4937453269245442, ypos = -0.1836041809719997, time=0.7318762000650167
11.2966 	DATA 	xpos = -0.587496757457847, ypos = -0.19922941939421684, time=0.7485365001484752
11.3127 	DATA 	xpos = -0.674998092622263, ypos = -0.20704203860532538, time=0.7645630002953112
11.3294 	DATA 	xpos = -0.7312489509422446, ypos = -0.20704203860532538, time=0.7812827001325786
11.3459 	DATA 	xpos = -0.7687495231555658, ypos = -0.17188525215533684, time=0.7978479000739753
11.3628 	DATA 	xpos = -0.7874998092622264, ypos = -0.14844739452201117, time=0.8147546001709998
11.3802 	DATA 	xpos = -0.8, ypos = -0.10157167925535976, time=0.8321131002157927
11.3970 	DATA 	xpos = -0.8, ypos = -0.003913939116502618, time=0.84890460036695
11.4135 	DATA 	xpos = -0.7437491416800184, ypos = 0.0595330739299611, time=0.8654247000813484
11.4302 	DATA 	xpos = -0.6874982833600367, ypos = 0.13096055542839702, time=0.8820613003335893
11.4468 	DATA 	xpos = -0.6062470435645075, ypos = 0.18255130846112766, time=0.8986996002495289
11.4635 	DATA 	xpos = -0.5187457084000916, ypos = 0.2539787899595636, time=0.915385200176388
11.4802 	DATA 	xpos = -0.40624399176012815, ypos = 0.3055542839703975, time=0.9320604000240564
11.4969 	DATA 	xpos = -0.2937666895551995, ypos = 0.3333409628442817, time=0.9487800002098083
11.5135 	DATA 	xpos = -0.2000152590218967, ypos = 0.3611123826962692, time=0.9653565003536642
11.5302 	DATA 	xpos = -0.10001373311970703, ypos = 0.3611123826962692, time=0.982111300341785
11.5469 	DATA 	xpos = -0.00626230258640419, ypos = 0.3333409628442817, time=0.9987453003413975
11.5636 	DATA 	xpos = 0.05079423208972305, ypos = 0.3055542839703975, time=1.0154639002867043
11.5799 	EXP 	grating: autoDraw = False
11.5802 	DATA 	xpos = 0.10160067139696345, ypos = 0.2698481727321279, time=1.0320663000456989
11.5969 	DATA 	xpos = 0.13333943694209208, ypos = 0.18255130846112766, time=1.04875130020082
11.6134 	DATA 	xpos = 0.15873044937819483, ypos = 0.13096055542839702, time=1.06527390005067
11.6301 	DATA 	xpos = 0.15873044937819483, ypos = 0.08333714808880754, time=1.0820071999914944
11.6469 	DATA 	xpos = 0.15873044937819483, ypos = -7.629510948348184e-06, time=1.098782300017774
11.6636 	DATA 	xpos = 0.10160067139696345, ypos = -0.042977035172045486, time=1.1155046001076698
11.6801 	DATA 	xpos = 0.06351415274280914, ypos = -0.09375906004425116, time=1.1319969003088772
11.6968 	DATA 	xpos = 0.0063599603265430465, ypos = -0.14063477531090257, time=1.1487210001796484
11.7137 	DATA 	xpos = -0.018762493324177943, ypos = -0.1836041809719997, time=1.1655840002931654
11.7302 	DATA 	xpos = -0.1312642099641413, ypos = -0.20704203860532538, time=1.182079200167209
11.7468 	DATA 	xpos = -0.2000152590218967, ypos = -0.23829251544975966, time=1.1986863003112376
11.7634 	DATA 	xpos = -0.2687663080796521, ypos = -0.2812466620889601, time=1.2153302002698183
11.7802 	DATA 	xpos = -0.3687678339818418, ypos = -0.2812466620889601, time=1.2320496002212167
11.7968 	DATA 	xpos = -0.4937453269245442, ypos = -0.2812466620889601, time=1.2486791000701487
11.8135 	DATA 	xpos = -0.587496757457847, ypos = -0.23829251544975966, time=1.265393600333482
11.8303 	DATA 	xpos = -0.6624979018844892, ypos = -0.21485465781643398, time=1.2821585000492632
11.8468 	DATA 	xpos = -0.7312489509422446, ypos = -0.17188525215533684, time=1.2987159001640975
11.8635 	DATA 	xpos = -0.7874998092622264, ypos = -0.1171969176775769, time=1.3153564999811351
11.8802 	DATA 	xpos = -0.8, ypos = -0.05860227359426262, time=1.3320614001713693
11.8969 	DATA 	xpos = -0.8, ypos = -0.003913939116502618, time=1.3487500003539026
11.9135 	DATA 	xpos = -0.8, ypos = 0.06746776531624321, time=1.3654224001802504
11.9303 	DATA 	xpos = -0.8, ypos = 0.13096055542839702, time=1.38221239997074
11.9457 	DATA 	xpos = -0.8, ypos = 0.18255130846112766, time=1.3976434003561735
11.9627 	DATA 	xpos = -0.7437491416800184, ypos = 0.2619134813458457, time=1.41457589995116
11.9803 	DATA 	xpos = -0.6874982833600367, ypos = 0.3055542839703975, time=1.4321986003778875
11.9971 	DATA 	xpos = -0.5624963759822995, ypos = 0.3611123826962692, time=1.4490205999463797
12.0127 	DATA 	xpos = -0.4937453269245442, ypos = 0.36904707408255133, time=1.4645846001803875
12.0293 	DATA 	xpos = -0.43749446860456254, ypos = 0.36904707408255133, time=1.4811911000870168
12.0460 	DATA 	xpos = -0.3250171663996338, ypos = 0.34127565423056383, time=1.4979563001543283
12.0627 	DATA 	xpos = -0.22501564049744413, ypos = 0.3174563210498207, time=1.5146397002972662
12.0795 	DATA 	xpos = -0.11251392385748078, ypos = 0.2817502098115511, time=1.5314106000587344
12.0967 	DATA 	xpos = -1.2207217517357094e-05, ypos = 0.2341268024719615, time=1.548617800232023
12.1138 	DATA 	xpos = 0.10160067139696345, ypos = 0.18255130846112766, time=1.565656099934131
12.1304 	DATA 	xpos = 0.17145037003128094, ypos = 0.13096055542839702, time=1.5822821003384888
12.1471 	DATA 	xpos = 0.22858014801251247, ypos = 0.09523918516823071, time=1.5989701002836227
12.1627 	DATA 	xpos = 0.2730144197756923, ypos = 0.01587701228351268, time=1.6145898001268506
12.1792 	DATA 	xpos = 0.2730144197756923, ypos = -0.011726558327611214, time=1.6311097000725567
12.1959 	DATA 	xpos = 0.2730144197756923, ypos = -0.06641489280537116, time=1.6477848999202251
12.2125 	DATA 	xpos = 0.19049362935835817, ypos = -0.1093842984664683, time=1.6644327002577484
12.2293 	DATA 	xpos = 0.12064393072404052, ypos = -0.1562600137331197, time=1.6812346000224352
12.2461 	DATA 	xpos = -1.2207217517357094e-05, ypos = -0.19141680018310825, time=1.6980304000899196
12.2626 	DATA 	xpos = -0.11251392385748078, ypos = -0.20704203860532538, time=1.714541300199926
12.2794 	DATA 	xpos = -0.22501564049744413, ypos = -0.22266727702754252, time=1.7313505001366138
12.2962 	DATA 	xpos = -0.3250171663996338, ypos = -0.22266727702754252, time=1.7480764002539217
12.3126 	DATA 	xpos = -0.40624399176012815, ypos = -0.1836041809719997, time=1.7645495999604464
12.3293 	DATA 	joystick_0_button: 0, pos=(-0.4750,-0.1641)
12.3293 	DATA 	xpos = -0.4749950408178836, ypos = -0.1640726329442283, time=1.7812065002508461
12.3311 	EXP 	New trial (rep=1, index=0): None
12.3312 	DATA 	xpos = -0.4749950408178836, ypos = -0.1640726329442283, time=2.569984644651413e-05
12.3458 	EXP 	grating: autoDraw = False
12.3458 	EXP 	grating: autoDraw = True
12.3459 	DATA 	xpos = -0.5624963759822995, ypos = -0.12500953688868544, time=0.014755399897694588
12.3626 	DATA 	xpos = -0.6062470435645075, ypos = -0.07422751201647976, time=0.03144440008327365
12.3791 	DATA 	xpos = -0.6312474250400549, ypos = -0.011726558327611214, time=0.0479954001493752
12.3961 	DATA 	xpos = -0.6437476157778287, ypos = 0.03969634546425571, time=0.06492169992998242
12.4129 	DATA 	xpos = -0.6437476157778287, ypos = 0.11112382696269174, time=0.08174119982868433
12.4302 	DATA 	xpos = -0.5187457084000916, ypos = 0.17460135805294885, time=0.09900490008294582
12.4470 	DATA 	xpos = -0.40624399176012815, ypos = 0.20238803692683294, time=0.11578750004991889
12.4640 	DATA 	xpos = -0.3250171663996338, ypos = 0.22619211108567938, time=0.13280839985236526
12.4803 	DATA 	xpos = -0.2000152590218967, ypos = 0.2341268024719615, time=0.14908589981496334
12.4969 	DATA 	xpos = -0.056263065537499025, ypos = 0.24602883955138477, time=0.16574539989233017
12.5137 	DATA 	xpos = 0.03175097276264598, ypos = 0.24602883955138477, time=0.18248100019991398
12.5303 	DATA 	xpos = 0.13333943694209208, ypos = 0.19048599984740977, time=0.19914880022406578
12.5468 	DATA 	xpos = 0.20318913557640955, ypos = 0.14682993820096135, time=0.21566220000386238
12.5636 	DATA 	xpos = 0.2603189135576409, ypos = 0.11112382696269174, time=0.23244989989325404
12.5803 	DATA 	xpos = 0.2730144197756923, ypos = 0.07540245670252532, time=0.24912399984896183
12.5968 	DATA 	xpos = 0.22858014801251247, ypos = -0.011726558327611214, time=0.265669799875468
12.6132 	DATA 	xpos = 0.20318913557640955, ypos = -0.06641489280537116, time=0.28202039981260896
12.6294 	DATA 	xpos = 0.13333943694209208, ypos = -0.1171969176775769, time=0.2982113999314606
12.6461 	DATA 	xpos = 0.0762096589608607, ypos = -0.1640726329442283, time=0.3149100001901388
12.6625 	DATA 	xpos = -1.2207217517357094e-05, ypos = -0.19141680018310825, time=0.3313656998798251
12.6794 	DATA 	xpos = -0.11251392385748078, ypos = -0.23047989623865112, time=0.3483029999770224
12.6963 	DATA 	xpos = -0.21251544975967046, ypos = -0.23829251544975966, time=0.3651307998225093
12.7131 	DATA 	xpos = -0.31251697566186015, ypos = -0.24610513466086825, time=0.38198830001056194
12.7298 	DATA 	xpos = -0.3937682154573892, ypos = -0.24610513466086825, time=0.3986757998354733
12.7465 	DATA 	xpos = -0.4624948500801098, ypos = -0.24610513466086825, time=0.41527310013771057
12.7632 	DATA 	xpos = -0.5312458991378652, ypos = -0.1836041809719997, time=0.43202830012887716
12.7798 	DATA 	xpos = -0.6062470435645075, ypos = -0.1562600137331197, time=0.4486830998212099
12.7965 	DATA 	xpos = -0.6312474250400549, ypos = -0.10157167925535976, time=0.4653449999168515
12.8131 	DATA 	xpos = -0.674998092622263, ypos = -0.003913939116502618, time=0.48197490023449063
12.8298 	DATA 	xpos = -0.674998092622263, ypos = 0.0595330739299611, time=0.4986494998447597
12.8465 	DATA 	xpos = -0.6187472343022813, ypos = 0.11905851834897385, time=0.5153382997959852
12.8631 	DATA 	xpos = -0.5624963759822995, ypos = 0.18255130846112766, time=0.5319433999247849
12.8799 	DATA 	xpos = -0.4937453269245442, ypos = 0.24602883955138477, time=0.5487227002158761
12.8965 	DATA 	xpos = -0.3937682154573892, ypos = 0.2976195925841154, time=0.5653197001665831
12.9131 	DATA 	xpos = -0.28126649881742577, ypos = 0.3174563210498207, time=0.5819502999074757
12.9298 	DATA 	xpos = -0.16876478217746246, ypos = 0.3254062714579995, time=0.5986442002467811
12.9465 	DATA 	xpos = -1.2207217517357094e-05, ypos = 0.3254062714579995, time=0.6153648002073169
12.9631 	DATA 	xpos = 0.10160067139696345, ypos = 0.3254062714579995, time=0.6319639999419451
12.9799 	DATA 	xpos = 0.20318913557640955, ypos = 0.2896849011978332, time=0.6486991001293063
12.9964 	DATA 	xpos = 0.2730144197756923, ypos = 0.24602883955138477, time=0.6652846001088619
13.0131 	DATA 	xpos = 0.3682551308461127, ypos = 0.13889524681467913, time=0.6819452000781894
13.0298 	DATA 	xpos = 0.38095063706416427, ypos = 0.08333714808880754, time=0.6986352000385523
13.0465 	DATA 	xpos = 0.31112535286488135, ypos = -7.629510948348184e-06, time=0.7153189000673592
13.0632 	DATA 	xpos = 0.2730144197756923, ypos = -0.05860227359426262, time=0.7320111999288201
13.0797 	DATA 	xpos = 0.20318913557640955, ypos = -0.13282215609979403, time=0.7485398999415338
13.0966 	DATA 	xpos = 0.10160067139696345, ypos = -0.1836041809719997, time=0.765414800029248
13.1131 	DATA 	xpos = 0.0063599603265430465, ypos = -0.23829251544975966, time=0.781991200055927
13.1298 	DATA 	xpos = -0.11251392385748078, ypos = -0.28905928130006864, time=0.7986560999415815
13.1465 	DATA 	xpos = -0.22501564049744413, ypos = -0.3359349965667201, time=0.8153610001318157
13.1632 	DATA 	xpos = -0.35001754787518125, ypos = -0.34374761577782864, time=0.8320264997892082
13.1798 	DATA 	xpos = -0.43749446860456254, ypos = -0.3554665445944915, time=0.8486363999545574
13.1965 	DATA 	xpos = -0.5187457084000916, ypos = -0.3554665445944915, time=0.8653151001781225
13.2131 	DATA 	xpos = -0.6312474250400549, ypos = -0.29687190051117723, time=0.8819746999070048
13.2298 	DATA 	xpos = -0.6874982833600367, ypos = -0.23829251544975966, time=0.8986470000818372
13.2464 	DATA 	joystick_0_button: 0, pos=(-0.7312,-0.1836)
13.2465 	DATA 	xpos = -0.7312489509422446, ypos = -0.1836041809719997, time=0.9153587999753654
13.2505 	EXP 	New trial (rep=2, index=0): None
13.2507 	DATA 	xpos = -0.7312489509422446, ypos = -0.1836041809719997, time=7.819989696145058e-05
13.2630 	EXP 	grating: autoDraw = False
13.2630 	EXP 	grating: autoDraw = True
13.2633 	DATA 	xpos = -0.7437491416800184, ypos = -0.14063477531090257, time=0.012614599894732237
13.2799 	DATA 	xpos = -0.7437491416800184, ypos = -0.0820401312275883, time=0.029209000058472157
13.2965 	DATA 	xpos = -0.7437491416800184, ypos = -0.019539177538719754, time=0.04582209978252649
13.3125 	DATA 	xpos = -0.6312474250400549, ypos = 0.01587701228351268, time=0.06191409984603524
13.3294 	DATA 	xpos = -0.5312458991378652, ypos = 0.08333714808880754, time=0.07873270008713007
13.3462 	DATA 	xpos = -0.40624399176012815, ypos = 0.11905851834897385, time=0.09553659986704588
13.3631 	DATA 	xpos = -0.28126649881742577, ypos = 0.13889524681467913, time=0.11248009977862239
13.3797 	DATA 	xpos = -0.1562645914396887, ypos = 0.15476462958724346, time=0.12906969990581274
13.3963 	DATA 	xpos = -1.2207217517357094e-05, ypos = 0.16666666666666663, time=0.14564709970727563
13.4130 	DATA 	xpos = 0.13333943694209208, ypos = 0.16666666666666663, time=0.16233590012416244
13.4297 	DATA 	xpos = 0.2730144197756923, ypos = 0.11905851834897385, time=0.1790323001332581
13.4464 	DATA 	xpos = 0.35555962462806134, ypos = 0.09523918516823071, time=0.19576320005580783
13.4631 	DATA 	xpos = 0.40001831082627604, ypos = 0.05159838254367899, time=0.21243650000542402
13.4797 	DATA 	xpos = 0.4127138170443274, ypos = -7.629510948348184e-06, time=0.22904099989682436
13.4964 	DATA 	xpos = 0.4127138170443274, ypos = -0.042977035172045486, time=0.24572409968823195
13.5130 	DATA 	xpos = 0.4127138170443274, ypos = -0.0820401312275883, time=0.26236219983547926
13.5297 	DATA 	xpos = 0.4127138170443274, ypos = -0.12500953688868544, time=0.27902609994634986
13.5463 	DATA 	xpos = 0.35555962462806134, ypos = -0.17188525215533684, time=0.29563229996711016
13.5630 	DATA 	xpos = 0.29842984664683, ypos = -0.19141680018310825, time=0.31236839992925525
13.5796 	DATA 	xpos = 0.2603189135576409, ypos = -0.23829251544975966, time=0.3289910997264087
13.5963 	DATA 	xpos = 0.19049362935835817, ypos = -0.2812466620889601, time=0.34567639976739883
13.6130 	DATA 	xpos = 0.0762096589608607, ypos = -0.3203097581445029, time=0.36235589999705553
13.6297 	DATA 	xpos = -0.00626230258640419, ypos = -0.3359349965667201, time=0.37902210000902414
13.6463 	DATA 	xpos = -0.16876478217746246, ypos = -0.34374761577782864, time=0.39568630000576377
13.6631 	DATA 	xpos = -0.2687663080796521, ypos = -0.3554665445944915, time=0.41242869989946485
13.6796 	DATA 	xpos = -0.38126802471961546, ypos = -0.3554665445944915, time=0.4290008000098169
13.6964 	DATA 	xpos = -0.4624948500801098, ypos = -0.3203097581445029, time=0.44575929967686534
13.7131 	DATA 	xpos = -0.5187457084000916, ypos = -0.2812466620889601, time=0.462417199742049
13.7297 	DATA 	xpos = -0.5749965667200733, ypos = -0.23047989623865112, time=0.47903369972482324
13.7463 	DATA 	xpos = -0.6062470435645075, ypos = -0.17188525215533684, time=0.4956876998767257
13.7630 	DATA 	xpos = -0.6312474250400549, ypos = -0.1171969176775769, time=0.5123993000015616
13.7798 	DATA 	xpos = -0.6437476157778287, ypos = -0.05860227359426262, time=0.5291444999165833
13.7963 	DATA 	xpos = -0.6437476157778287, ypos = -7.629510948348184e-06, time=0.545626699924469
13.8130 	DATA 	xpos = -0.5624963759822995, ypos = 0.07540245670252532, time=0.5623806999064982
13.8297 	DATA 	xpos = -0.43749446860456254, ypos = 0.16666666666666663, time=0.5790824997238815
13.8464 	DATA 	xpos = -0.35001754787518125, ypos = 0.2341268024719615, time=0.5957176997326314
13.8630 	DATA 	joystick_0_button: 0, pos=(-0.2125,0.2976)
13.8631 	DATA 	xpos = -0.21251544975967046, ypos = 0.2976195925841154, time=0.6124355001375079
13.8796 	EXP 	grating: autoDraw = False
13.8865 	INFO 	saved data to 'C:\\Users\\cnl\\Desktop\\remy\\dani\\PEAC\\data/379721_untitled_2022-10-18_18h52.37.042.csv'
13.8914 	INFO 	saved data to C:\Users\cnl\Desktop\remy\dani\PEAC\data/379721_untitled_2022-10-18_18h52.37.042.psydat
13.9070 	EXP 	window1: mouseVisible = True
