1.5961 	WARNING 	We strongly recommend you activate the PTB sound engine in PsychoPy prefs as the preferred audio engine. Its timing is vastly superior. Your prefs are currently set to use ['sounddevice', 'PTB', 'pyo', 'pygame'] (in that order).
6.0122 	INFO 	Loaded monitor calibration from ['2022_04_05 13:47']
6.9919 	EXP 	Created window1 = Window(allowGUI=True, allowStencil=False, autoLog=True, backendConf=UNKNOWN, bitsMode=UNKNOWN, blendMode='avg', bpc=(8, 8, 8), color=array([0, 0, 0]), colorSpace='rgb', depthBits=8, fullscr=<method-wrapper '__getattribute__' of attributeSetter object at 0x000001455C7DC190>, gamma=None, gammaErrorPolicy='raise', lms=UNKNOWN, monitor=<psychopy.monitors.calibTools.Monitor object at 0x000001455FB4A6A0>, multiSample=False, name='window1', numSamples=2, pos=(103, -1050), screen=0, size=array([1680, 1050]), stencilBits=0, stereo=False, units='height', useFBO=True, useRetina=False, viewOri=0.0, viewPos=None, viewScale=None, waitBlanking=True, winType='pyglet')
6.9922 	EXP 	window1: mouseVisible = True
6.9923 	EXP 	window1: mouseVisible = False
6.9924 	EXP 	window1: Attempting to measure frame rate of screen (0) ...
6.9924 	EXP 	window1: recordFrameIntervals = False
7.1576 	EXP 	window1: recordFrameIntervals = True
7.3413 	EXP 	Screen (0) actual frame rate measured at 59.46Hz
7.3413 	EXP 	window1: recordFrameIntervals = False
8.9684 	INFO 	keyboard.Keyboard is using iohub backend.
9.0155 	EXP 	Created grating = GratingStim(__class__=<class 'psychopy.visual.grating.GratingStim'>, anchor='center', autoDraw=False, autoLog=True, blendmode='avg', color=array([1, 1, 1]), colorSpace='rgb', contrast=1.0, depth=-1.0, interpolate=True, mask=None, maskParams=None, name='grating', opacity=1.0, ori=0.0, phase=array([0., 0.]), pos=array([0., 0.]), rgbPedestal=array([0., 0., 0.]), sf=array([1., 1.]), size=array([0.5, 0.5]), tex='sin', texRes=128.0, units='height', win=Window(...))
9.0158 	EXP 	Created sequence: random, trialTypes=1, nReps=3, seed=None
9.0159 	EXP 	New trial (rep=0, index=0): None
9.0412 	EXP 	grating: autoDraw = True
9.0412 	EXP 	grating: tex = 'sin'
10.0295 	EXP 	New trial (rep=1, index=0): None
10.0401 	EXP 	grating: autoDraw = False
10.0401 	EXP 	grating: autoDraw = True
11.0271 	EXP 	New trial (rep=2, index=0): None
11.0400 	EXP 	grating: autoDraw = False
11.0400 	EXP 	grating: autoDraw = True
12.0397 	EXP 	grating: autoDraw = False
12.0445 	INFO 	saved data to 'C:\\Users\\cnl\\Desktop\\remy\\dani\\PEAC\\data/550667_untitled_2022-10-18_18h56.54.260.csv'
12.0490 	INFO 	saved data to C:\Users\cnl\Desktop\remy\dani\PEAC\data/550667_untitled_2022-10-18_18h56.54.260.psydat
12.0650 	EXP 	window1: mouseVisible = True
