1.4023 	WARNING 	We strongly recommend you activate the PTB sound engine in PsychoPy prefs as the preferred audio engine. Its timing is vastly superior. Your prefs are currently set to use ['sounddevice', 'PTB', 'pyo', 'pygame'] (in that order).
5.8570 	INFO 	Loaded monitor calibration from ['2022_04_05 13:47']
6.8302 	EXP 	Created window1 = Window(allowGUI=True, allowStencil=False, autoLog=True, backendConf=UNKNOWN, bitsMode=UNKNOWN, blendMode='avg', bpc=(8, 8, 8), color=array([0, 0, 0]), colorSpace='rgb', depthBits=8, fullscr=<method-wrapper '__getattribute__' of attributeSetter object at 0x00000229B5D7D2B0>, gamma=None, gammaErrorPolicy='raise', lms=UNKNOWN, monitor=<psychopy.monitors.calibTools.Monitor object at 0x00000229BAB817C0>, multiSample=False, name='window1', numSamples=2, pos=(103, -1050), screen=0, size=array([1680, 1050]), stencilBits=0, stereo=False, units='height', useFBO=True, useRetina=False, viewOri=0.0, viewPos=None, viewScale=None, waitBlanking=True, winType='pyglet')
6.8305 	EXP 	window1: mouseVisible = True
6.8306 	EXP 	window1: mouseVisible = False
6.8306 	EXP 	window1: Attempting to measure frame rate of screen (0) ...
6.8306 	EXP 	window1: recordFrameIntervals = False
6.9942 	EXP 	window1: recordFrameIntervals = True
7.1792 	EXP 	Screen (0) actual frame rate measured at 59.67Hz
7.1793 	EXP 	window1: recordFrameIntervals = False
8.8065 	INFO 	keyboard.Keyboard is using iohub backend.
8.8497 	EXP 	Created grating = GratingStim(__class__=<class 'psychopy.visual.grating.GratingStim'>, anchor='center', autoDraw=False, autoLog=True, blendmode='avg', color=array([1, 1, 1]), colorSpace='rgb', contrast=1.0, depth=-1.0, interpolate=True, mask=None, maskParams=None, name='grating', opacity=1.0, ori=0.0, phase=array([0., 0.]), pos=array([0., 0.]), rgbPedestal=array([0., 0., 0.]), sf=array([1., 1.]), size=array([0.5, 0.5]), tex='sin', texRes=128.0, units='height', win=Window(...))
8.8500 	EXP 	Created sequence: random, trialTypes=1, nReps=3, seed=None
8.8501 	EXP 	New trial (rep=0, index=0): None
8.8749 	EXP 	grating: autoDraw = True
8.8749 	EXP 	grating: tex = 'sin'
9.8778 	EXP 	grating: autoDraw = False
15.3612 	DATA 	joystick_0_button: 0, pos=(-0.5187,0.0595)
15.3674 	EXP 	New trial (rep=1, index=0): None
15.3777 	EXP 	grating: autoDraw = False
15.3777 	EXP 	grating: autoDraw = True
16.3446 	DATA 	joystick_0_button: 0, pos=(0.6603,0.0754)
16.3501 	EXP 	New trial (rep=2, index=0): None
16.3612 	EXP 	grating: autoDraw = False
16.3612 	EXP 	grating: autoDraw = True
16.9446 	DATA 	joystick_0_button: 0, pos=(-0.7312,-0.1484)
16.9611 	EXP 	grating: autoDraw = False
16.9736 	INFO 	saved data to 'C:\\Users\\cnl\\Desktop\\remy\\dani\\PEAC\\data/605458_untitled_2022-10-18_18h37.46.042.csv'
16.9776 	INFO 	saved data to C:\Users\cnl\Desktop\remy\dani\PEAC\data/605458_untitled_2022-10-18_18h37.46.042.psydat
16.9904 	EXP 	window1: mouseVisible = True
