0.5289 	WARNING 	We strongly recommend you activate the PTB sound engine in PsychoPy prefs as the preferred audio engine. Its timing is vastly superior. Your prefs are currently set to use ['sounddevice', 'PTB', 'pyo', 'pygame'] (in that order).
4.4239 	WARNING 	Couldn't measure a consistent frame rate.
  - Is your graphics card set to sync to vertical blank?
  - Are you running other processes on your computer?

4.4248 	EXP 	Created window1 = Window(allowGUI=False, allowStencil=False, autoLog=True, backendConf=UNKNOWN, bitsMode=UNKNOWN, blendMode='avg', bpc=(8, 8, 8), color=array([0, 0, 0]), colorSpace='rgb', depthBits=8, fullscr=<method-wrapper '__getattribute__' of attributeSetter object at 0x7f97f9f48828>, gamma=None, gammaErrorPolicy='raise', lms=UNKNOWN, monitor=<psychopy.monitors.calibTools.Monitor object at 0x7f97cb335e10>, multiSample=False, name='window1', numSamples=2, pos=[432.0, 279.25], screen=0, size=array([3456, 2234]), stencilBits=0, stereo=False, units='height', useFBO=True, useRetina=True, viewOri=0.0, viewPos=None, viewScale=None, waitBlanking=True, winType='pyglet')
4.4252 	EXP 	window1: mouseVisible = True
4.4253 	EXP 	window1: recordFrameIntervals = False
4.5081 	EXP 	window1: recordFrameIntervals = True
5.3458 	WARNING 	Couldn't measure a consistent frame rate.
  - Is your graphics card set to sync to vertical blank?
  - Are you running other processes on your computer?

5.6918 	EXP 	Created WelcomeText = TextStim(__class__=<class 'psychopy.visual.text.TextStim'>, alignHoriz=method-wrapper(...), alignText='center', alignVert=method-wrapper(...), anchorHoriz='center', anchorVert='center', antialias=True, autoLog=True, bold=False, color=array([1., 1., 1.]), colorSpace='rgb', contrast=1.0, depth=-1.0, flipHoriz=False, flipVert=False, font='Open Sans', fontFiles=[], height=0.1, italic=False, languageStyle='LTR', name='WelcomeText', opacity=1, ori=0.0, pos=array([0., 0.]), rgb=UNKNOWN, text='Press space bar to continue.', units='height', win=Window(...), wrapWidth=1)
5.7272 	EXP 	Created ConsentText = TextStim(__class__=<class 'psychopy.visual.text.TextStim'>, alignHoriz=method-wrapper(...), alignText='center', alignVert=method-wrapper(...), anchorHoriz='center', anchorVert='center', antialias=True, autoLog=True, bold=False, color=array([1., 1., 1.]), colorSpace='rgb', contrast=1.0, depth=-1.0, flipHoriz=False, flipVert=False, font='Open Sans', fontFiles=[], height=0.1, italic=False, languageStyle='LTR', name='ConsentText', opacity=1, ori=0.0, pos=array([0., 0.]), rgb=UNKNOWN, text='Press space bar to continue.', units='height', win=Window(...), wrapWidth=1)
5.7625 	EXP 	Created InstructionText = TextStim(__class__=<class 'psychopy.visual.text.TextStim'>, alignHoriz=method-wrapper(...), alignText='center', alignVert=method-wrapper(...), anchorHoriz='center', anchorVert='center', antialias=True, autoLog=True, bold=False, color=array([1., 1., 1.]), colorSpace='rgb', contrast=1.0, depth=-1.0, flipHoriz=False, flipVert=False, font='Open Sans', fontFiles=[], height=0.1, italic=False, languageStyle='LTR', name='InstructionText', opacity=1, ori=0.0, pos=array([0., 0.]), rgb=UNKNOWN, text='Press space bar to continue.', units='height', win=Window(...), wrapWidth=1)
5.7633 	EXP 	Created text = TextStim(__class__=<class 'psychopy.visual.text.TextStim'>, alignHoriz=method-wrapper(...), alignText='center', alignVert=method-wrapper(...), anchorHoriz='center', anchorVert='center', antialias=True, autoLog=True, bold=False, color=array([1., 1., 1.]), colorSpace='rgb', contrast=1.0, depth=0.0, flipHoriz=False, flipVert=False, font='Open Sans', fontFiles=[], height=0.1, italic=False, languageStyle='LTR', name='text', opacity=1, ori=0.0, pos=array([0., 0.]), rgb=UNKNOWN, text='', units='height', win=Window(...), wrapWidth=1)
5.7997 	EXP 	Created image = ImageStim(__class__=<class 'psychopy.visual.image.ImageStim'>, autoLog=True, color=array([1., 1., 1.]), colorSpace='rgb', contrast=1.0, depth=0.0, flipHoriz=False, flipVert=False, image='sin', interpolate=True, mask=None, maskParams=None, name='image', opacity=1, ori=0.0, pos=array([0., 0.]), size=array([0.5, 0.5]), texRes=128.0, units='height', win=Window(...))
5.8046 	WARNING 	t of last frame was 459.32ms (=1/2)
5.8046 	EXP 	WelcomeText: autoDraw = True
6.4296 	DATA 	Keypress: space
6.4346 	EXP 	WelcomeText: autoDraw = False
6.4346 	EXP 	ConsentText: autoDraw = True
6.9925 	DATA 	Keypress: space
6.9969 	EXP 	ConsentText: autoDraw = False
6.9969 	EXP 	InstructionText: autoDraw = True
7.9874 	EXP 	InstructionText: autoDraw = False
10.4431 	EXP 	Imported words_stimuli.xlsx as conditions, 5 conditions, 2 params
10.4444 	EXP 	Created sequence: sequential, trialTypes=5, nReps=1, seed=None
10.4449 	EXP 	New trial (rep=0, index=0): {'WordItem': 'A', 'WordColor': 'green'}
10.4545 	DATA 	Keypress: space
10.4584 	WARNING 	t of last frame was 30.69ms (=1/32)
10.4584 	EXP 	InstructionText: autoDraw = False
10.4584 	EXP 	text: text = 'A'
10.4584 	EXP 	text: autoDraw = True
12.4338 	EXP 	New trial (rep=0, index=1): {'WordItem': 'D', 'WordColor': 'blue'}
12.4441 	EXP 	text: autoDraw = False
12.4441 	EXP 	text: text = 'D'
12.4441 	EXP 	text: autoDraw = True
14.4302 	EXP 	New trial (rep=0, index=2): {'WordItem': 'asdf', 'WordColor': 'blue'}
14.4442 	EXP 	text: autoDraw = False
14.4442 	EXP 	text: autoDraw = False
14.4442 	EXP 	text: text = 'asdf'
14.4442 	EXP 	text: autoDraw = True
16.4366 	EXP 	New trial (rep=0, index=3): {'WordItem': 'asdfdfasdf', 'WordColor': 'green'}
16.4470 	EXP 	text: autoDraw = False
16.4470 	EXP 	text: text = 'asdfdfasdf'
16.4470 	EXP 	text: autoDraw = True
18.3237 	WARNING 	t of last frame was 20.74ms (=1/48)
18.4331 	EXP 	New trial (rep=0, index=4): {'WordItem': 'SDF', 'WordColor': 'green'}
18.4430 	EXP 	text: autoDraw = False
18.4430 	EXP 	text: autoDraw = False
18.4430 	EXP 	text: text = 'SDF'
18.4430 	EXP 	text: autoDraw = True
20.4447 	EXP 	Imported ImageTests.xlsx as conditions, 2 conditions, 1 params
20.4491 	EXP 	Created sequence: random, trialTypes=2, nReps=1, seed=None
20.4495 	EXP 	New trial (rep=0, index=0): {'ImageFile': 'Psych 397-1/Images/Acorns 1.jpg'}
20.4498 	DEPRECATION 	Couldn't find image Psych 397-1/Images/Acorns 1.jpg; check path? (tried: /Users/danizhang/Desktop/Psych 397-1/Psych 397-1/Images/Acorns 1.jpg)
20.4750 	EXP 	window1: mouseVisible = True
