0.5178 	WARNING 	We strongly recommend you activate the PTB sound engine in PsychoPy prefs as the preferred audio engine. Its timing is vastly superior. Your prefs are currently set to use ['sounddevice', 'PTB', 'pyo', 'pygame'] (in that order).
4.5466 	WARNING 	Couldn't measure a consistent frame rate.
  - Is your graphics card set to sync to vertical blank?
  - Are you running other processes on your computer?

4.5473 	EXP 	Created window1 = Window(allowGUI=False, allowStencil=False, autoLog=True, backendConf=UNKNOWN, bitsMode=UNKNOWN, blendMode='avg', bpc=(8, 8, 8), color=array([0, 0, 0]), colorSpace='rgb', depthBits=8, fullscr=<method-wrapper '__getattribute__' of attributeSetter object at 0x7fd03ca42c18>, gamma=None, gammaErrorPolicy='raise', lms=UNKNOWN, monitor=<psychopy.monitors.calibTools.Monitor object at 0x7fd03b1bae10>, multiSample=False, name='window1', numSamples=2, pos=[432.0, 279.25], screen=0, size=array([3456, 2234]), stencilBits=0, stereo=False, units='height', useFBO=True, useRetina=True, viewOri=0.0, viewPos=None, viewScale=None, waitBlanking=True, winType='pyglet')
4.5476 	EXP 	window1: mouseVisible = True
4.5477 	EXP 	window1: recordFrameIntervals = False
4.6311 	EXP 	window1: recordFrameIntervals = True
5.4701 	WARNING 	Couldn't measure a consistent frame rate.
  - Is your graphics card set to sync to vertical blank?
  - Are you running other processes on your computer?

5.7783 	EXP 	Created WelcomeText = TextStim(__class__=<class 'psychopy.visual.text.TextStim'>, alignHoriz=method-wrapper(...), alignText='center', alignVert=method-wrapper(...), anchorHoriz='center', anchorVert='center', antialias=True, autoLog=True, bold=False, color=array([1., 1., 1.]), colorSpace='rgb', contrast=1.0, depth=-1.0, flipHoriz=False, flipVert=False, font='Open Sans', fontFiles=[], height=0.1, italic=False, languageStyle='LTR', name='WelcomeText', opacity=1, ori=0.0, pos=array([0., 0.]), rgb=UNKNOWN, text='Press space bar to continue.', units='height', win=Window(...), wrapWidth=1)
5.8075 	EXP 	Created ConsentText = TextStim(__class__=<class 'psychopy.visual.text.TextStim'>, alignHoriz=method-wrapper(...), alignText='center', alignVert=method-wrapper(...), anchorHoriz='center', anchorVert='center', antialias=True, autoLog=True, bold=False, color=array([1., 1., 1.]), colorSpace='rgb', contrast=1.0, depth=-1.0, flipHoriz=False, flipVert=False, font='Open Sans', fontFiles=[], height=0.1, italic=False, languageStyle='LTR', name='ConsentText', opacity=1, ori=0.0, pos=array([0., 0.]), rgb=UNKNOWN, text='Press space bar to continue.', units='height', win=Window(...), wrapWidth=1)
5.8364 	EXP 	Created InstructionText = TextStim(__class__=<class 'psychopy.visual.text.TextStim'>, alignHoriz=method-wrapper(...), alignText='center', alignVert=method-wrapper(...), anchorHoriz='center', anchorVert='center', antialias=True, autoLog=True, bold=False, color=array([1., 1., 1.]), colorSpace='rgb', contrast=1.0, depth=-1.0, flipHoriz=False, flipVert=False, font='Open Sans', fontFiles=[], height=0.1, italic=False, languageStyle='LTR', name='InstructionText', opacity=1, ori=0.0, pos=array([0., 0.]), rgb=UNKNOWN, text='Press space bar to continue.', units='height', win=Window(...), wrapWidth=1)
5.8371 	EXP 	Created text = TextStim(__class__=<class 'psychopy.visual.text.TextStim'>, alignHoriz=method-wrapper(...), alignText='center', alignVert=method-wrapper(...), anchorHoriz='center', anchorVert='center', antialias=True, autoLog=True, bold=False, color=array([1., 1., 1.]), colorSpace='rgb', contrast=1.0, depth=0.0, flipHoriz=False, flipVert=False, font='Open Sans', fontFiles=[], height=0.1, italic=False, languageStyle='LTR', name='text', opacity=1, ori=0.0, pos=array([0., 0.]), rgb=UNKNOWN, text='', units='height', win=Window(...), wrapWidth=1)
5.8758 	WARNING 	t of last frame was 406.03ms (=1/2)
5.8758 	EXP 	WelcomeText: autoDraw = True
6.5329 	DATA 	Keypress: space
6.5380 	EXP 	WelcomeText: autoDraw = False
6.5380 	EXP 	ConsentText: autoDraw = True
7.5263 	EXP 	ConsentText: autoDraw = False
7.5880 	DATA 	Keypress: space
7.5925 	EXP 	ConsentText: autoDraw = False
7.5925 	EXP 	InstructionText: autoDraw = True
8.5902 	EXP 	InstructionText: autoDraw = False
11.2587 	EXP 	Imported words_stimuli.xlsx as conditions, 5 conditions, 2 params
11.2611 	EXP 	Created sequence: sequential, trialTypes=5, nReps=1, seed=None
11.2616 	EXP 	New trial (rep=0, index=0): {'WordItem': 'A', 'WordColor': 'green'}
11.2778 	DATA 	Keypress: space
11.2817 	WARNING 	t of last frame was 39.72ms (=1/25)
11.2817 	EXP 	InstructionText: autoDraw = False
11.2817 	EXP 	text: text = 'A'
11.2817 	EXP 	text: autoDraw = True
13.2439 	EXP 	New trial (rep=0, index=1): {'WordItem': 'D', 'WordColor': 'blue'}
13.2536 	EXP 	text: autoDraw = False
13.2536 	EXP 	text: text = 'D'
13.2536 	EXP 	text: autoDraw = True
15.2491 	EXP 	New trial (rep=0, index=2): {'WordItem': 'asdf', 'WordColor': 'blue'}
15.2629 	EXP 	text: autoDraw = False
15.2629 	EXP 	text: text = 'asdf'
15.2629 	EXP 	text: autoDraw = True
16.1433 	DATA 	Keypress: escape
16.2603 	EXP 	window1: mouseVisible = True
