0.5913 	WARNING 	We strongly recommend you activate the PTB sound engine in PsychoPy prefs as the preferred audio engine. Its timing is vastly superior. Your prefs are currently set to use ['sounddevice', 'PTB', 'pyo', 'pygame'] (in that order).
4.3569 	WARNING 	Couldn't measure a consistent frame rate.
  - Is your graphics card set to sync to vertical blank?
  - Are you running other processes on your computer?

4.3576 	EXP 	Created window1 = Window(allowGUI=False, allowStencil=False, autoLog=True, backendConf=UNKNOWN, bitsMode=UNKNOWN, blendMode='avg', bpc=(8, 8, 8), color=array([0, 0, 0]), colorSpace='rgb', depthBits=8, fullscr=<method-wrapper '__getattribute__' of attributeSetter object at 0x7fcd13a0fa20>, gamma=None, gammaErrorPolicy='raise', lms=UNKNOWN, monitor=<psychopy.monitors.calibTools.Monitor object at 0x7fcd12b48470>, multiSample=False, name='window1', numSamples=2, pos=[432.0, 279.25], screen=0, size=array([3456, 2234]), stencilBits=0, stereo=False, units='height', useFBO=True, useRetina=True, viewOri=0.0, viewPos=None, viewScale=None, waitBlanking=True, winType='pyglet')
4.3579 	EXP 	window1: mouseVisible = True
4.3580 	EXP 	window1: recordFrameIntervals = False
4.4409 	EXP 	window1: recordFrameIntervals = True
5.2738 	WARNING 	Couldn't measure a consistent frame rate.
  - Is your graphics card set to sync to vertical blank?
  - Are you running other processes on your computer?

5.6264 	EXP 	Created WelcomeText = TextStim(__class__=<class 'psychopy.visual.text.TextStim'>, alignHoriz=method-wrapper(...), alignText='center', alignVert=method-wrapper(...), anchorHoriz='center', anchorVert='center', antialias=True, autoLog=True, bold=False, color=array([1., 1., 1.]), colorSpace='rgb', contrast=1.0, depth=-1.0, flipHoriz=False, flipVert=False, font='Open Sans', fontFiles=[], height=0.05, italic=False, languageStyle='LTR', name='WelcomeText', opacity=1, ori=0.0, pos=array([0., 0.]), rgb=UNKNOWN, text=str(...), units='height', win=Window(...), wrapWidth=1)
5.6275 	EXP 	Created text_2 = TextStim(__class__=<class 'psychopy.visual.text.TextStim'>, alignHoriz=method-wrapper(...), alignText='center', alignVert=method-wrapper(...), anchorHoriz='center', anchorVert='center', antialias=True, autoLog=True, bold=False, color=array([1., 1., 1.]), colorSpace='rgb', contrast=1.0, depth=0.0, flipHoriz=False, flipVert=False, font='Open Sans', fontFiles=[], height=0.1, italic=False, languageStyle='LTR', name='text_2', opacity=1, ori=0.0, pos=array([0., 0.]), rgb=UNKNOWN, text='', units='height', win=Window(...), wrapWidth=1)
5.6741 	EXP 	Created ConsentText = TextStim(__class__=<class 'psychopy.visual.text.TextStim'>, alignHoriz=method-wrapper(...), alignText='center', alignVert=method-wrapper(...), anchorHoriz='center', anchorVert='center', antialias=True, autoLog=True, bold=False, color=array([1., 1., 1.]), colorSpace='rgb', contrast=1.0, depth=-1.0, flipHoriz=False, flipVert=False, font='Open Sans', fontFiles=[], height=0.05, italic=False, languageStyle='LTR', name='ConsentText', opacity=1, ori=0.0, pos=array([0., 0.]), rgb=UNKNOWN, text=str(...), units='height', win=Window(...), wrapWidth=1)
5.6751 	EXP 	Created text_2 = TextStim(__class__=<class 'psychopy.visual.text.TextStim'>, alignHoriz=method-wrapper(...), alignText='center', alignVert=method-wrapper(...), anchorHoriz='center', anchorVert='center', antialias=True, autoLog=True, bold=False, color=array([1., 1., 1.]), colorSpace='rgb', contrast=1.0, depth=0.0, flipHoriz=False, flipVert=False, font='Open Sans', fontFiles=[], height=0.1, italic=False, languageStyle='LTR', name='text_2', opacity=1, ori=0.0, pos=array([0., 0.]), rgb=UNKNOWN, text='', units='height', win=Window(...), wrapWidth=1)
5.7136 	EXP 	Created InstructionText = TextStim(__class__=<class 'psychopy.visual.text.TextStim'>, alignHoriz=method-wrapper(...), alignText='center', alignVert=method-wrapper(...), anchorHoriz='center', anchorVert='center', antialias=True, autoLog=True, bold=False, color=array([1., 1., 1.]), colorSpace='rgb', contrast=1.0, depth=-1.0, flipHoriz=False, flipVert=False, font='Open Sans', fontFiles=[], height=0.05, italic=False, languageStyle='LTR', name='InstructionText', opacity=1, ori=0.0, pos=array([0., 0.]), rgb=UNKNOWN, text=str(...), units='height', win=Window(...), wrapWidth=1)
5.7567 	EXP 	Created text_7 = TextStim(__class__=<class 'psychopy.visual.text.TextStim'>, alignHoriz=method-wrapper(...), alignText='center', alignVert=method-wrapper(...), anchorHoriz='center', anchorVert='center', antialias=True, autoLog=True, bold=False, color=array([1., 1., 1.]), colorSpace='rgb', contrast=1.0, depth=-1.0, flipHoriz=False, flipVert=False, font='Open Sans', fontFiles=[], height=0.05, italic=False, languageStyle='LTR', name='text_7', opacity=1, ori=0.0, pos=array([0., 0.]), rgb=UNKNOWN, text=str(...), units='height', win=Window(...), wrapWidth=1)
5.7576 	EXP 	Created text_2 = TextStim(__class__=<class 'psychopy.visual.text.TextStim'>, alignHoriz=method-wrapper(...), alignText='center', alignVert=method-wrapper(...), anchorHoriz='center', anchorVert='center', antialias=True, autoLog=True, bold=False, color=array([1., 1., 1.]), colorSpace='rgb', contrast=1.0, depth=0.0, flipHoriz=False, flipVert=False, font='Open Sans', fontFiles=[], height=0.1, italic=False, languageStyle='LTR', name='text_2', opacity=1, ori=0.0, pos=array([0., 0.]), rgb=UNKNOWN, text='', units='height', win=Window(...), wrapWidth=1)
5.7656 	EXP 	Created text_4 = TextStim(__class__=<class 'psychopy.visual.text.TextStim'>, alignHoriz=method-wrapper(...), alignText='center', alignVert=method-wrapper(...), anchorHoriz='center', anchorVert='center', antialias=True, autoLog=True, bold=False, color=array([1., 1., 1.]), colorSpace='rgb', contrast=1.0, depth=0.0, flipHoriz=False, flipVert=False, font='Open Sans', fontFiles=[], height=0.05, italic=False, languageStyle='LTR', name='text_4', opacity=1, ori=0.0, pos=array([0., 0.]), rgb=UNKNOWN, text=str(...), units='height', win=Window(...), wrapWidth=1)
5.7974 	EXP 	Created image = ImageStim(__class__=<class 'psychopy.visual.image.ImageStim'>, autoLog=True, color=array([1., 1., 1.]), colorSpace='rgb', contrast=1.0, depth=0.0, flipHoriz=False, flipVert=False, image='sin', interpolate=True, mask=None, maskParams=None, name='image', opacity=1, ori=0.0, pos=array([0., 0.]), size=array([0.5, 0.5]), texRes=128.0, units='height', win=Window(...))
5.8257 	EXP 	Created text_2 = TextStim(__class__=<class 'psychopy.visual.text.TextStim'>, alignHoriz=method-wrapper(...), alignText='center', alignVert=method-wrapper(...), anchorHoriz='center', anchorVert='center', antialias=True, autoLog=True, bold=False, color=array([1., 1., 1.]), colorSpace='rgb', contrast=1.0, depth=0.0, flipHoriz=False, flipVert=False, font='Open Sans', fontFiles=[], height=0.1, italic=False, languageStyle='LTR', name='text_2', opacity=1, ori=0.0, pos=array([0., 0.]), rgb=UNKNOWN, text='', units='height', win=Window(...), wrapWidth=1)
5.8346 	EXP 	Created text_6 = TextStim(__class__=<class 'psychopy.visual.text.TextStim'>, alignHoriz=method-wrapper(...), alignText='center', alignVert=method-wrapper(...), anchorHoriz='center', anchorVert='center', antialias=True, autoLog=True, bold=False, color=array([1., 1., 1.]), colorSpace='rgb', contrast=1.0, depth=0.0, flipHoriz=False, flipVert=False, font='Open Sans', fontFiles=[], height=0.05, italic=False, languageStyle='LTR', name='text_6', opacity=1, ori=0.0, pos=array([0., 0.]), rgb=UNKNOWN, text=str(...), units='height', win=Window(...), wrapWidth=1)
5.8650 	EXP 	Created image_2 = ImageStim(__class__=<class 'psychopy.visual.image.ImageStim'>, autoLog=True, color=array([1., 1., 1.]), colorSpace='rgb', contrast=1.0, depth=0.0, flipHoriz=False, flipVert=False, image='sin', interpolate=True, mask=None, maskParams=None, name='image_2', opacity=1, ori=0.0, pos=array([0., 0.]), size=array([0.5, 0.5]), texRes=128.0, units='height', win=Window(...))
5.8932 	EXP 	Created text_2 = TextStim(__class__=<class 'psychopy.visual.text.TextStim'>, alignHoriz=method-wrapper(...), alignText='center', alignVert=method-wrapper(...), anchorHoriz='center', anchorVert='center', antialias=True, autoLog=True, bold=False, color=array([1., 1., 1.]), colorSpace='rgb', contrast=1.0, depth=0.0, flipHoriz=False, flipVert=False, font='Open Sans', fontFiles=[], height=0.1, italic=False, languageStyle='LTR', name='text_2', opacity=1, ori=0.0, pos=array([0., 0.]), rgb=UNKNOWN, text='', units='height', win=Window(...), wrapWidth=1)
5.9011 	EXP 	Created text_5 = TextStim(__class__=<class 'psychopy.visual.text.TextStim'>, alignHoriz=method-wrapper(...), alignText='center', alignVert=method-wrapper(...), anchorHoriz='center', anchorVert='center', antialias=True, autoLog=True, bold=False, color=array([1., 1., 1.]), colorSpace='rgb', contrast=1.0, depth=0.0, flipHoriz=False, flipVert=False, font='Open Sans', fontFiles=[], height=0.1, italic=False, languageStyle='LTR', name='text_5', opacity=1, ori=0.0, pos=array([0., 0.]), rgb=UNKNOWN, text=str(...), units='height', win=Window(...), wrapWidth=1)
5.9588 	EXP 	Created image_3 = ImageStim(__class__=<class 'psychopy.visual.image.ImageStim'>, autoLog=True, color=array([1., 1., 1.]), colorSpace='rgb', contrast=1.0, depth=-1.0, flipHoriz=False, flipVert=False, image='sin', interpolate=True, mask=None, maskParams=None, name='image_3', opacity=1, ori=0.0, pos=array([0., 0.]), size=array([0.5, 0.5]), texRes=128.0, units='height', win=Window(...))
5.9597 	EXP 	Created text_2 = TextStim(__class__=<class 'psychopy.visual.text.TextStim'>, alignHoriz=method-wrapper(...), alignText='center', alignVert=method-wrapper(...), anchorHoriz='center', anchorVert='center', antialias=True, autoLog=True, bold=False, color=array([1., 1., 1.]), colorSpace='rgb', contrast=1.0, depth=0.0, flipHoriz=False, flipVert=False, font='Open Sans', fontFiles=[], height=0.1, italic=False, languageStyle='LTR', name='text_2', opacity=1, ori=0.0, pos=array([0., 0.]), rgb=UNKNOWN, text='', units='height', win=Window(...), wrapWidth=1)
5.9629 	EXP 	Created text_5 = TextStim(__class__=<class 'psychopy.visual.text.TextStim'>, alignHoriz=method-wrapper(...), alignText='center', alignVert=method-wrapper(...), anchorHoriz='center', anchorVert='center', antialias=True, autoLog=True, bold=False, color=array([1., 1., 1.]), colorSpace='rgb', contrast=1.0, depth=0.0, flipHoriz=False, flipVert=False, font='Open Sans', fontFiles=[], height=0.1, italic=False, languageStyle='LTR', name='text_5', opacity=1, ori=0.0, pos=array([0., 0.]), rgb=UNKNOWN, text=str(...), units='height', win=Window(...), wrapWidth=1)
6.0207 	EXP 	Created image_4 = ImageStim(__class__=<class 'psychopy.visual.image.ImageStim'>, autoLog=True, color=array([1., 1., 1.]), colorSpace='rgb', contrast=1.0, depth=-1.0, flipHoriz=False, flipVert=False, image='sin', interpolate=True, mask=None, maskParams=None, name='image_4', opacity=1, ori=0.0, pos=array([0., 0.]), size=array([0.5, 0.5]), texRes=128.0, units='height', win=Window(...))
6.0216 	EXP 	Created text_2 = TextStim(__class__=<class 'psychopy.visual.text.TextStim'>, alignHoriz=method-wrapper(...), alignText='center', alignVert=method-wrapper(...), anchorHoriz='center', anchorVert='center', antialias=True, autoLog=True, bold=False, color=array([1., 1., 1.]), colorSpace='rgb', contrast=1.0, depth=0.0, flipHoriz=False, flipVert=False, font='Open Sans', fontFiles=[], height=0.1, italic=False, languageStyle='LTR', name='text_2', opacity=1, ori=0.0, pos=array([0., 0.]), rgb=UNKNOWN, text='', units='height', win=Window(...), wrapWidth=1)
6.0247 	EXP 	Created text_5 = TextStim(__class__=<class 'psychopy.visual.text.TextStim'>, alignHoriz=method-wrapper(...), alignText='center', alignVert=method-wrapper(...), anchorHoriz='center', anchorVert='center', antialias=True, autoLog=True, bold=False, color=array([1., 1., 1.]), colorSpace='rgb', contrast=1.0, depth=0.0, flipHoriz=False, flipVert=False, font='Open Sans', fontFiles=[], height=0.1, italic=False, languageStyle='LTR', name='text_5', opacity=1, ori=0.0, pos=array([0., 0.]), rgb=UNKNOWN, text=str(...), units='height', win=Window(...), wrapWidth=1)
6.0823 	EXP 	Created image_5 = ImageStim(__class__=<class 'psychopy.visual.image.ImageStim'>, autoLog=True, color=array([1., 1., 1.]), colorSpace='rgb', contrast=1.0, depth=-1.0, flipHoriz=False, flipVert=False, image='sin', interpolate=True, mask=None, maskParams=None, name='image_5', opacity=1, ori=0.0, pos=array([0., 0.]), size=array([0.5, 0.5]), texRes=128.0, units='height', win=Window(...))
6.0832 	EXP 	Created text_2 = TextStim(__class__=<class 'psychopy.visual.text.TextStim'>, alignHoriz=method-wrapper(...), alignText='center', alignVert=method-wrapper(...), anchorHoriz='center', anchorVert='center', antialias=True, autoLog=True, bold=False, color=array([1., 1., 1.]), colorSpace='rgb', contrast=1.0, depth=0.0, flipHoriz=False, flipVert=False, font='Open Sans', fontFiles=[], height=0.1, italic=False, languageStyle='LTR', name='text_2', opacity=1, ori=0.0, pos=array([0., 0.]), rgb=UNKNOWN, text='', units='height', win=Window(...), wrapWidth=1)
6.0902 	EXP 	Created text_8 = TextStim(__class__=<class 'psychopy.visual.text.TextStim'>, alignHoriz=method-wrapper(...), alignText='center', alignVert=method-wrapper(...), anchorHoriz='center', anchorVert='center', antialias=True, autoLog=True, bold=False, color=array([1., 1., 1.]), colorSpace='rgb', contrast=1.0, depth=0.0, flipHoriz=False, flipVert=False, font='Open Sans', fontFiles=[], height=0.05, italic=False, languageStyle='LTR', name='text_8', opacity=1, ori=0.0, pos=array([0., 0.]), rgb=UNKNOWN, text=str(...), units='height', win=Window(...), wrapWidth=1)
6.1479 	EXP 	Created image_7 = ImageStim(__class__=<class 'psychopy.visual.image.ImageStim'>, autoLog=True, color=array([1., 1., 1.]), colorSpace='rgb', contrast=1.0, depth=-1.0, flipHoriz=False, flipVert=False, image='sin', interpolate=True, mask=None, maskParams=None, name='image_7', opacity=1, ori=0.0, pos=array([0., 0.]), size=array([0.5, 0.5]), texRes=128.0, units='height', win=Window(...))
6.1488 	EXP 	Created text_2 = TextStim(__class__=<class 'psychopy.visual.text.TextStim'>, alignHoriz=method-wrapper(...), alignText='center', alignVert=method-wrapper(...), anchorHoriz='center', anchorVert='center', antialias=True, autoLog=True, bold=False, color=array([1., 1., 1.]), colorSpace='rgb', contrast=1.0, depth=0.0, flipHoriz=False, flipVert=False, font='Open Sans', fontFiles=[], height=0.1, italic=False, languageStyle='LTR', name='text_2', opacity=1, ori=0.0, pos=array([0., 0.]), rgb=UNKNOWN, text='', units='height', win=Window(...), wrapWidth=1)
6.1569 	EXP 	Created text_9 = TextStim(__class__=<class 'psychopy.visual.text.TextStim'>, alignHoriz=method-wrapper(...), alignText='center', alignVert=method-wrapper(...), anchorHoriz='center', anchorVert='center', antialias=True, autoLog=True, bold=False, color=array([1., 1., 1.]), colorSpace='rgb', contrast=1.0, depth=0.0, flipHoriz=False, flipVert=False, font='Open Sans', fontFiles=[], height=0.05, italic=False, languageStyle='LTR', name='text_9', opacity=1, ori=0.0, pos=array([0., 0.]), rgb=UNKNOWN, text=str(...), units='height', win=Window(...), wrapWidth=1)
6.2154 	EXP 	Created image_6 = ImageStim(__class__=<class 'psychopy.visual.image.ImageStim'>, autoLog=True, color=array([1., 1., 1.]), colorSpace='rgb', contrast=1.0, depth=-1.0, flipHoriz=False, flipVert=False, image='sin', interpolate=True, mask=None, maskParams=None, name='image_6', opacity=1, ori=0.0, pos=array([0., 0.]), size=array([0.5, 0.5]), texRes=128.0, units='height', win=Window(...))
6.2163 	EXP 	Created text_2 = TextStim(__class__=<class 'psychopy.visual.text.TextStim'>, alignHoriz=method-wrapper(...), alignText='center', alignVert=method-wrapper(...), anchorHoriz='center', anchorVert='center', antialias=True, autoLog=True, bold=False, color=array([1., 1., 1.]), colorSpace='rgb', contrast=1.0, depth=0.0, flipHoriz=False, flipVert=False, font='Open Sans', fontFiles=[], height=0.1, italic=False, languageStyle='LTR', name='text_2', opacity=1, ori=0.0, pos=array([0., 0.]), rgb=UNKNOWN, text='', units='height', win=Window(...), wrapWidth=1)
6.2468 	EXP 	Created image_8 = ImageStim(__class__=<class 'psychopy.visual.image.ImageStim'>, autoLog=True, color=array([1., 1., 1.]), colorSpace='rgb', contrast=1.0, depth=-1.0, flipHoriz=False, flipVert=False, image='sin', interpolate=True, mask=None, maskParams=None, name='image_8', opacity=1, ori=0.0, pos=array([0., 0.]), size=array([0.5, 0.5]), texRes=128.0, units='height', win=Window(...))
6.2477 	EXP 	Created text_2 = TextStim(__class__=<class 'psychopy.visual.text.TextStim'>, alignHoriz=method-wrapper(...), alignText='center', alignVert=method-wrapper(...), anchorHoriz='center', anchorVert='center', antialias=True, autoLog=True, bold=False, color=array([1., 1., 1.]), colorSpace='rgb', contrast=1.0, depth=0.0, flipHoriz=False, flipVert=False, font='Open Sans', fontFiles=[], height=0.1, italic=False, languageStyle='LTR', name='text_2', opacity=1, ori=0.0, pos=array([0., 0.]), rgb=UNKNOWN, text='', units='height', win=Window(...), wrapWidth=1)
6.2516 	DATA 	Keypress: space
6.2556 	WARNING 	t of last frame was 981.96ms (=1/1)
6.2556 	EXP 	WelcomeText: autoDraw = True
6.7078 	DATA 	Keypress: space
6.7121 	EXP 	WelcomeText: autoDraw = False
6.7121 	EXP 	text_2: autoDraw = True
7.2115 	EXP 	text_2: autoDraw = False
7.2115 	EXP 	ConsentText: autoDraw = True
7.4860 	DATA 	Keypress: space
7.4912 	EXP 	ConsentText: autoDraw = False
7.4912 	EXP 	text_2: autoDraw = True
7.9863 	EXP 	text_2: autoDraw = False
7.9863 	EXP 	text_2: autoDraw = False
7.9863 	EXP 	InstructionText: autoDraw = True
8.3004 	DATA 	Keypress: space
8.3054 	EXP 	InstructionText: autoDraw = False
8.3054 	EXP 	text_7: autoDraw = True
9.0187 	DATA 	Keypress: space
9.0242 	EXP 	text_7: autoDraw = False
9.0242 	EXP 	text_2: autoDraw = True
9.5196 	EXP 	text_2: autoDraw = False
9.5196 	EXP 	text_2: autoDraw = False
9.5196 	EXP 	text_4: autoDraw = True
10.0471 	EXP 	Imported ImagePractices1.xlsx as conditions, 1 conditions, 2 params
10.0481 	EXP 	Created sequence: sequential, trialTypes=1, nReps=1, seed=None
10.0486 	EXP 	New trial (rep=0, index=0): {'ImageFile': 'Images/Goat 1.jpg', 'AnimateInanimate': 1}
10.0708 	DATA 	Keypress: space
10.0741 	WARNING 	t of last frame was 41.45ms (=1/24)
10.0741 	EXP 	text_4: autoDraw = False
10.0741 	EXP 	image: image = 'Images/Goat 1.jpg'
10.0741 	EXP 	image: autoDraw = True
11.0632 	DATA 	Keypress: 1
11.0675 	EXP 	image: autoDraw = False
11.0675 	EXP 	text_2: autoDraw = True
11.5654 	EXP 	text_2: autoDraw = False
11.5654 	EXP 	text_2: autoDraw = False
11.5654 	EXP 	text_6: autoDraw = True
12.5501 	EXP 	Imported ImageTests1.xlsx as conditions, 1 conditions, 4 params
12.5505 	EXP 	Created sequence: random, trialTypes=1, nReps=1, seed=None
12.5508 	EXP 	New trial (rep=0, index=0): {'ImageFile': 'Images/Fire 7.jpg', 'AnimateInanimate': 2, 'ValenceScore': 1.7007, 'Rand': 0.6719101083569338}
12.5584 	DATA 	Keypress: space
12.5615 	WARNING 	t of last frame was 61.25ms (=1/16)
12.5615 	EXP 	text_6: autoDraw = False
12.5615 	EXP 	image_2: image = 'Images/Fire 7.jpg'
12.5615 	EXP 	image_2: autoDraw = True
13.2309 	DATA 	Keypress: 1
13.2345 	EXP 	image_2: autoDraw = False
13.2345 	EXP 	text_2: autoDraw = True
13.7350 	EXP 	text_2: autoDraw = False
13.7350 	EXP 	text_2: autoDraw = False
13.7350 	EXP 	text_5: autoDraw = True
14.2304 	EXP 	Imported ImageTests2.xlsx as conditions, 1 conditions, 4 params
14.2308 	EXP 	Created sequence: random, trialTypes=1, nReps=1, seed=None
14.2312 	EXP 	New trial (rep=0, index=0): {'ImageFile': 'Images/Elephant 1.jpg', 'AnimateInanimate': 1, 'ValenceScore': 5.8272, 'Rand': 0.04936767057029101}
14.2406 	DATA 	Keypress: space
14.2439 	WARNING 	t of last frame was 35.52ms (=1/28)
14.2439 	EXP 	text_5: autoDraw = False
14.2439 	EXP 	image_3: image = 'Images/Elephant 1.jpg'
14.2439 	EXP 	image_3: autoDraw = True
14.8747 	DATA 	Keypress: 1
14.8791 	EXP 	image_3: autoDraw = False
14.8791 	EXP 	text_2: autoDraw = True
15.3744 	EXP 	text_2: autoDraw = False
15.3744 	EXP 	text_2: autoDraw = False
15.3744 	EXP 	text_5: autoDraw = True
15.8165 	EXP 	Imported ImageTests3.xlsx as conditions, 1 conditions, 4 params
15.8170 	EXP 	Created sequence: random, trialTypes=1, nReps=1, seed=None
15.8175 	EXP 	New trial (rep=0, index=0): {'ImageFile': 'Images/Sleepy pose 1.jpg', 'AnimateInanimate': 1, 'ValenceScore': 2.603, 'Rand': 0.943587941998371}
15.8258 	DATA 	Keypress: space
15.8296 	WARNING 	Multiple dropped frames have occurred - I'll stop bothering you about them!
15.8295 	EXP 	text_5: autoDraw = False
15.8295 	EXP 	image_4: image = 'Images/Sleepy pose 1.jpg'
15.8295 	EXP 	image_4: autoDraw = True
16.6048 	DATA 	Keypress: 1
16.6079 	EXP 	image_4: autoDraw = False
16.6079 	EXP 	text_2: autoDraw = True
17.1020 	EXP 	text_2: autoDraw = False
17.1020 	EXP 	text_2: autoDraw = False
17.1020 	EXP 	text_5: autoDraw = True
17.4969 	EXP 	Imported ImageTests4.xlsx as conditions, 1 conditions, 4 params
17.4976 	EXP 	Created sequence: random, trialTypes=1, nReps=1, seed=None
17.4981 	EXP 	New trial (rep=0, index=0): {'ImageFile': 'Images/Dirt 1.jpg', 'AnimateInanimate': 2, 'ValenceScore': 1.6168, 'Rand': 0.7915235630823373}
17.5106 	DATA 	Keypress: space
17.5145 	EXP 	text_5: autoDraw = False
17.5145 	EXP 	image_5: image = 'Images/Dirt 1.jpg'
17.5145 	EXP 	image_5: autoDraw = True
18.1554 	DATA 	Keypress: 1
18.1579 	EXP 	image_5: autoDraw = False
18.1579 	EXP 	text_2: autoDraw = True
18.6550 	EXP 	text_2: autoDraw = False
18.6550 	EXP 	text_2: autoDraw = False
18.6550 	EXP 	text_8: autoDraw = True
19.0448 	EXP 	Created sequence: random, trialTypes=1, nReps=1, seed=None
19.0451 	EXP 	New trial (rep=0, index=0): None
19.0604 	DATA 	Keypress: space
19.0649 	EXP 	text_8: autoDraw = False
19.0649 	EXP 	image_7: image = 'Images/Dirt 1.jpg'
19.0649 	EXP 	image_7: autoDraw = True
20.0031 	DATA 	Keypress: 1
20.0073 	EXP 	image_7: autoDraw = False
20.0073 	EXP 	text_2: autoDraw = True
20.5010 	EXP 	text_2: autoDraw = False
20.5010 	EXP 	text_2: autoDraw = False
20.5010 	EXP 	text_9: autoDraw = True
22.3462 	EXP 	Imported ImageTests1_Reversed.xlsx as conditions, 1 conditions, 4 params
22.3465 	EXP 	Created sequence: random, trialTypes=1, nReps=1, seed=None
22.3468 	EXP 	New trial (rep=0, index=0): {'ImageFile': 'Images/Fire 7.jpg', 'AnimateInanimate': 1, 'ValenceScore': 1.7007, 'Rand': 0.2575505223871397}
22.3534 	DATA 	Keypress: space
22.3566 	EXP 	text_9: autoDraw = False
22.3566 	EXP 	image_6: image = 'Images/Fire 7.jpg'
22.3566 	EXP 	image_6: autoDraw = True
23.0356 	DATA 	Keypress: 1
23.0399 	EXP 	image_6: autoDraw = False
23.0399 	EXP 	text_2: autoDraw = True
23.5460 	EXP 	Imported ImageTests2_Reversed.xlsx as conditions, 20 conditions, 4 params
23.5465 	EXP 	Created sequence: random, trialTypes=20, nReps=1, seed=None
23.5469 	EXP 	New trial (rep=0, index=0): {'ImageFile': 'Images/Bridge 1.jpg', 'AnimateInanimate': 1, 'ValenceScore': 5.9383, 'Rand': 0.7280776864007487}
23.5580 	EXP 	text_2: autoDraw = False
23.5580 	EXP 	text_2: autoDraw = False
23.5580 	EXP 	image_8: image = 'Images/Bridge 1.jpg'
23.5580 	EXP 	image_8: autoDraw = True
24.2888 	DATA 	Keypress: space
25.6904 	DATA 	Keypress: 1
25.6948 	EXP 	image_8: autoDraw = False
25.6948 	EXP 	text_2: autoDraw = True
26.1784 	EXP 	New trial (rep=0, index=1): {'ImageFile': 'Images/Lake 2.jpg', 'AnimateInanimate': 1, 'ValenceScore': 6.3635, 'Rand': 0.6280847881706122}
26.1943 	EXP 	text_2: autoDraw = False
26.1943 	EXP 	text_2: autoDraw = False
26.1943 	EXP 	image_8: image = 'Images/Lake 2.jpg'
26.1943 	EXP 	image_8: autoDraw = True
26.5219 	DATA 	Keypress: 1
26.5263 	EXP 	image_8: autoDraw = False
26.5263 	EXP 	text_2: autoDraw = True
27.0150 	EXP 	New trial (rep=0, index=2): {'ImageFile': 'Images/Lake 12.jpg', 'AnimateInanimate': 1, 'ValenceScore': 6.4088, 'Rand': 0.434259541522947}
27.0317 	EXP 	text_2: autoDraw = False
27.0317 	EXP 	text_2: autoDraw = False
27.0317 	EXP 	image_8: image = 'Images/Lake 12.jpg'
27.0317 	EXP 	image_8: autoDraw = True
27.7375 	DATA 	Keypress: 1
27.7419 	EXP 	image_8: autoDraw = False
27.7419 	EXP 	text_2: autoDraw = True
28.2351 	EXP 	New trial (rep=0, index=3): {'ImageFile': 'Images/Frustrated pose 2.jpg', 'AnimateInanimate': 2, 'ValenceScore': 2.6481, 'Rand': 0.9835247849574866}
28.2504 	EXP 	text_2: autoDraw = False
28.2504 	EXP 	image_8: image = 'Images/Frustrated pose 2.jpg'
28.2504 	EXP 	image_8: autoDraw = True
28.4541 	DATA 	Keypress: 1
28.4585 	EXP 	image_8: autoDraw = False
28.4585 	EXP 	text_2: autoDraw = True
28.6585 	DATA 	Keypress: 1
28.9450 	EXP 	New trial (rep=0, index=4): {'ImageFile': 'Images/Flowers 9.jpg', 'AnimateInanimate': 1, 'ValenceScore': 5.9383, 'Rand': 0.9019314780175947}
28.9607 	EXP 	text_2: autoDraw = False
28.9607 	EXP 	text_2: autoDraw = False
28.9607 	EXP 	image_8: image = 'Images/Flowers 9.jpg'
28.9607 	EXP 	image_8: autoDraw = True
29.2251 	DATA 	Keypress: escape
29.3197 	EXP 	window1: mouseVisible = True
