0.5166 	WARNING 	We strongly recommend you activate the PTB sound engine in PsychoPy prefs as the preferred audio engine. Its timing is vastly superior. Your prefs are currently set to use ['sounddevice', 'PTB', 'pyo', 'pygame'] (in that order).
4.3416 	WARNING 	Couldn't measure a consistent frame rate.
  - Is your graphics card set to sync to vertical blank?
  - Are you running other processes on your computer?

4.3423 	EXP 	Created window1 = Window(allowGUI=False, allowStencil=False, autoLog=True, backendConf=UNKNOWN, bitsMode=UNKNOWN, blendMode='avg', bpc=(8, 8, 8), color=array([0, 0, 0]), colorSpace='rgb', depthBits=8, fullscr=<method-wrapper '__getattribute__' of attributeSetter object at 0x7f89bd712c18>, gamma=None, gammaErrorPolicy='raise', lms=UNKNOWN, monitor=<psychopy.monitors.calibTools.Monitor object at 0x7f89bc3fdda0>, multiSample=False, name='window1', numSamples=2, pos=[432.0, 279.25], screen=0, size=array([3456, 2234]), stencilBits=0, stereo=False, units='height', useFBO=True, useRetina=True, viewOri=0.0, viewPos=None, viewScale=None, waitBlanking=True, winType='pyglet')
4.3427 	EXP 	window1: mouseVisible = True
4.3428 	EXP 	window1: recordFrameIntervals = False
4.4286 	EXP 	window1: recordFrameIntervals = True
5.2615 	WARNING 	Couldn't measure a consistent frame rate.
  - Is your graphics card set to sync to vertical blank?
  - Are you running other processes on your computer?

5.6401 	EXP 	Created WelcomeText = TextStim(__class__=<class 'psychopy.visual.text.TextStim'>, alignHoriz=method-wrapper(...), alignText='center', alignVert=method-wrapper(...), anchorHoriz='center', anchorVert='center', antialias=True, autoLog=True, bold=False, color=array([1., 1., 1.]), colorSpace='rgb', contrast=1.0, depth=-1.0, flipHoriz=False, flipVert=False, font='Open Sans', fontFiles=[], height=0.1, italic=False, languageStyle='LTR', name='WelcomeText', opacity=1, ori=0.0, pos=array([0., 0.]), rgb=UNKNOWN, text=str(...), units='height', win=Window(...), wrapWidth=1)
5.6410 	EXP 	Created text_2 = TextStim(__class__=<class 'psychopy.visual.text.TextStim'>, alignHoriz=method-wrapper(...), alignText='center', alignVert=method-wrapper(...), anchorHoriz='center', anchorVert='center', antialias=True, autoLog=True, bold=False, color=array([1., 1., 1.]), colorSpace='rgb', contrast=1.0, depth=0.0, flipHoriz=False, flipVert=False, font='Open Sans', fontFiles=[], height=0.1, italic=False, languageStyle='LTR', name='text_2', opacity=1, ori=0.0, pos=array([0., 0.]), rgb=UNKNOWN, text='', units='height', win=Window(...), wrapWidth=1)
5.7022 	EXP 	Created ConsentText = TextStim(__class__=<class 'psychopy.visual.text.TextStim'>, alignHoriz=method-wrapper(...), alignText='center', alignVert=method-wrapper(...), anchorHoriz='center', anchorVert='center', antialias=True, autoLog=True, bold=False, color=array([1., 1., 1.]), colorSpace='rgb', contrast=1.0, depth=-1.0, flipHoriz=False, flipVert=False, font='Open Sans', fontFiles=[], height=0.1, italic=False, languageStyle='LTR', name='ConsentText', opacity=1, ori=0.0, pos=array([0., 0.]), rgb=UNKNOWN, text=str(...), units='height', win=Window(...), wrapWidth=1)
5.7031 	EXP 	Created text_2 = TextStim(__class__=<class 'psychopy.visual.text.TextStim'>, alignHoriz=method-wrapper(...), alignText='center', alignVert=method-wrapper(...), anchorHoriz='center', anchorVert='center', antialias=True, autoLog=True, bold=False, color=array([1., 1., 1.]), colorSpace='rgb', contrast=1.0, depth=0.0, flipHoriz=False, flipVert=False, font='Open Sans', fontFiles=[], height=0.1, italic=False, languageStyle='LTR', name='text_2', opacity=1, ori=0.0, pos=array([0., 0.]), rgb=UNKNOWN, text='', units='height', win=Window(...), wrapWidth=1)
5.7763 	EXP 	Created InstructionText = TextStim(__class__=<class 'psychopy.visual.text.TextStim'>, alignHoriz=method-wrapper(...), alignText='center', alignVert=method-wrapper(...), anchorHoriz='center', anchorVert='center', antialias=True, autoLog=True, bold=False, color=array([1., 1., 1.]), colorSpace='rgb', contrast=1.0, depth=-1.0, flipHoriz=False, flipVert=False, font='Open Sans', fontFiles=[], height=0.1, italic=False, languageStyle='LTR', name='InstructionText', opacity=1, ori=0.0, pos=array([0., 0.]), rgb=UNKNOWN, text=str(...), units='height', win=Window(...), wrapWidth=1)
5.7773 	EXP 	Created text_2 = TextStim(__class__=<class 'psychopy.visual.text.TextStim'>, alignHoriz=method-wrapper(...), alignText='center', alignVert=method-wrapper(...), anchorHoriz='center', anchorVert='center', antialias=True, autoLog=True, bold=False, color=array([1., 1., 1.]), colorSpace='rgb', contrast=1.0, depth=0.0, flipHoriz=False, flipVert=False, font='Open Sans', fontFiles=[], height=0.1, italic=False, languageStyle='LTR', name='text_2', opacity=1, ori=0.0, pos=array([0., 0.]), rgb=UNKNOWN, text='', units='height', win=Window(...), wrapWidth=1)
5.7894 	EXP 	Created text_4 = TextStim(__class__=<class 'psychopy.visual.text.TextStim'>, alignHoriz=method-wrapper(...), alignText='center', alignVert=method-wrapper(...), anchorHoriz='center', anchorVert='center', antialias=True, autoLog=True, bold=False, color=array([1., 1., 1.]), colorSpace='rgb', contrast=1.0, depth=0.0, flipHoriz=False, flipVert=False, font='Open Sans', fontFiles=[], height=0.1, italic=False, languageStyle='LTR', name='text_4', opacity=1, ori=0.0, pos=array([0., 0.]), rgb=UNKNOWN, text=str(...), units='height', win=Window(...), wrapWidth=1)
5.8197 	EXP 	Created text_5 = TextStim(__class__=<class 'psychopy.visual.text.TextStim'>, alignHoriz=method-wrapper(...), alignText='center', alignVert=method-wrapper(...), anchorHoriz='center', anchorVert='center', antialias=True, autoLog=True, bold=False, color=array([1., 1., 1.]), colorSpace='rgb', contrast=1.0, depth=0.0, flipHoriz=False, flipVert=False, font='Open Sans', fontFiles=[], height=0.1, italic=False, languageStyle='LTR', name='text_5', opacity=1, ori=0.0, pos=array([0., 0.]), rgb=UNKNOWN, text='Any text\n\nincluding line breaks', units='height', win=Window(...), wrapWidth=1)
5.8477 	EXP 	Created text = TextStim(__class__=<class 'psychopy.visual.text.TextStim'>, alignHoriz=method-wrapper(...), alignText='center', alignVert=method-wrapper(...), anchorHoriz='center', anchorVert='center', antialias=True, autoLog=True, bold=False, color=array([1., 1., 1.]), colorSpace='rgb', contrast=1.0, depth=0.0, flipHoriz=False, flipVert=False, font='Open Sans', fontFiles=[], height=0.1, italic=False, languageStyle='LTR', name='text', opacity=1, ori=0.0, pos=array([0., 0.]), rgb=UNKNOWN, text='', units='height', win=Window(...), wrapWidth=1)
5.8486 	EXP 	Created text_2 = TextStim(__class__=<class 'psychopy.visual.text.TextStim'>, alignHoriz=method-wrapper(...), alignText='center', alignVert=method-wrapper(...), anchorHoriz='center', anchorVert='center', antialias=True, autoLog=True, bold=False, color=array([1., 1., 1.]), colorSpace='rgb', contrast=1.0, depth=0.0, flipHoriz=False, flipVert=False, font='Open Sans', fontFiles=[], height=0.1, italic=False, languageStyle='LTR', name='text_2', opacity=1, ori=0.0, pos=array([0., 0.]), rgb=UNKNOWN, text='', units='height', win=Window(...), wrapWidth=1)
5.8608 	EXP 	Created image = ImageStim(__class__=<class 'psychopy.visual.image.ImageStim'>, autoLog=True, color=array([1., 1., 1.]), colorSpace='rgb', contrast=1.0, depth=0.0, flipHoriz=False, flipVert=False, image='sin', interpolate=True, mask=None, maskParams=None, name='image', opacity=1, ori=0.0, pos=array([0., 0.]), size=array([0.5, 0.5]), texRes=128.0, units='height', win=Window(...))
5.8617 	EXP 	Created text_2 = TextStim(__class__=<class 'psychopy.visual.text.TextStim'>, alignHoriz=method-wrapper(...), alignText='center', alignVert=method-wrapper(...), anchorHoriz='center', anchorVert='center', antialias=True, autoLog=True, bold=False, color=array([1., 1., 1.]), colorSpace='rgb', contrast=1.0, depth=0.0, flipHoriz=False, flipVert=False, font='Open Sans', fontFiles=[], height=0.1, italic=False, languageStyle='LTR', name='text_2', opacity=1, ori=0.0, pos=array([0., 0.]), rgb=UNKNOWN, text='', units='height', win=Window(...), wrapWidth=1)
5.8728 	WARNING 	t of last frame was 611.71ms (=1/1)
5.8728 	EXP 	WelcomeText: autoDraw = True
6.3519 	DATA 	Keypress: space
6.3568 	EXP 	WelcomeText: autoDraw = False
6.3568 	EXP 	text_2: autoDraw = True
6.8556 	EXP 	text_2: autoDraw = False
6.8556 	EXP 	ConsentText: autoDraw = True
7.1786 	DATA 	Keypress: space
7.1829 	EXP 	ConsentText: autoDraw = False
7.1829 	EXP 	text_2: autoDraw = True
7.6796 	EXP 	text_2: autoDraw = False
7.6796 	EXP 	InstructionText: autoDraw = True
7.9644 	DATA 	Keypress: space
7.9685 	EXP 	InstructionText: autoDraw = False
7.9685 	EXP 	text_2: autoDraw = True
8.4695 	EXP 	text_2: autoDraw = False
8.4695 	EXP 	text_4: autoDraw = True
8.9628 	EXP 	Created sequence: random, trialTypes=1, nReps=1, seed=None
8.9633 	EXP 	New trial (rep=0, index=0): None
8.9673 	DATA 	Keypress: space
8.9717 	EXP 	text_4: autoDraw = False
8.9717 	EXP 	text_5: autoDraw = True
10.0337 	EXP 	Imported words_stimuli.xlsx as conditions, 5 conditions, 2 params
10.0344 	EXP 	Created sequence: random, trialTypes=5, nReps=2, seed=None
10.0348 	EXP 	New trial (rep=0, index=0): {'WordItem': 'SDF', 'WordColor': 'green'}
10.0433 	DATA 	Keypress: space
10.0478 	WARNING 	t of last frame was 26.48ms (=1/37)
10.0478 	EXP 	text_5: autoDraw = False
10.0478 	EXP 	text: text = 'SDF'
10.0478 	EXP 	text: autoDraw = True
12.0376 	EXP 	text: autoDraw = False
12.0376 	EXP 	text_2: autoDraw = True
12.5217 	EXP 	New trial (rep=0, index=1): {'WordItem': 'D', 'WordColor': 'blue'}
12.5311 	EXP 	text_2: autoDraw = False
12.5311 	EXP 	text_2: autoDraw = False
12.5311 	EXP 	text: text = 'D'
12.5311 	EXP 	text: autoDraw = True
14.5295 	EXP 	text: autoDraw = False
14.5295 	EXP 	text_2: autoDraw = True
15.0172 	EXP 	New trial (rep=0, index=2): {'WordItem': 'A', 'WordColor': 'green'}
15.0255 	EXP 	text_2: autoDraw = False
15.0255 	EXP 	text_2: autoDraw = False
15.0255 	EXP 	text: text = 'A'
15.0255 	EXP 	text: autoDraw = True
17.0194 	EXP 	text: autoDraw = False
17.0194 	EXP 	text: autoDraw = False
17.0194 	EXP 	text_2: autoDraw = True
17.5138 	EXP 	New trial (rep=0, index=3): {'WordItem': 'asdfdfasdf', 'WordColor': 'green'}
17.5242 	EXP 	text_2: autoDraw = False
17.5242 	EXP 	text_2: autoDraw = False
17.5242 	EXP 	text: text = 'asdfdfasdf'
17.5242 	EXP 	text: autoDraw = True
18.2159 	WARNING 	t of last frame was 21.27ms (=1/47)
19.5199 	EXP 	text: autoDraw = False
19.5199 	EXP 	text: autoDraw = False
19.5199 	EXP 	text_2: autoDraw = True
20.0098 	EXP 	New trial (rep=0, index=4): {'WordItem': 'asdf', 'WordColor': 'blue'}
20.0204 	EXP 	text_2: autoDraw = False
20.0204 	EXP 	text_2: autoDraw = False
20.0204 	EXP 	text: text = 'asdf'
20.0204 	EXP 	text: autoDraw = True
22.0195 	EXP 	text: autoDraw = False
22.0195 	EXP 	text: autoDraw = False
22.0195 	EXP 	text_2: autoDraw = True
22.5068 	EXP 	New trial (rep=1, index=0): {'WordItem': 'SDF', 'WordColor': 'green'}
22.5170 	EXP 	text_2: autoDraw = False
22.5170 	EXP 	text_2: autoDraw = False
22.5170 	EXP 	text: text = 'SDF'
22.5170 	EXP 	text: autoDraw = True
23.4040 	DATA 	Keypress: escape
23.4058 	DATA 	Keypress: quoteleft
23.5018 	EXP 	window1: mouseVisible = True
