0.5221 	WARNING 	We strongly recommend you activate the PTB sound engine in PsychoPy prefs as the preferred audio engine. Its timing is vastly superior. Your prefs are currently set to use ['sounddevice', 'PTB', 'pyo', 'pygame'] (in that order).
4.2629 	WARNING 	Couldn't measure a consistent frame rate.
  - Is your graphics card set to sync to vertical blank?
  - Are you running other processes on your computer?

4.2639 	EXP 	Created window1 = Window(allowGUI=False, allowStencil=False, autoLog=True, backendConf=UNKNOWN, bitsMode=UNKNOWN, blendMode='avg', bpc=(8, 8, 8), color=array([0, 0, 0]), colorSpace='rgb', depthBits=8, fullscr=<method-wrapper '__getattribute__' of attributeSetter object at 0x7fd77a241860>, gamma=None, gammaErrorPolicy='raise', lms=UNKNOWN, monitor=<psychopy.monitors.calibTools.Monitor object at 0x7fd75afd9208>, multiSample=False, name='window1', numSamples=2, pos=[432.0, 279.25], screen=0, size=array([3456, 2234]), stencilBits=0, stereo=False, units='height', useFBO=True, useRetina=True, viewOri=0.0, viewPos=None, viewScale=None, waitBlanking=True, winType='pyglet')
4.2644 	EXP 	window1: mouseVisible = True
4.2645 	EXP 	window1: recordFrameIntervals = False
4.3456 	EXP 	window1: recordFrameIntervals = True
5.1786 	WARNING 	Couldn't measure a consistent frame rate.
  - Is your graphics card set to sync to vertical blank?
  - Are you running other processes on your computer?

5.5269 	EXP 	Created WelcomeText = TextStim(__class__=<class 'psychopy.visual.text.TextStim'>, alignHoriz=method-wrapper(...), alignText='center', alignVert=method-wrapper(...), anchorHoriz='center', anchorVert='center', antialias=True, autoLog=True, bold=False, color=array([1., 1., 1.]), colorSpace='rgb', contrast=1.0, depth=-1.0, flipHoriz=False, flipVert=False, font='Open Sans', fontFiles=[], height=0.1, italic=False, languageStyle='LTR', name='WelcomeText', opacity=1, ori=0.0, pos=array([0., 0.]), rgb=UNKNOWN, text='Press space bar to continue.', units='height', win=Window(...), wrapWidth=1)
5.5564 	EXP 	Created ConsentText = TextStim(__class__=<class 'psychopy.visual.text.TextStim'>, alignHoriz=method-wrapper(...), alignText='center', alignVert=method-wrapper(...), anchorHoriz='center', anchorVert='center', antialias=True, autoLog=True, bold=False, color=array([1., 1., 1.]), colorSpace='rgb', contrast=1.0, depth=-1.0, flipHoriz=False, flipVert=False, font='Open Sans', fontFiles=[], height=0.1, italic=False, languageStyle='LTR', name='ConsentText', opacity=1, ori=0.0, pos=array([0., 0.]), rgb=UNKNOWN, text='Press space bar to continue.', units='height', win=Window(...), wrapWidth=1)
5.5857 	EXP 	Created InstructionText = TextStim(__class__=<class 'psychopy.visual.text.TextStim'>, alignHoriz=method-wrapper(...), alignText='center', alignVert=method-wrapper(...), anchorHoriz='center', anchorVert='center', antialias=True, autoLog=True, bold=False, color=array([1., 1., 1.]), colorSpace='rgb', contrast=1.0, depth=-1.0, flipHoriz=False, flipVert=False, font='Open Sans', fontFiles=[], height=0.1, italic=False, languageStyle='LTR', name='InstructionText', opacity=1, ori=0.0, pos=array([0., 0.]), rgb=UNKNOWN, text='Press space bar to continue.', units='height', win=Window(...), wrapWidth=1)
5.5865 	EXP 	Created text = TextStim(__class__=<class 'psychopy.visual.text.TextStim'>, alignHoriz=method-wrapper(...), alignText='center', alignVert=method-wrapper(...), anchorHoriz='center', anchorVert='center', antialias=True, autoLog=True, bold=False, color=array([1., 1., 1.]), colorSpace='rgb', contrast=1.0, depth=0.0, flipHoriz=False, flipVert=False, font='Open Sans', fontFiles=[], height=0.1, italic=False, languageStyle='LTR', name='text', opacity=1, ori=0.0, pos=array([0., 0.]), rgb=UNKNOWN, text='', units='height', win=Window(...), wrapWidth=1)
5.5909 	EXP 	Created image = ImageStim(__class__=<class 'psychopy.visual.image.ImageStim'>, autoLog=True, color=array([1., 1., 1.]), colorSpace='rgb', contrast=1.0, depth=0.0, flipHoriz=False, flipVert=False, image='sin', interpolate=True, mask=None, maskParams=None, name='image', opacity=1, ori=0.0, pos=array([0., 0.]), size=array([0.5, 0.5]), texRes=128.0, units='height', win=Window(...))
5.5955 	WARNING 	t of last frame was 417.11ms (=1/2)
5.5955 	EXP 	WelcomeText: autoDraw = True
6.2053 	EXP 	WelcomeText: autoDraw = False
6.2053 	EXP 	ConsentText: autoDraw = True
6.2112 	DATA 	Keypress: space
7.2062 	EXP 	ConsentText: autoDraw = False
9.4440 	DATA 	Keypress: space
9.4484 	EXP 	ConsentText: autoDraw = False
9.4484 	EXP 	InstructionText: autoDraw = True
10.0481 	EXP 	Imported words_stimuli.xlsx as conditions, 5 conditions, 2 params
10.0493 	EXP 	Created sequence: sequential, trialTypes=5, nReps=1, seed=None
10.0498 	EXP 	New trial (rep=0, index=0): {'WordItem': 'A', 'WordColor': 'green'}
10.0592 	DATA 	Keypress: space
10.0638 	WARNING 	t of last frame was 30.50ms (=1/32)
10.0638 	EXP 	InstructionText: autoDraw = False
10.0638 	EXP 	text: text = 'A'
10.0638 	EXP 	text: autoDraw = True
12.0461 	EXP 	New trial (rep=0, index=1): {'WordItem': 'D', 'WordColor': 'blue'}
12.0561 	EXP 	text: autoDraw = False
12.0561 	EXP 	text: text = 'D'
12.0561 	EXP 	text: autoDraw = True
14.0455 	EXP 	New trial (rep=0, index=2): {'WordItem': 'asdf', 'WordColor': 'blue'}
14.0586 	EXP 	text: autoDraw = False
14.0586 	EXP 	text: autoDraw = False
14.0586 	EXP 	text: text = 'asdf'
14.0586 	EXP 	text: autoDraw = True
16.0431 	EXP 	New trial (rep=0, index=3): {'WordItem': 'asdfdfasdf', 'WordColor': 'green'}
16.0542 	EXP 	text: autoDraw = False
16.0542 	EXP 	text: autoDraw = False
16.0542 	EXP 	text: text = 'asdfdfasdf'
16.0542 	EXP 	text: autoDraw = True
18.0458 	EXP 	New trial (rep=0, index=4): {'WordItem': 'SDF', 'WordColor': 'green'}
18.0562 	EXP 	text: autoDraw = False
18.0562 	EXP 	text: text = 'SDF'
18.0562 	EXP 	text: autoDraw = True
20.0553 	EXP 	Imported ImageTests.xlsx as conditions, 2 conditions, 1 params
20.0561 	EXP 	Created sequence: random, trialTypes=2, nReps=1, seed=None
20.0565 	EXP 	New trial (rep=0, index=0): {'ImageFile': 'Images/Acorns 1.jpg'}
20.1373 	WARNING 	t of last frame was 90.83ms (=1/11)
20.1373 	EXP 	text: autoDraw = False
20.1373 	EXP 	image: image = 'Images/Acorns 1.jpg'
20.1373 	EXP 	image: autoDraw = True
21.0532 	EXP 	New trial (rep=0, index=1): {'ImageFile': 'Images/Acorns 3.jpg'}
21.0707 	EXP 	image: autoDraw = False
21.0707 	EXP 	image: image = 'Images/Acorns 3.jpg'
21.0707 	EXP 	image: autoDraw = True
21.9217 	DATA 	Keypress: escape
22.0109 	EXP 	window1: mouseVisible = True
