0.6365 	WARNING 	We strongly recommend you activate the PTB sound engine in PsychoPy prefs as the preferred audio engine. Its timing is vastly superior. Your prefs are currently set to use ['sounddevice', 'PTB', 'pyo', 'pygame'] (in that order).
9.0363 	WARNING 	Couldn't measure a consistent frame rate.
  - Is your graphics card set to sync to vertical blank?
  - Are you running other processes on your computer?

9.0370 	EXP 	Created window1 = Window(allowGUI=False, allowStencil=False, autoLog=True, backendConf=UNKNOWN, bitsMode=UNKNOWN, blendMode='avg', bpc=(8, 8, 8), color=array([0, 0, 0]), colorSpace='rgb', depthBits=8, fullscr=<method-wrapper '__getattribute__' of attributeSetter object at 0x7fd82b327a90>, gamma=None, gammaErrorPolicy='raise', lms=UNKNOWN, monitor=<psychopy.monitors.calibTools.Monitor object at 0x7fd86bccf6a0>, multiSample=False, name='window1', numSamples=2, pos=[432.0, 279.25], screen=0, size=array([3456, 2234]), stencilBits=0, stereo=False, units='height', useFBO=True, useRetina=True, viewOri=0.0, viewPos=None, viewScale=None, waitBlanking=True, winType='pyglet')
9.0373 	EXP 	window1: mouseVisible = True
9.0374 	EXP 	window1: recordFrameIntervals = False
9.1190 	EXP 	window1: recordFrameIntervals = True
9.9575 	WARNING 	Couldn't measure a consistent frame rate.
  - Is your graphics card set to sync to vertical blank?
  - Are you running other processes on your computer?

10.3760 	EXP 	Created WelcomeText = TextStim(__class__=<class 'psychopy.visual.text.TextStim'>, alignHoriz=method-wrapper(...), alignText='center', alignVert=method-wrapper(...), anchorHoriz='center', anchorVert='center', antialias=True, autoLog=True, bold=False, color=array([1., 1., 1.]), colorSpace='rgb', contrast=1.0, depth=-1.0, flipHoriz=False, flipVert=False, font='Open Sans', fontFiles=[], height=0.05, italic=False, languageStyle='LTR', name='WelcomeText', opacity=1, ori=0.0, pos=array([0., 0.]), rgb=UNKNOWN, text=str(...), units='height', win=Window(...), wrapWidth=1)
10.3771 	EXP 	Created text_2 = TextStim(__class__=<class 'psychopy.visual.text.TextStim'>, alignHoriz=method-wrapper(...), alignText='center', alignVert=method-wrapper(...), anchorHoriz='center', anchorVert='center', antialias=True, autoLog=True, bold=False, color=array([1., 1., 1.]), colorSpace='rgb', contrast=1.0, depth=0.0, flipHoriz=False, flipVert=False, font='Open Sans', fontFiles=[], height=0.1, italic=False, languageStyle='LTR', name='text_2', opacity=1, ori=0.0, pos=array([0., 0.]), rgb=UNKNOWN, text='', units='height', win=Window(...), wrapWidth=1)
10.4238 	EXP 	Created ConsentText = TextStim(__class__=<class 'psychopy.visual.text.TextStim'>, alignHoriz=method-wrapper(...), alignText='center', alignVert=method-wrapper(...), anchorHoriz='center', anchorVert='center', antialias=True, autoLog=True, bold=False, color=array([1., 1., 1.]), colorSpace='rgb', contrast=1.0, depth=-1.0, flipHoriz=False, flipVert=False, font='Open Sans', fontFiles=[], height=0.05, italic=False, languageStyle='LTR', name='ConsentText', opacity=1, ori=0.0, pos=array([0., 0.]), rgb=UNKNOWN, text=str(...), units='height', win=Window(...), wrapWidth=1)
10.4248 	EXP 	Created text_2 = TextStim(__class__=<class 'psychopy.visual.text.TextStim'>, alignHoriz=method-wrapper(...), alignText='center', alignVert=method-wrapper(...), anchorHoriz='center', anchorVert='center', antialias=True, autoLog=True, bold=False, color=array([1., 1., 1.]), colorSpace='rgb', contrast=1.0, depth=0.0, flipHoriz=False, flipVert=False, font='Open Sans', fontFiles=[], height=0.1, italic=False, languageStyle='LTR', name='text_2', opacity=1, ori=0.0, pos=array([0., 0.]), rgb=UNKNOWN, text='', units='height', win=Window(...), wrapWidth=1)
10.4634 	EXP 	Created InstructionText = TextStim(__class__=<class 'psychopy.visual.text.TextStim'>, alignHoriz=method-wrapper(...), alignText='center', alignVert=method-wrapper(...), anchorHoriz='center', anchorVert='center', antialias=True, autoLog=True, bold=False, color=array([1., 1., 1.]), colorSpace='rgb', contrast=1.0, depth=-1.0, flipHoriz=False, flipVert=False, font='Open Sans', fontFiles=[], height=0.05, italic=False, languageStyle='LTR', name='InstructionText', opacity=1, ori=0.0, pos=array([0., 0.]), rgb=UNKNOWN, text=str(...), units='height', win=Window(...), wrapWidth=1)
10.4643 	EXP 	Created text_2 = TextStim(__class__=<class 'psychopy.visual.text.TextStim'>, alignHoriz=method-wrapper(...), alignText='center', alignVert=method-wrapper(...), anchorHoriz='center', anchorVert='center', antialias=True, autoLog=True, bold=False, color=array([1., 1., 1.]), colorSpace='rgb', contrast=1.0, depth=0.0, flipHoriz=False, flipVert=False, font='Open Sans', fontFiles=[], height=0.1, italic=False, languageStyle='LTR', name='text_2', opacity=1, ori=0.0, pos=array([0., 0.]), rgb=UNKNOWN, text='', units='height', win=Window(...), wrapWidth=1)
10.5077 	EXP 	Created text_7 = TextStim(__class__=<class 'psychopy.visual.text.TextStim'>, alignHoriz=method-wrapper(...), alignText='center', alignVert=method-wrapper(...), anchorHoriz='center', anchorVert='center', antialias=True, autoLog=True, bold=False, color=array([1., 1., 1.]), colorSpace='rgb', contrast=1.0, depth=-1.0, flipHoriz=False, flipVert=False, font='Open Sans', fontFiles=[], height=0.05, italic=False, languageStyle='LTR', name='text_7', opacity=1, ori=0.0, pos=array([0., 0.]), rgb=UNKNOWN, text=str(...), units='height', win=Window(...), wrapWidth=1)
10.5086 	EXP 	Created text_2 = TextStim(__class__=<class 'psychopy.visual.text.TextStim'>, alignHoriz=method-wrapper(...), alignText='center', alignVert=method-wrapper(...), anchorHoriz='center', anchorVert='center', antialias=True, autoLog=True, bold=False, color=array([1., 1., 1.]), colorSpace='rgb', contrast=1.0, depth=0.0, flipHoriz=False, flipVert=False, font='Open Sans', fontFiles=[], height=0.1, italic=False, languageStyle='LTR', name='text_2', opacity=1, ori=0.0, pos=array([0., 0.]), rgb=UNKNOWN, text='', units='height', win=Window(...), wrapWidth=1)
10.5168 	EXP 	Created text_4 = TextStim(__class__=<class 'psychopy.visual.text.TextStim'>, alignHoriz=method-wrapper(...), alignText='center', alignVert=method-wrapper(...), anchorHoriz='center', anchorVert='center', antialias=True, autoLog=True, bold=False, color=array([1., 1., 1.]), colorSpace='rgb', contrast=1.0, depth=0.0, flipHoriz=False, flipVert=False, font='Open Sans', fontFiles=[], height=0.05, italic=False, languageStyle='LTR', name='text_4', opacity=1, ori=0.0, pos=array([0., 0.]), rgb=UNKNOWN, text=str(...), units='height', win=Window(...), wrapWidth=1)
10.5492 	EXP 	Created image = ImageStim(__class__=<class 'psychopy.visual.image.ImageStim'>, autoLog=True, color=array([1., 1., 1.]), colorSpace='rgb', contrast=1.0, depth=0.0, flipHoriz=False, flipVert=False, image='sin', interpolate=True, mask=None, maskParams=None, name='image', opacity=1, ori=0.0, pos=array([0., 0.]), size=array([0.5, 0.5]), texRes=128.0, units='height', win=Window(...))
10.5775 	EXP 	Created text_2 = TextStim(__class__=<class 'psychopy.visual.text.TextStim'>, alignHoriz=method-wrapper(...), alignText='center', alignVert=method-wrapper(...), anchorHoriz='center', anchorVert='center', antialias=True, autoLog=True, bold=False, color=array([1., 1., 1.]), colorSpace='rgb', contrast=1.0, depth=0.0, flipHoriz=False, flipVert=False, font='Open Sans', fontFiles=[], height=0.1, italic=False, languageStyle='LTR', name='text_2', opacity=1, ori=0.0, pos=array([0., 0.]), rgb=UNKNOWN, text='', units='height', win=Window(...), wrapWidth=1)
10.5865 	EXP 	Created text_6 = TextStim(__class__=<class 'psychopy.visual.text.TextStim'>, alignHoriz=method-wrapper(...), alignText='center', alignVert=method-wrapper(...), anchorHoriz='center', anchorVert='center', antialias=True, autoLog=True, bold=False, color=array([1., 1., 1.]), colorSpace='rgb', contrast=1.0, depth=0.0, flipHoriz=False, flipVert=False, font='Open Sans', fontFiles=[], height=0.05, italic=False, languageStyle='LTR', name='text_6', opacity=1, ori=0.0, pos=array([0., 0.]), rgb=UNKNOWN, text=str(...), units='height', win=Window(...), wrapWidth=1)
10.6170 	EXP 	Created image_2 = ImageStim(__class__=<class 'psychopy.visual.image.ImageStim'>, autoLog=True, color=array([1., 1., 1.]), colorSpace='rgb', contrast=1.0, depth=0.0, flipHoriz=False, flipVert=False, image='sin', interpolate=True, mask=None, maskParams=None, name='image_2', opacity=1, ori=0.0, pos=array([0., 0.]), size=array([0.5, 0.5]), texRes=128.0, units='height', win=Window(...))
10.6454 	EXP 	Created text_2 = TextStim(__class__=<class 'psychopy.visual.text.TextStim'>, alignHoriz=method-wrapper(...), alignText='center', alignVert=method-wrapper(...), anchorHoriz='center', anchorVert='center', antialias=True, autoLog=True, bold=False, color=array([1., 1., 1.]), colorSpace='rgb', contrast=1.0, depth=0.0, flipHoriz=False, flipVert=False, font='Open Sans', fontFiles=[], height=0.1, italic=False, languageStyle='LTR', name='text_2', opacity=1, ori=0.0, pos=array([0., 0.]), rgb=UNKNOWN, text='', units='height', win=Window(...), wrapWidth=1)
10.6534 	EXP 	Created text_5 = TextStim(__class__=<class 'psychopy.visual.text.TextStim'>, alignHoriz=method-wrapper(...), alignText='center', alignVert=method-wrapper(...), anchorHoriz='center', anchorVert='center', antialias=True, autoLog=True, bold=False, color=array([1., 1., 1.]), colorSpace='rgb', contrast=1.0, depth=0.0, flipHoriz=False, flipVert=False, font='Open Sans', fontFiles=[], height=0.1, italic=False, languageStyle='LTR', name='text_5', opacity=1, ori=0.0, pos=array([0., 0.]), rgb=UNKNOWN, text=str(...), units='height', win=Window(...), wrapWidth=1)
10.7110 	EXP 	Created image_3 = ImageStim(__class__=<class 'psychopy.visual.image.ImageStim'>, autoLog=True, color=array([1., 1., 1.]), colorSpace='rgb', contrast=1.0, depth=-1.0, flipHoriz=False, flipVert=False, image='sin', interpolate=True, mask=None, maskParams=None, name='image_3', opacity=1, ori=0.0, pos=array([0., 0.]), size=array([0.5, 0.5]), texRes=128.0, units='height', win=Window(...))
10.7119 	EXP 	Created text_2 = TextStim(__class__=<class 'psychopy.visual.text.TextStim'>, alignHoriz=method-wrapper(...), alignText='center', alignVert=method-wrapper(...), anchorHoriz='center', anchorVert='center', antialias=True, autoLog=True, bold=False, color=array([1., 1., 1.]), colorSpace='rgb', contrast=1.0, depth=0.0, flipHoriz=False, flipVert=False, font='Open Sans', fontFiles=[], height=0.1, italic=False, languageStyle='LTR', name='text_2', opacity=1, ori=0.0, pos=array([0., 0.]), rgb=UNKNOWN, text='', units='height', win=Window(...), wrapWidth=1)
10.7151 	EXP 	Created text_5 = TextStim(__class__=<class 'psychopy.visual.text.TextStim'>, alignHoriz=method-wrapper(...), alignText='center', alignVert=method-wrapper(...), anchorHoriz='center', anchorVert='center', antialias=True, autoLog=True, bold=False, color=array([1., 1., 1.]), colorSpace='rgb', contrast=1.0, depth=0.0, flipHoriz=False, flipVert=False, font='Open Sans', fontFiles=[], height=0.1, italic=False, languageStyle='LTR', name='text_5', opacity=1, ori=0.0, pos=array([0., 0.]), rgb=UNKNOWN, text=str(...), units='height', win=Window(...), wrapWidth=1)
10.7731 	EXP 	Created image_4 = ImageStim(__class__=<class 'psychopy.visual.image.ImageStim'>, autoLog=True, color=array([1., 1., 1.]), colorSpace='rgb', contrast=1.0, depth=-1.0, flipHoriz=False, flipVert=False, image='sin', interpolate=True, mask=None, maskParams=None, name='image_4', opacity=1, ori=0.0, pos=array([0., 0.]), size=array([0.5, 0.5]), texRes=128.0, units='height', win=Window(...))
10.7741 	EXP 	Created text_2 = TextStim(__class__=<class 'psychopy.visual.text.TextStim'>, alignHoriz=method-wrapper(...), alignText='center', alignVert=method-wrapper(...), anchorHoriz='center', anchorVert='center', antialias=True, autoLog=True, bold=False, color=array([1., 1., 1.]), colorSpace='rgb', contrast=1.0, depth=0.0, flipHoriz=False, flipVert=False, font='Open Sans', fontFiles=[], height=0.1, italic=False, languageStyle='LTR', name='text_2', opacity=1, ori=0.0, pos=array([0., 0.]), rgb=UNKNOWN, text='', units='height', win=Window(...), wrapWidth=1)
10.7772 	EXP 	Created text_5 = TextStim(__class__=<class 'psychopy.visual.text.TextStim'>, alignHoriz=method-wrapper(...), alignText='center', alignVert=method-wrapper(...), anchorHoriz='center', anchorVert='center', antialias=True, autoLog=True, bold=False, color=array([1., 1., 1.]), colorSpace='rgb', contrast=1.0, depth=0.0, flipHoriz=False, flipVert=False, font='Open Sans', fontFiles=[], height=0.1, italic=False, languageStyle='LTR', name='text_5', opacity=1, ori=0.0, pos=array([0., 0.]), rgb=UNKNOWN, text=str(...), units='height', win=Window(...), wrapWidth=1)
10.8350 	EXP 	Created image_5 = ImageStim(__class__=<class 'psychopy.visual.image.ImageStim'>, autoLog=True, color=array([1., 1., 1.]), colorSpace='rgb', contrast=1.0, depth=-1.0, flipHoriz=False, flipVert=False, image='sin', interpolate=True, mask=None, maskParams=None, name='image_5', opacity=1, ori=0.0, pos=array([0., 0.]), size=array([0.5, 0.5]), texRes=128.0, units='height', win=Window(...))
10.8360 	EXP 	Created text_2 = TextStim(__class__=<class 'psychopy.visual.text.TextStim'>, alignHoriz=method-wrapper(...), alignText='center', alignVert=method-wrapper(...), anchorHoriz='center', anchorVert='center', antialias=True, autoLog=True, bold=False, color=array([1., 1., 1.]), colorSpace='rgb', contrast=1.0, depth=0.0, flipHoriz=False, flipVert=False, font='Open Sans', fontFiles=[], height=0.1, italic=False, languageStyle='LTR', name='text_2', opacity=1, ori=0.0, pos=array([0., 0.]), rgb=UNKNOWN, text='', units='height', win=Window(...), wrapWidth=1)
10.8428 	EXP 	Created text_8 = TextStim(__class__=<class 'psychopy.visual.text.TextStim'>, alignHoriz=method-wrapper(...), alignText='center', alignVert=method-wrapper(...), anchorHoriz='center', anchorVert='center', antialias=True, autoLog=True, bold=False, color=array([1., 1., 1.]), colorSpace='rgb', contrast=1.0, depth=0.0, flipHoriz=False, flipVert=False, font='Open Sans', fontFiles=[], height=0.05, italic=False, languageStyle='LTR', name='text_8', opacity=1, ori=0.0, pos=array([0., 0.]), rgb=UNKNOWN, text=str(...), units='height', win=Window(...), wrapWidth=1)
10.9002 	EXP 	Created image_7 = ImageStim(__class__=<class 'psychopy.visual.image.ImageStim'>, autoLog=True, color=array([1., 1., 1.]), colorSpace='rgb', contrast=1.0, depth=-1.0, flipHoriz=False, flipVert=False, image='sin', interpolate=True, mask=None, maskParams=None, name='image_7', opacity=1, ori=0.0, pos=array([0., 0.]), size=array([0.5, 0.5]), texRes=128.0, units='height', win=Window(...))
10.9012 	EXP 	Created text_2 = TextStim(__class__=<class 'psychopy.visual.text.TextStim'>, alignHoriz=method-wrapper(...), alignText='center', alignVert=method-wrapper(...), anchorHoriz='center', anchorVert='center', antialias=True, autoLog=True, bold=False, color=array([1., 1., 1.]), colorSpace='rgb', contrast=1.0, depth=0.0, flipHoriz=False, flipVert=False, font='Open Sans', fontFiles=[], height=0.1, italic=False, languageStyle='LTR', name='text_2', opacity=1, ori=0.0, pos=array([0., 0.]), rgb=UNKNOWN, text='', units='height', win=Window(...), wrapWidth=1)
10.9092 	EXP 	Created text_9 = TextStim(__class__=<class 'psychopy.visual.text.TextStim'>, alignHoriz=method-wrapper(...), alignText='center', alignVert=method-wrapper(...), anchorHoriz='center', anchorVert='center', antialias=True, autoLog=True, bold=False, color=array([1., 1., 1.]), colorSpace='rgb', contrast=1.0, depth=0.0, flipHoriz=False, flipVert=False, font='Open Sans', fontFiles=[], height=0.05, italic=False, languageStyle='LTR', name='text_9', opacity=1, ori=0.0, pos=array([0., 0.]), rgb=UNKNOWN, text=str(...), units='height', win=Window(...), wrapWidth=1)
10.9700 	EXP 	Created image_6 = ImageStim(__class__=<class 'psychopy.visual.image.ImageStim'>, autoLog=True, color=array([1., 1., 1.]), colorSpace='rgb', contrast=1.0, depth=-1.0, flipHoriz=False, flipVert=False, image='sin', interpolate=True, mask=None, maskParams=None, name='image_6', opacity=1, ori=0.0, pos=array([0., 0.]), size=array([0.5, 0.5]), texRes=128.0, units='height', win=Window(...))
10.9710 	EXP 	Created text_2 = TextStim(__class__=<class 'psychopy.visual.text.TextStim'>, alignHoriz=method-wrapper(...), alignText='center', alignVert=method-wrapper(...), anchorHoriz='center', anchorVert='center', antialias=True, autoLog=True, bold=False, color=array([1., 1., 1.]), colorSpace='rgb', contrast=1.0, depth=0.0, flipHoriz=False, flipVert=False, font='Open Sans', fontFiles=[], height=0.1, italic=False, languageStyle='LTR', name='text_2', opacity=1, ori=0.0, pos=array([0., 0.]), rgb=UNKNOWN, text='', units='height', win=Window(...), wrapWidth=1)
11.0014 	EXP 	Created image_8 = ImageStim(__class__=<class 'psychopy.visual.image.ImageStim'>, autoLog=True, color=array([1., 1., 1.]), colorSpace='rgb', contrast=1.0, depth=-1.0, flipHoriz=False, flipVert=False, image='sin', interpolate=True, mask=None, maskParams=None, name='image_8', opacity=1, ori=0.0, pos=array([0., 0.]), size=array([0.5, 0.5]), texRes=128.0, units='height', win=Window(...))
11.0023 	EXP 	Created text_2 = TextStim(__class__=<class 'psychopy.visual.text.TextStim'>, alignHoriz=method-wrapper(...), alignText='center', alignVert=method-wrapper(...), anchorHoriz='center', anchorVert='center', antialias=True, autoLog=True, bold=False, color=array([1., 1., 1.]), colorSpace='rgb', contrast=1.0, depth=0.0, flipHoriz=False, flipVert=False, font='Open Sans', fontFiles=[], height=0.1, italic=False, languageStyle='LTR', name='text_2', opacity=1, ori=0.0, pos=array([0., 0.]), rgb=UNKNOWN, text='', units='height', win=Window(...), wrapWidth=1)
11.0074 	WARNING 	t of last frame was 1050.02ms (=1/0)
11.0074 	EXP 	WelcomeText: autoDraw = True
12.0782 	DATA 	Keypress: space
12.0833 	EXP 	WelcomeText: autoDraw = False
12.0833 	EXP 	text_2: autoDraw = True
12.5786 	EXP 	text_2: autoDraw = False
12.5786 	EXP 	text_2: autoDraw = False
12.5786 	EXP 	ConsentText: autoDraw = True
12.9510 	EXP 	ConsentText: autoDraw = False
12.9510 	EXP 	text_2: autoDraw = True
12.9636 	DATA 	Keypress: space
13.4497 	EXP 	text_2: autoDraw = False
13.4497 	EXP 	text_2: autoDraw = False
13.4497 	EXP 	InstructionText: autoDraw = True
13.6899 	DATA 	Keypress: space
13.6942 	EXP 	InstructionText: autoDraw = False
13.6942 	EXP 	text_2: autoDraw = True
14.1914 	EXP 	text_2: autoDraw = False
14.1914 	EXP 	text_2: autoDraw = False
14.1914 	EXP 	text_7: autoDraw = True
14.2867 	DATA 	Keypress: space
14.2916 	EXP 	text_7: autoDraw = False
14.2916 	EXP 	text_2: autoDraw = True
14.7837 	EXP 	text_2: autoDraw = False
14.7837 	EXP 	text_2: autoDraw = False
14.7837 	EXP 	text_4: autoDraw = True
14.9024 	EXP 	Imported ImagePractices1.xlsx as conditions, 1 conditions, 2 params
14.9035 	EXP 	Created sequence: sequential, trialTypes=1, nReps=1, seed=None
14.9041 	EXP 	New trial (rep=0, index=0): {'ImageFile': 'Images/Goat 1.jpg', 'AnimateInanimate': 1}
14.9311 	DATA 	Keypress: space
14.9345 	WARNING 	t of last frame was 48.66ms (=1/20)
14.9345 	EXP 	text_4: autoDraw = False
14.9345 	EXP 	image: image = 'Images/Goat 1.jpg'
14.9345 	EXP 	image: autoDraw = True
16.0661 	DATA 	Keypress: 1
16.0696 	EXP 	image: autoDraw = False
16.0696 	EXP 	text_2: autoDraw = True
16.5655 	EXP 	text_2: autoDraw = False
16.5655 	EXP 	text_2: autoDraw = False
16.5655 	EXP 	text_6: autoDraw = True
17.0973 	EXP 	Imported ImageTests1.xlsx as conditions, 1 conditions, 4 params
17.0977 	EXP 	Created sequence: random, trialTypes=1, nReps=1, seed=None
17.0980 	EXP 	New trial (rep=0, index=0): {'ImageFile': 'Images/Fire 7.jpg', 'AnimateInanimate': 2, 'ValenceScore': 1.7007, 'Rand': 0.6719101083569338}
17.1053 	DATA 	Keypress: space
17.1085 	WARNING 	t of last frame was 58.90ms (=1/16)
17.1085 	EXP 	text_6: autoDraw = False
17.1085 	EXP 	image_2: image = 'Images/Fire 7.jpg'
17.1085 	EXP 	image_2: autoDraw = True
17.7501 	DATA 	Keypress: 1
17.7538 	EXP 	image_2: autoDraw = False
17.7538 	EXP 	text_2: autoDraw = True
18.2572 	EXP 	text_2: autoDraw = False
18.2572 	EXP 	text_5: autoDraw = True
18.7656 	EXP 	Imported ImageTests2.xlsx as conditions, 1 conditions, 4 params
18.7661 	EXP 	Created sequence: random, trialTypes=1, nReps=1, seed=None
18.7664 	EXP 	New trial (rep=0, index=0): {'ImageFile': 'Images/Elephant 1.jpg', 'AnimateInanimate': 1, 'ValenceScore': 5.8272, 'Rand': 0.04936767057029101}
18.7753 	DATA 	Keypress: space
18.7793 	WARNING 	t of last frame was 33.84ms (=1/29)
18.7793 	EXP 	text_5: autoDraw = False
18.7793 	EXP 	image_3: image = 'Images/Elephant 1.jpg'
18.7793 	EXP 	image_3: autoDraw = True
19.2901 	DATA 	Keypress: 1
19.2945 	EXP 	image_3: autoDraw = False
19.2945 	EXP 	text_2: autoDraw = True
19.7907 	EXP 	text_2: autoDraw = False
19.7907 	EXP 	text_2: autoDraw = False
19.7907 	EXP 	text_5: autoDraw = True
20.0760 	EXP 	Imported ImageTests3.xlsx as conditions, 1 conditions, 4 params
20.0766 	EXP 	Created sequence: random, trialTypes=1, nReps=1, seed=None
20.0770 	EXP 	New trial (rep=0, index=0): {'ImageFile': 'Images/Sleepy pose 1.jpg', 'AnimateInanimate': 1, 'ValenceScore': 2.603, 'Rand': 0.943587941998371}
20.0870 	DATA 	Keypress: space
20.0912 	WARNING 	Multiple dropped frames have occurred - I'll stop bothering you about them!
20.0911 	EXP 	text_5: autoDraw = False
20.0911 	EXP 	image_4: image = 'Images/Sleepy pose 1.jpg'
20.0911 	EXP 	image_4: autoDraw = True
20.4862 	DATA 	Keypress: 1
20.4905 	EXP 	image_4: autoDraw = False
20.4905 	EXP 	text_2: autoDraw = True
20.9847 	EXP 	text_2: autoDraw = False
20.9847 	EXP 	text_2: autoDraw = False
20.9847 	EXP 	text_5: autoDraw = True
21.2692 	EXP 	Imported ImageTests4.xlsx as conditions, 1 conditions, 4 params
21.2699 	EXP 	Created sequence: random, trialTypes=1, nReps=1, seed=None
21.2704 	EXP 	New trial (rep=0, index=0): {'ImageFile': 'Images/Dirt 1.jpg', 'AnimateInanimate': 2, 'ValenceScore': 1.6168, 'Rand': 0.7915235630823373}
21.2835 	DATA 	Keypress: space
21.2869 	EXP 	text_5: autoDraw = False
21.2869 	EXP 	image_5: image = 'Images/Dirt 1.jpg'
21.2869 	EXP 	image_5: autoDraw = True
21.6087 	DATA 	Keypress: 1
21.6131 	EXP 	image_5: autoDraw = False
21.6131 	EXP 	text_2: autoDraw = True
22.1111 	EXP 	text_2: autoDraw = False
22.1111 	EXP 	text_2: autoDraw = False
22.1111 	EXP 	text_8: autoDraw = True
22.3527 	EXP 	Imported ImagePractices2_inherently_reversed.xlsx as conditions, 10 conditions, 2 params
22.3536 	EXP 	Created sequence: random, trialTypes=10, nReps=1, seed=None
22.3540 	EXP 	New trial (rep=0, index=0): {'ImageFile': 'Images/Tiger 2.jpg', 'AnimateInanimate': 2}
22.3683 	DATA 	Keypress: space
22.3726 	EXP 	text_8: autoDraw = False
22.3726 	EXP 	image_7: image = 'Images/Tiger 2.jpg'
22.3726 	EXP 	image_7: autoDraw = True
27.5996 	DATA 	Keypress: 1
27.6039 	EXP 	image_7: autoDraw = False
27.6039 	EXP 	text_2: autoDraw = True
28.0886 	EXP 	New trial (rep=0, index=1): {'ImageFile': 'Images/Wedding 7.jpg', 'AnimateInanimate': 1}
28.1041 	EXP 	text_2: autoDraw = False
28.1041 	EXP 	text_2: autoDraw = False
28.1041 	EXP 	image_7: image = 'Images/Wedding 7.jpg'
28.1041 	EXP 	image_7: autoDraw = True
28.8448 	DATA 	Keypress: space
29.2355 	DATA 	Keypress: 1
29.2398 	EXP 	image_7: autoDraw = False
29.2398 	EXP 	text_2: autoDraw = True
29.7307 	EXP 	New trial (rep=0, index=2): {'ImageFile': 'Images/Storage 3.jpg', 'AnimateInanimate': 1}
29.7475 	EXP 	text_2: autoDraw = False
29.7475 	EXP 	text_2: autoDraw = False
29.7475 	EXP 	image_7: image = 'Images/Storage 3.jpg'
29.7475 	EXP 	image_7: autoDraw = True
30.4927 	DATA 	Keypress: 1
30.4971 	EXP 	image_7: autoDraw = False
30.4971 	EXP 	text_2: autoDraw = True
30.9875 	EXP 	New trial (rep=0, index=3): {'ImageFile': 'Images/Sad face 1.jpg', 'AnimateInanimate': 2}
31.0020 	EXP 	text_2: autoDraw = False
31.0020 	EXP 	text_2: autoDraw = False
31.0020 	EXP 	image_7: image = 'Images/Sad face 1.jpg'
31.0020 	EXP 	image_7: autoDraw = True
31.4423 	DATA 	Keypress: 1
31.4467 	EXP 	image_7: autoDraw = False
31.4467 	EXP 	text_2: autoDraw = True
31.9367 	EXP 	New trial (rep=0, index=4): {'ImageFile': 'Images/Shark 7.jpg', 'AnimateInanimate': 2}
31.9518 	EXP 	text_2: autoDraw = False
31.9518 	EXP 	text_2: autoDraw = False
31.9518 	EXP 	image_7: image = 'Images/Shark 7.jpg'
31.9518 	EXP 	image_7: autoDraw = True
32.2664 	EXP 	image_7: autoDraw = False
32.2664 	EXP 	text_2: autoDraw = True
32.2704 	DATA 	Keypress: 1
32.7553 	EXP 	New trial (rep=0, index=5): {'ImageFile': 'Images/Rocks 3.jpg', 'AnimateInanimate': 1}
32.7711 	EXP 	text_2: autoDraw = False
32.7711 	EXP 	text_2: autoDraw = False
32.7711 	EXP 	image_7: image = 'Images/Rocks 3.jpg'
32.7711 	EXP 	image_7: autoDraw = True
33.0536 	DATA 	Keypress: 1
33.0580 	EXP 	image_7: autoDraw = False
33.0580 	EXP 	text_2: autoDraw = True
33.5459 	EXP 	New trial (rep=0, index=6): {'ImageFile': 'Images/Socks 1.jpg', 'AnimateInanimate': 1}
33.5609 	EXP 	text_2: autoDraw = False
33.5609 	EXP 	text_2: autoDraw = False
33.5609 	EXP 	image_7: image = 'Images/Socks 1.jpg'
33.5609 	EXP 	image_7: autoDraw = True
33.7615 	DATA 	Keypress: 1
33.7657 	EXP 	image_7: autoDraw = False
33.7657 	EXP 	text_2: autoDraw = True
34.2496 	EXP 	New trial (rep=0, index=7): {'ImageFile': 'Images/Pigeon 4.jpg', 'AnimateInanimate': 2}
34.2643 	EXP 	text_2: autoDraw = False
34.2643 	EXP 	text_2: autoDraw = False
34.2643 	EXP 	image_7: image = 'Images/Pigeon 4.jpg'
34.2643 	EXP 	image_7: autoDraw = True
34.4523 	DATA 	Keypress: 1
34.4566 	EXP 	image_7: autoDraw = False
34.4566 	EXP 	text_2: autoDraw = True
34.9412 	EXP 	New trial (rep=0, index=8): {'ImageFile': 'Images/Surprise 2.jpg', 'AnimateInanimate': 2}
34.9556 	EXP 	text_2: autoDraw = False
34.9556 	EXP 	text_2: autoDraw = False
34.9556 	EXP 	image_7: image = 'Images/Surprise 2.jpg'
34.9556 	EXP 	image_7: autoDraw = True
35.2081 	DATA 	Keypress: 1
35.2125 	EXP 	image_7: autoDraw = False
35.2125 	EXP 	text_2: autoDraw = True
35.6989 	EXP 	New trial (rep=0, index=9): {'ImageFile': 'Images/Yarn 4.jpg', 'AnimateInanimate': 1}
35.7166 	EXP 	text_2: autoDraw = False
35.7166 	EXP 	text_2: autoDraw = False
35.7166 	EXP 	image_7: image = 'Images/Yarn 4.jpg'
35.7166 	EXP 	image_7: autoDraw = True
36.1460 	DATA 	Keypress: 1
36.1505 	EXP 	image_7: autoDraw = False
36.1505 	EXP 	text_2: autoDraw = True
36.6468 	EXP 	text_2: autoDraw = False
36.6468 	EXP 	text_2: autoDraw = False
36.6468 	EXP 	text_9: autoDraw = True
39.6195 	EXP 	Imported ImageTests1_Reversed.xlsx as conditions, 1 conditions, 4 params
39.6198 	EXP 	Created sequence: random, trialTypes=1, nReps=1, seed=None
39.6201 	EXP 	New trial (rep=0, index=0): {'ImageFile': 'Images/Fire 7.jpg', 'AnimateInanimate': 1, 'ValenceScore': 1.7007, 'Rand': 0.2575505223871397}
39.6270 	DATA 	Keypress: space
39.6301 	EXP 	text_9: autoDraw = False
39.6301 	EXP 	image_6: image = 'Images/Fire 7.jpg'
39.6301 	EXP 	image_6: autoDraw = True
40.2326 	DATA 	Keypress: 1
40.2369 	EXP 	image_6: autoDraw = False
40.2369 	EXP 	text_2: autoDraw = True
40.7500 	EXP 	Imported ImageTests2_Reversed.xlsx as conditions, 20 conditions, 4 params
40.7507 	EXP 	Created sequence: random, trialTypes=20, nReps=1, seed=None
40.7512 	EXP 	New trial (rep=0, index=0): {'ImageFile': 'Images/Elephant 1.jpg', 'AnimateInanimate': 2, 'ValenceScore': 5.8272, 'Rand': 0.727686106610318}
40.7638 	EXP 	text_2: autoDraw = False
40.7638 	EXP 	text_2: autoDraw = False
40.7638 	EXP 	image_8: image = 'Images/Elephant 1.jpg'
40.7638 	EXP 	image_8: autoDraw = True
41.3047 	DATA 	Keypress: 1
41.3091 	EXP 	image_8: autoDraw = False
41.3091 	EXP 	text_2: autoDraw = True
41.8031 	EXP 	New trial (rep=0, index=1): {'ImageFile': 'Images/Galaxy 2.jpg', 'AnimateInanimate': 1, 'ValenceScore': 5.7867, 'Rand': 0.3193577863328001}
41.8164 	EXP 	text_2: autoDraw = False
41.8164 	EXP 	image_8: image = 'Images/Galaxy 2.jpg'
41.8164 	EXP 	image_8: autoDraw = True
42.2182 	DATA 	Keypress: 1
42.2225 	EXP 	image_8: autoDraw = False
42.2225 	EXP 	text_2: autoDraw = True
42.7117 	EXP 	New trial (rep=0, index=2): {'ImageFile': 'Images/Frustrated pose 2.jpg', 'AnimateInanimate': 2, 'ValenceScore': 2.6481, 'Rand': 0.9835247849574866}
42.7264 	EXP 	text_2: autoDraw = False
42.7264 	EXP 	text_2: autoDraw = False
42.7264 	EXP 	image_8: image = 'Images/Frustrated pose 2.jpg'
42.7264 	EXP 	image_8: autoDraw = True
43.1152 	DATA 	Keypress: 1
43.1194 	EXP 	image_8: autoDraw = False
43.1194 	EXP 	text_2: autoDraw = True
43.6110 	EXP 	New trial (rep=0, index=3): {'ImageFile': 'Images/Bridge 1.jpg', 'AnimateInanimate': 1, 'ValenceScore': 5.9383, 'Rand': 0.7280776864007487}
43.6275 	EXP 	text_2: autoDraw = False
43.6275 	EXP 	text_2: autoDraw = False
43.6275 	EXP 	image_8: image = 'Images/Bridge 1.jpg'
43.6275 	EXP 	image_8: autoDraw = True
43.9974 	DATA 	Keypress: 1
44.0006 	EXP 	image_8: autoDraw = False
44.0006 	EXP 	text_2: autoDraw = True
44.4889 	EXP 	New trial (rep=0, index=4): {'ImageFile': 'Images/Miserable pose 5.jpg', 'AnimateInanimate': 2, 'ValenceScore': 2.9754, 'Rand': 0.8891439707630439}
44.5036 	EXP 	text_2: autoDraw = False
44.5036 	EXP 	text_2: autoDraw = False
44.5036 	EXP 	image_8: image = 'Images/Miserable pose 5.jpg'
44.5036 	EXP 	image_8: autoDraw = True
44.9043 	DATA 	Keypress: 1
44.9081 	EXP 	image_8: autoDraw = False
44.9081 	EXP 	text_2: autoDraw = True
45.3943 	EXP 	New trial (rep=0, index=5): {'ImageFile': 'Images/Hangover 1.jpg', 'AnimateInanimate': 2, 'ValenceScore': 2.3921, 'Rand': 0.5202939654083889}
45.4076 	EXP 	text_2: autoDraw = False
45.4076 	EXP 	text_2: autoDraw = False
45.4076 	EXP 	image_8: image = 'Images/Hangover 1.jpg'
45.4076 	EXP 	image_8: autoDraw = True
45.6657 	DATA 	Keypress: 1
45.6701 	EXP 	image_8: autoDraw = False
45.6701 	EXP 	text_2: autoDraw = True
46.1565 	EXP 	New trial (rep=0, index=6): {'ImageFile': 'Images/Car Accident 3.jpg', 'AnimateInanimate': 1, 'ValenceScore': 2.7945, 'Rand': 0.0434178592037221}
46.1725 	EXP 	text_2: autoDraw = False
46.1725 	EXP 	text_2: autoDraw = False
46.1725 	EXP 	image_8: image = 'Images/Car Accident 3.jpg'
46.1725 	EXP 	image_8: autoDraw = True
46.5123 	DATA 	Keypress: 1
46.5165 	EXP 	image_8: autoDraw = False
46.5165 	EXP 	text_2: autoDraw = True
47.0054 	EXP 	New trial (rep=0, index=7): {'ImageFile': 'Images/Gun 6.jpg', 'AnimateInanimate': 1, 'ValenceScore': 2.9016, 'Rand': 0.5624552116796375}
47.0186 	EXP 	text_2: autoDraw = False
47.0186 	EXP 	text_2: autoDraw = False
47.0186 	EXP 	image_8: image = 'Images/Gun 6.jpg'
47.0186 	EXP 	image_8: autoDraw = True
47.2447 	DATA 	Keypress: 1
47.2490 	EXP 	image_8: autoDraw = False
47.2490 	EXP 	text_2: autoDraw = True
47.7368 	EXP 	New trial (rep=0, index=8): {'ImageFile': 'Images/Gun 4.jpg', 'AnimateInanimate': 1, 'ValenceScore': 2.9016, 'Rand': 0.4797988948390023}
47.7522 	EXP 	text_2: autoDraw = False
47.7522 	EXP 	text_2: autoDraw = False
47.7522 	EXP 	image_8: image = 'Images/Gun 4.jpg'
47.7522 	EXP 	image_8: autoDraw = True
47.8395 	DATA 	Keypress: 1
47.8436 	EXP 	image_8: autoDraw = False
47.8436 	EXP 	text_2: autoDraw = True
48.3367 	EXP 	New trial (rep=0, index=9): {'ImageFile': 'Images/Couple 8.jpg', 'AnimateInanimate': 2, 'ValenceScore': 5.7678, 'Rand': 0.2950874497117757}
48.3515 	EXP 	text_2: autoDraw = False
48.3515 	EXP 	image_8: image = 'Images/Couple 8.jpg'
48.3515 	EXP 	image_8: autoDraw = True
48.4610 	DATA 	Keypress: 1
48.4653 	EXP 	image_8: autoDraw = False
48.4653 	EXP 	text_2: autoDraw = True
48.9548 	EXP 	New trial (rep=0, index=10): {'ImageFile': 'Images/Garbage dump 3.jpg', 'AnimateInanimate': 1, 'ValenceScore': 2.0219, 'Rand': 0.350393201470347}
48.9716 	EXP 	text_2: autoDraw = False
48.9716 	EXP 	text_2: autoDraw = False
48.9716 	EXP 	image_8: image = 'Images/Garbage dump 3.jpg'
48.9716 	EXP 	image_8: autoDraw = True
49.1685 	EXP 	image_8: autoDraw = False
49.1685 	EXP 	text_2: autoDraw = True
49.1725 	DATA 	Keypress: 1
49.6650 	EXP 	New trial (rep=0, index=11): {'ImageFile': 'Images/Fireworks 3.jpg', 'AnimateInanimate': 1, 'ValenceScore': 6.0651, 'Rand': 0.6482747677270315}
49.6846 	EXP 	text_2: autoDraw = False
49.6846 	EXP 	image_8: image = 'Images/Fireworks 3.jpg'
49.6846 	EXP 	image_8: autoDraw = True
49.7868 	DATA 	Keypress: 1
49.7911 	EXP 	image_8: autoDraw = False
49.7911 	EXP 	text_2: autoDraw = True
50.2815 	EXP 	New trial (rep=0, index=12): {'ImageFile': 'Images/Dead bodies 2.jpg', 'AnimateInanimate': 2, 'ValenceScore': 1.2275, 'Rand': 0.1919382765632477}
50.2999 	EXP 	text_2: autoDraw = False
50.2999 	EXP 	text_2: autoDraw = False
50.2999 	EXP 	image_8: image = 'Images/Dead bodies 2.jpg'
50.2999 	EXP 	image_8: autoDraw = True
50.3871 	DATA 	Keypress: 1
50.3912 	EXP 	image_8: autoDraw = False
50.3912 	EXP 	text_2: autoDraw = True
50.8858 	EXP 	New trial (rep=0, index=13): {'ImageFile': 'Images/Flowers 9.jpg', 'AnimateInanimate': 1, 'ValenceScore': 5.9383, 'Rand': 0.9019314780175947}
50.8996 	DATA 	Keypress: 1
50.9039 	EXP 	text_2: autoDraw = False
50.9039 	EXP 	image_8: image = 'Images/Flowers 9.jpg'
50.9039 	EXP 	image_8: autoDraw = True
51.2740 	EXP 	image_8: autoDraw = False
51.2740 	EXP 	text_2: autoDraw = True
51.2774 	DATA 	Keypress: 1
51.7645 	EXP 	New trial (rep=0, index=14): {'ImageFile': 'Images/Dog 2.jpg', 'AnimateInanimate': 2, 'ValenceScore': 5.9348, 'Rand': 0.8224751356721797}
51.7822 	EXP 	text_2: autoDraw = False
51.7822 	EXP 	text_2: autoDraw = False
51.7822 	EXP 	image_8: image = 'Images/Dog 2.jpg'
51.7822 	EXP 	image_8: autoDraw = True
51.8501 	DATA 	Keypress: 1
51.8542 	EXP 	image_8: autoDraw = False
51.8542 	EXP 	text_2: autoDraw = True
52.1457 	DATA 	Keypress: 1
52.3413 	EXP 	New trial (rep=0, index=15): {'ImageFile': 'Images/Lake 2.jpg', 'AnimateInanimate': 1, 'ValenceScore': 6.3635, 'Rand': 0.6280847881706122}
52.3548 	EXP 	text_2: autoDraw = False
52.3548 	EXP 	text_2: autoDraw = False
52.3548 	EXP 	image_8: image = 'Images/Lake 2.jpg'
52.3548 	EXP 	image_8: autoDraw = True
52.4136 	DATA 	Keypress: 1
52.4169 	EXP 	image_8: autoDraw = False
52.4169 	EXP 	text_2: autoDraw = True
52.9018 	EXP 	New trial (rep=0, index=16): {'ImageFile': 'Images/Flowers 6.jpg', 'AnimateInanimate': 1, 'ValenceScore': 5.9556, 'Rand': 0.947680247901311}
52.9177 	EXP 	text_2: autoDraw = False
52.9177 	EXP 	text_2: autoDraw = False
52.9177 	EXP 	image_8: image = 'Images/Flowers 6.jpg'
52.9177 	EXP 	image_8: autoDraw = True
53.0174 	DATA 	Keypress: 1
53.0217 	EXP 	image_8: autoDraw = False
53.0217 	EXP 	text_2: autoDraw = True
53.5063 	EXP 	New trial (rep=0, index=17): {'ImageFile': 'Images/Lake 10.jpg', 'AnimateInanimate': 1, 'ValenceScore': 6.125, 'Rand': 0.5595361608030758}
53.5242 	EXP 	text_2: autoDraw = False
53.5242 	EXP 	text_2: autoDraw = False
53.5242 	EXP 	image_8: image = 'Images/Lake 10.jpg'
53.5242 	EXP 	image_8: autoDraw = True
53.5564 	DATA 	Keypress: 1
53.5634 	EXP 	image_8: autoDraw = False
53.5634 	EXP 	text_2: autoDraw = True
54.0567 	EXP 	New trial (rep=0, index=18): {'ImageFile': 'Images/Lake 12.jpg', 'AnimateInanimate': 1, 'ValenceScore': 6.4088, 'Rand': 0.434259541522947}
54.0746 	EXP 	text_2: autoDraw = False
54.0746 	EXP 	image_8: image = 'Images/Lake 12.jpg'
54.0746 	EXP 	image_8: autoDraw = True
54.1445 	EXP 	image_8: autoDraw = False
54.1445 	EXP 	text_2: autoDraw = True
54.1478 	DATA 	Keypress: 1
54.4553 	DATA 	Keypress: 1
54.6328 	EXP 	New trial (rep=0, index=19): {'ImageFile': 'Images/Flowers 1.jpg', 'AnimateInanimate': 1, 'ValenceScore': 5.8142, 'Rand': 0.5523292819921903}
54.6480 	EXP 	text_2: autoDraw = False
54.6480 	EXP 	text_2: autoDraw = False
54.6480 	EXP 	image_8: image = 'Images/Flowers 1.jpg'
54.6480 	EXP 	image_8: autoDraw = True
54.8216 	DATA 	Keypress: 1
54.8260 	EXP 	image_8: autoDraw = False
54.8260 	EXP 	text_2: autoDraw = True
55.2264 	DATA 	Keypress: 1
55.3149 	EXP 	text_2: autoDraw = False
55.3149 	EXP 	text_2: autoDraw = False
55.3548 	EXP 	window1: mouseVisible = True
