1.6012 	WARNING 	We strongly recommend you activate the PTB sound engine in PsychoPy prefs as the preferred audio engine. Its timing is vastly superior. Your prefs are currently set to use ['sounddevice', 'PTB', 'pyo', 'pygame'] (in that order).
5.7237 	WARNING 	User requested fullscreen with size [1728 1117], but screen is actually [1680, 1050]. Using actual size
6.7042 	EXP 	Created window1 = Window(allowGUI=True, allowStencil=False, autoLog=True, backendConf=UNKNOWN, bitsMode=UNKNOWN, blendMode='avg', bpc=(8, 8, 8), color=array([0, 0, 0]), colorSpace='rgb', depthBits=8, fullscr=<method-wrapper '__getattribute__' of attributeSetter object at 0x0000016B2AAD25B0>, gamma=None, gammaErrorPolicy='raise', lms=UNKNOWN, monitor=<psychopy.monitors.calibTools.Monitor object at 0x0000016B2AFDCFD0>, multiSample=False, name='window1', numSamples=2, pos=(103, -1050), screen=0, size=array([1680, 1050]), stencilBits=0, stereo=False, units='height', useFBO=True, useRetina=False, viewOri=0.0, viewPos=None, viewScale=None, waitBlanking=True, winType='pyglet')
6.7045 	EXP 	window1: mouseVisible = True
6.7047 	EXP 	window1: mouseVisible = False
6.7047 	EXP 	window1: Attempting to measure frame rate of screen (0) ...
6.7048 	EXP 	window1: recordFrameIntervals = False
6.8697 	EXP 	window1: recordFrameIntervals = True
7.0532 	EXP 	Screen (0) actual frame rate measured at 60.01Hz
7.0533 	EXP 	window1: recordFrameIntervals = False
8.7205 	EXP 	Created WelcomeText = TextStim(__class__=<class 'psychopy.visual.text.TextStim'>, alignHoriz=method-wrapper(...), alignText='center', alignVert=method-wrapper(...), anchorHoriz='center', anchorVert='center', antialias=True, autoDraw=False, autoLog=True, bold=False, color=array([1, 1, 1]), colorSpace='rgb', contrast=1.0, depth=-1.0, flipHoriz=False, flipVert=False, font='Open Sans', fontFiles=[], height=0.05, italic=False, languageStyle='LTR', name='WelcomeText', opacity=1.0, ori=0.0, pos=array([0., 0.]), rgb=UNKNOWN, text=str(...), units='height', win=Window(...), wrapWidth=1)
8.7215 	EXP 	Created text_2 = TextStim(__class__=<class 'psychopy.visual.text.TextStim'>, alignHoriz=method-wrapper(...), alignText='center', alignVert=method-wrapper(...), anchorHoriz='center', anchorVert='center', antialias=True, autoDraw=False, autoLog=True, bold=False, color=array([1, 1, 1]), colorSpace='rgb', contrast=1.0, depth=0.0, flipHoriz=False, flipVert=False, font='Open Sans', fontFiles=[], height=0.1, italic=False, languageStyle='LTR', name='text_2', opacity=1.0, ori=0.0, pos=array([0., 0.]), rgb=UNKNOWN, text='', units='height', win=Window(...), wrapWidth=1)
8.7412 	EXP 	Created ConsentText = TextStim(__class__=<class 'psychopy.visual.text.TextStim'>, alignHoriz=method-wrapper(...), alignText='center', alignVert=method-wrapper(...), anchorHoriz='center', anchorVert='center', antialias=True, autoDraw=False, autoLog=True, bold=False, color=array([1, 1, 1]), colorSpace='rgb', contrast=1.0, depth=-1.0, flipHoriz=False, flipVert=False, font='Open Sans', fontFiles=[], height=0.05, italic=False, languageStyle='LTR', name='ConsentText', opacity=1.0, ori=0.0, pos=array([0., 0.]), rgb=UNKNOWN, text=str(...), units='height', win=Window(...), wrapWidth=1)
8.7419 	EXP 	Created text_2 = TextStim(__class__=<class 'psychopy.visual.text.TextStim'>, alignHoriz=method-wrapper(...), alignText='center', alignVert=method-wrapper(...), anchorHoriz='center', anchorVert='center', antialias=True, autoDraw=False, autoLog=True, bold=False, color=array([1, 1, 1]), colorSpace='rgb', contrast=1.0, depth=0.0, flipHoriz=False, flipVert=False, font='Open Sans', fontFiles=[], height=0.1, italic=False, languageStyle='LTR', name='text_2', opacity=1.0, ori=0.0, pos=array([0., 0.]), rgb=UNKNOWN, text='', units='height', win=Window(...), wrapWidth=1)
8.7605 	EXP 	Created InstructionText = TextStim(__class__=<class 'psychopy.visual.text.TextStim'>, alignHoriz=method-wrapper(...), alignText='center', alignVert=method-wrapper(...), anchorHoriz='center', anchorVert='center', antialias=True, autoDraw=False, autoLog=True, bold=False, color=array([1, 1, 1]), colorSpace='rgb', contrast=1.0, depth=-1.0, flipHoriz=False, flipVert=False, font='Open Sans', fontFiles=[], height=0.05, italic=False, languageStyle='LTR', name='InstructionText', opacity=1.0, ori=0.0, pos=array([0., 0.]), rgb=UNKNOWN, text=str(...), units='height', win=Window(...), wrapWidth=1)
8.7612 	EXP 	Created text_2 = TextStim(__class__=<class 'psychopy.visual.text.TextStim'>, alignHoriz=method-wrapper(...), alignText='center', alignVert=method-wrapper(...), anchorHoriz='center', anchorVert='center', antialias=True, autoDraw=False, autoLog=True, bold=False, color=array([1, 1, 1]), colorSpace='rgb', contrast=1.0, depth=0.0, flipHoriz=False, flipVert=False, font='Open Sans', fontFiles=[], height=0.1, italic=False, languageStyle='LTR', name='text_2', opacity=1.0, ori=0.0, pos=array([0., 0.]), rgb=UNKNOWN, text='', units='height', win=Window(...), wrapWidth=1)
8.7813 	EXP 	Created text_7 = TextStim(__class__=<class 'psychopy.visual.text.TextStim'>, alignHoriz=method-wrapper(...), alignText='center', alignVert=method-wrapper(...), anchorHoriz='center', anchorVert='center', antialias=True, autoDraw=False, autoLog=True, bold=False, color=array([1, 1, 1]), colorSpace='rgb', contrast=1.0, depth=-1.0, flipHoriz=False, flipVert=False, font='Open Sans', fontFiles=[], height=0.05, italic=False, languageStyle='LTR', name='text_7', opacity=1.0, ori=0.0, pos=array([0., 0.]), rgb=UNKNOWN, text=str(...), units='height', win=Window(...), wrapWidth=1)
8.7820 	EXP 	Created text_2 = TextStim(__class__=<class 'psychopy.visual.text.TextStim'>, alignHoriz=method-wrapper(...), alignText='center', alignVert=method-wrapper(...), anchorHoriz='center', anchorVert='center', antialias=True, autoDraw=False, autoLog=True, bold=False, color=array([1, 1, 1]), colorSpace='rgb', contrast=1.0, depth=0.0, flipHoriz=False, flipVert=False, font='Open Sans', fontFiles=[], height=0.1, italic=False, languageStyle='LTR', name='text_2', opacity=1.0, ori=0.0, pos=array([0., 0.]), rgb=UNKNOWN, text='', units='height', win=Window(...), wrapWidth=1)
8.7928 	EXP 	Created text_4 = TextStim(__class__=<class 'psychopy.visual.text.TextStim'>, alignHoriz=method-wrapper(...), alignText='center', alignVert=method-wrapper(...), anchorHoriz='center', anchorVert='center', antialias=True, autoDraw=False, autoLog=True, bold=False, color=array([1, 1, 1]), colorSpace='rgb', contrast=1.0, depth=0.0, flipHoriz=False, flipVert=False, font='Open Sans', fontFiles=[], height=0.05, italic=False, languageStyle='LTR', name='text_4', opacity=1.0, ori=0.0, pos=array([0., 0.]), rgb=UNKNOWN, text=str(...), units='height', win=Window(...), wrapWidth=1)
8.7992 	EXP 	Created image = ImageStim(__class__=<class 'psychopy.visual.image.ImageStim'>, anchor=('center', 'center'), autoLog=True, color=array([1, 1, 1]), colorSpace='rgb', contrast=1.0, depth=0.0, flipHoriz=False, flipVert=False, image='sin', interpolate=True, mask=None, maskParams=None, name='image', opacity=1.0, ori=0.0, pos=array([0., 0.]), size=array([0.5, 0.5]), texRes=128.0, units='height', win=Window(...))
8.8392 	EXP 	Created text_2 = TextStim(__class__=<class 'psychopy.visual.text.TextStim'>, alignHoriz=method-wrapper(...), alignText='center', alignVert=method-wrapper(...), anchorHoriz='center', anchorVert='center', antialias=True, autoDraw=False, autoLog=True, bold=False, color=array([1, 1, 1]), colorSpace='rgb', contrast=1.0, depth=0.0, flipHoriz=False, flipVert=False, font='Open Sans', fontFiles=[], height=0.1, italic=False, languageStyle='LTR', name='text_2', opacity=1.0, ori=0.0, pos=array([0., 0.]), rgb=UNKNOWN, text='', units='height', win=Window(...), wrapWidth=1)
8.8458 	EXP 	Created text_6 = TextStim(__class__=<class 'psychopy.visual.text.TextStim'>, alignHoriz=method-wrapper(...), alignText='center', alignVert=method-wrapper(...), anchorHoriz='center', anchorVert='center', antialias=True, autoDraw=False, autoLog=True, bold=False, color=array([1, 1, 1]), colorSpace='rgb', contrast=1.0, depth=0.0, flipHoriz=False, flipVert=False, font='Open Sans', fontFiles=[], height=0.05, italic=False, languageStyle='LTR', name='text_6', opacity=1.0, ori=0.0, pos=array([0., 0.]), rgb=UNKNOWN, text=str(...), units='height', win=Window(...), wrapWidth=1)
8.8491 	EXP 	Created image_2 = ImageStim(__class__=<class 'psychopy.visual.image.ImageStim'>, anchor=('center', 'center'), autoLog=True, color=array([1, 1, 1]), colorSpace='rgb', contrast=1.0, depth=0.0, flipHoriz=False, flipVert=False, image='sin', interpolate=True, mask=None, maskParams=None, name='image_2', opacity=1.0, ori=0.0, pos=array([0., 0.]), size=array([0.5, 0.5]), texRes=128.0, units='height', win=Window(...))
8.8764 	EXP 	Created text_2 = TextStim(__class__=<class 'psychopy.visual.text.TextStim'>, alignHoriz=method-wrapper(...), alignText='center', alignVert=method-wrapper(...), anchorHoriz='center', anchorVert='center', antialias=True, autoDraw=False, autoLog=True, bold=False, color=array([1, 1, 1]), colorSpace='rgb', contrast=1.0, depth=0.0, flipHoriz=False, flipVert=False, font='Open Sans', fontFiles=[], height=0.1, italic=False, languageStyle='LTR', name='text_2', opacity=1.0, ori=0.0, pos=array([0., 0.]), rgb=UNKNOWN, text='', units='height', win=Window(...), wrapWidth=1)
8.8871 	EXP 	Created text_8 = TextStim(__class__=<class 'psychopy.visual.text.TextStim'>, alignHoriz=method-wrapper(...), alignText='center', alignVert=method-wrapper(...), anchorHoriz='center', anchorVert='center', antialias=True, autoDraw=False, autoLog=True, bold=False, color=array([1, 1, 1]), colorSpace='rgb', contrast=1.0, depth=0.0, flipHoriz=False, flipVert=False, font='Open Sans', fontFiles=[], height=0.05, italic=False, languageStyle='LTR', name='text_8', opacity=1.0, ori=0.0, pos=array([0., 0.]), rgb=UNKNOWN, text=str(...), units='height', win=Window(...), wrapWidth=1)
8.8906 	EXP 	Created image_7 = ImageStim(__class__=<class 'psychopy.visual.image.ImageStim'>, anchor=('center', 'center'), autoLog=True, color=array([1, 1, 1]), colorSpace='rgb', contrast=1.0, depth=-1.0, flipHoriz=False, flipVert=False, image='sin', interpolate=True, mask=None, maskParams=None, name='image_7', opacity=1.0, ori=0.0, pos=array([0., 0.]), size=array([0.5, 0.5]), texRes=128.0, units='height', win=Window(...))
8.9002 	EXP 	Created text_2 = TextStim(__class__=<class 'psychopy.visual.text.TextStim'>, alignHoriz=method-wrapper(...), alignText='center', alignVert=method-wrapper(...), anchorHoriz='center', anchorVert='center', antialias=True, autoDraw=False, autoLog=True, bold=False, color=array([1, 1, 1]), colorSpace='rgb', contrast=1.0, depth=0.0, flipHoriz=False, flipVert=False, font='Open Sans', fontFiles=[], height=0.1, italic=False, languageStyle='LTR', name='text_2', opacity=1.0, ori=0.0, pos=array([0., 0.]), rgb=UNKNOWN, text='', units='height', win=Window(...), wrapWidth=1)
8.9065 	EXP 	Created text_9 = TextStim(__class__=<class 'psychopy.visual.text.TextStim'>, alignHoriz=method-wrapper(...), alignText='center', alignVert=method-wrapper(...), anchorHoriz='center', anchorVert='center', antialias=True, autoDraw=False, autoLog=True, bold=False, color=array([1, 1, 1]), colorSpace='rgb', contrast=1.0, depth=0.0, flipHoriz=False, flipVert=False, font='Open Sans', fontFiles=[], height=0.05, italic=False, languageStyle='LTR', name='text_9', opacity=1.0, ori=0.0, pos=array([0., 0.]), rgb=UNKNOWN, text=str(...), units='height', win=Window(...), wrapWidth=1)
8.9098 	EXP 	Created image_6 = ImageStim(__class__=<class 'psychopy.visual.image.ImageStim'>, anchor=('center', 'center'), autoLog=True, color=array([1, 1, 1]), colorSpace='rgb', contrast=1.0, depth=-1.0, flipHoriz=False, flipVert=False, image='sin', interpolate=True, mask=None, maskParams=None, name='image_6', opacity=1.0, ori=0.0, pos=array([0., 0.]), size=array([0.5, 0.5]), texRes=128.0, units='height', win=Window(...))
8.9193 	EXP 	Created text_2 = TextStim(__class__=<class 'psychopy.visual.text.TextStim'>, alignHoriz=method-wrapper(...), alignText='center', alignVert=method-wrapper(...), anchorHoriz='center', anchorVert='center', antialias=True, autoDraw=False, autoLog=True, bold=False, color=array([1, 1, 1]), colorSpace='rgb', contrast=1.0, depth=0.0, flipHoriz=False, flipVert=False, font='Open Sans', fontFiles=[], height=0.1, italic=False, languageStyle='LTR', name='text_2', opacity=1.0, ori=0.0, pos=array([0., 0.]), rgb=UNKNOWN, text='', units='height', win=Window(...), wrapWidth=1)
8.9361 	EXP 	Created text_3 = TextStim(__class__=<class 'psychopy.visual.text.TextStim'>, alignHoriz=method-wrapper(...), alignText='center', alignVert=method-wrapper(...), anchorHoriz='center', anchorVert='center', antialias=True, autoDraw=False, autoLog=True, bold=False, color=array([1, 1, 1]), colorSpace='rgb', contrast=1.0, depth=-1.0, flipHoriz=False, flipVert=False, font='Open Sans', fontFiles=[], height=0.05, italic=False, languageStyle='LTR', name='text_3', opacity=1.0, ori=0.0, pos=array([0., 0.]), rgb=UNKNOWN, text=str(...), units='height', win=Window(...), wrapWidth=1)
8.9422 	EXP 	WelcomeText: autoDraw = True
10.3910 	DATA 	Keypress: space
10.4023 	EXP 	WelcomeText: autoDraw = False
10.4023 	EXP 	text_2: autoDraw = True
10.9024 	EXP 	text_2: autoDraw = False
10.9024 	EXP 	text_2: autoDraw = False
10.9024 	EXP 	ConsentText: autoDraw = True
11.7570 	DATA 	Keypress: space
11.7859 	EXP 	ConsentText: autoDraw = False
11.7859 	EXP 	text_2: autoDraw = True
12.2864 	EXP 	text_2: autoDraw = False
12.2864 	EXP 	text_2: autoDraw = False
12.2864 	EXP 	InstructionText: autoDraw = True
12.6744 	DATA 	Keypress: space
12.6859 	EXP 	InstructionText: autoDraw = False
12.6859 	EXP 	text_2: autoDraw = True
13.1859 	EXP 	text_2: autoDraw = False
13.1859 	EXP 	text_2: autoDraw = False
13.1859 	EXP 	text_7: autoDraw = True
13.5043 	DATA 	Keypress: space
13.5187 	EXP 	text_7: autoDraw = False
13.5187 	EXP 	text_2: autoDraw = True
14.0142 	EXP 	Imported conditionsA.xlsx as conditions, 2 conditions, 2 params
14.0146 	EXP 	Created sequence: random, trialTypes=2, nReps=1, seed=None
14.0148 	EXP 	New trial (rep=0, index=0): {'nRepsTask1': 1, 'nRepsTask2': 0}
14.0150 	EXP 	Created sequence: random, trialTypes=1, nReps=1, seed=None
14.0152 	EXP 	New trial (rep=0, index=0): None
14.0226 	EXP 	text_2: autoDraw = False
14.0226 	EXP 	text_4: autoDraw = True
14.3301 	EXP 	Imported ImagePractices1.xlsx as conditions, 10 conditions, 2 params
14.3309 	EXP 	Created sequence: random, trialTypes=10, nReps=1, seed=None
14.3311 	EXP 	New trial (rep=0, index=0): {'ImageFile': 'Images/Monkey 1.jpg', 'AnimateInanimate': 1}
14.3594 	DATA 	Keypress: space
14.3632 	EXP 	text_4: autoDraw = False
14.3632 	EXP 	image: image = 'Images/Monkey 1.jpg'
14.3632 	EXP 	image: autoDraw = True
15.3526 	EXP 	image: autoDraw = False
15.3526 	EXP 	text_2: autoDraw = True
15.8366 	EXP 	New trial (rep=0, index=1): {'ImageFile': 'Images/Lion 1.jpg', 'AnimateInanimate': 1}
15.8529 	EXP 	text_2: autoDraw = False
15.8529 	EXP 	image: image = 'Images/Lion 1.jpg'
15.8529 	EXP 	image: autoDraw = True
16.4789 	DATA 	Keypress: 1
16.4859 	EXP 	image: autoDraw = False
16.4859 	EXP 	text_2: autoDraw = True
16.9716 	EXP 	New trial (rep=0, index=2): {'ImageFile': 'Images/Goat 1.jpg', 'AnimateInanimate': 1}
16.9857 	EXP 	text_2: autoDraw = False
16.9857 	EXP 	text_2: autoDraw = False
16.9857 	EXP 	image: image = 'Images/Goat 1.jpg'
16.9857 	EXP 	image: autoDraw = True
17.1938 	DATA 	Keypress: 1
17.2025 	EXP 	image: autoDraw = False
17.2025 	EXP 	text_2: autoDraw = True
17.6860 	EXP 	New trial (rep=0, index=3): {'ImageFile': 'Images/Sidewalk 3.jpg', 'AnimateInanimate': 2}
17.7020 	EXP 	text_2: autoDraw = False
17.7020 	EXP 	text_2: autoDraw = False
17.7020 	EXP 	image: image = 'Images/Sidewalk 3.jpg'
17.7020 	EXP 	image: autoDraw = True
17.8291 	DATA 	Keypress: 1
17.8362 	EXP 	image: autoDraw = False
17.8362 	EXP 	text_2: autoDraw = True
18.3219 	EXP 	New trial (rep=0, index=4): {'ImageFile': 'Images/Gun 5.jpg', 'AnimateInanimate': 2}
18.3399 	EXP 	text_2: autoDraw = False
18.3399 	EXP 	text_2: autoDraw = False
18.3399 	EXP 	image: image = 'Images/Gun 5.jpg'
18.3399 	EXP 	image: autoDraw = True
19.0756 	DATA 	Keypress: 2
19.0854 	EXP 	image: autoDraw = False
19.0854 	EXP 	text_2: autoDraw = True
19.5705 	EXP 	New trial (rep=0, index=5): {'ImageFile': 'Images/Office supplies 4.jpg', 'AnimateInanimate': 2}
19.5851 	EXP 	text_2: autoDraw = False
19.5851 	EXP 	text_2: autoDraw = False
19.5851 	EXP 	image: image = 'Images/Office supplies 4.jpg'
19.5851 	EXP 	image: autoDraw = True
20.0888 	DATA 	Keypress: 2
20.1020 	EXP 	image: autoDraw = False
20.1020 	EXP 	text_2: autoDraw = True
20.5878 	EXP 	New trial (rep=0, index=6): {'ImageFile': 'Images/Storage 1.jpg', 'AnimateInanimate': 2}
20.6061 	EXP 	text_2: autoDraw = False
20.6061 	EXP 	text_2: autoDraw = False
20.6061 	EXP 	image: image = 'Images/Storage 1.jpg'
20.6061 	EXP 	image: autoDraw = True
21.1554 	DATA 	Keypress: 2
21.1687 	EXP 	image: autoDraw = False
21.1687 	EXP 	text_2: autoDraw = True
21.6546 	EXP 	New trial (rep=0, index=7): {'ImageFile': 'Images/Happy face 2.jpg', 'AnimateInanimate': 1}
21.6843 	EXP 	text_2: autoDraw = False
21.6843 	EXP 	text_2: autoDraw = False
21.6843 	EXP 	image: image = 'Images/Happy face 2.jpg'
21.6843 	EXP 	image: autoDraw = True
22.0889 	DATA 	Keypress: 1
22.1030 	EXP 	image: autoDraw = False
22.1030 	EXP 	text_2: autoDraw = True
22.5881 	EXP 	New trial (rep=0, index=8): {'ImageFile': 'Images/Money 1.jpg', 'AnimateInanimate': 2}
22.6066 	EXP 	text_2: autoDraw = False
22.6066 	EXP 	text_2: autoDraw = False
22.6066 	EXP 	image: image = 'Images/Money 1.jpg'
22.6066 	EXP 	image: autoDraw = True
23.1555 	DATA 	Keypress: 2
23.1686 	EXP 	image: autoDraw = False
23.1686 	EXP 	text_2: autoDraw = True
23.6526 	EXP 	New trial (rep=0, index=9): {'ImageFile': 'Images/Dog 12.jpg', 'AnimateInanimate': 1}
23.6685 	EXP 	text_2: autoDraw = False
23.6685 	EXP 	text_2: autoDraw = False
23.6685 	EXP 	image: image = 'Images/Dog 12.jpg'
23.6685 	EXP 	image: autoDraw = True
24.2920 	DATA 	Keypress: 1
24.3024 	EXP 	image: autoDraw = False
24.3024 	EXP 	text_2: autoDraw = True
24.8021 	EXP 	text_2: autoDraw = False
24.8021 	EXP 	text_2: autoDraw = False
24.8021 	EXP 	text_6: autoDraw = True
25.5888 	EXP 	Imported Original_Compiled_IAT.xlsx as conditions, 80 conditions, 4 params
25.5898 	EXP 	Created sequence: random, trialTypes=80, nReps=1, seed=None
25.5900 	EXP 	New trial (rep=0, index=0): {'ImageFile': 'Images/Frustrated pose 1.jpg', 'AnimateInanimate': 1, 'ValenceScore': 2.3937, 'Rand': 0.7929639094339582}
25.5959 	DATA 	Keypress: space
25.5996 	EXP 	text_6: autoDraw = False
25.5996 	EXP 	image_2: image = 'Images/Frustrated pose 1.jpg'
25.5996 	EXP 	image_2: autoDraw = True
26.5939 	DATA 	Keypress: 1
26.6026 	EXP 	image_2: autoDraw = False
26.6026 	EXP 	text_2: autoDraw = True
27.0867 	EXP 	New trial (rep=0, index=1): {'ImageFile': 'Images/Garbage dump 3.jpg', 'AnimateInanimate': 2, 'ValenceScore': 2.0219, 'Rand': 0.5707894112816823}
27.1041 	EXP 	text_2: autoDraw = False
27.1041 	EXP 	image_2: image = 'Images/Garbage dump 3.jpg'
27.1041 	EXP 	image_2: autoDraw = True
27.6724 	DATA 	Keypress: 2
27.6853 	EXP 	image_2: autoDraw = False
27.6853 	EXP 	text_2: autoDraw = True
28.1713 	EXP 	New trial (rep=0, index=2): {'ImageFile': 'Images/Galaxy 2.jpg', 'AnimateInanimate': 2, 'ValenceScore': 5.7867, 'Rand': 0.871390129257127}
28.1879 	EXP 	text_2: autoDraw = False
28.1879 	EXP 	text_2: autoDraw = False
28.1879 	EXP 	image_2: image = 'Images/Galaxy 2.jpg'
28.1879 	EXP 	image_2: autoDraw = True
28.7055 	DATA 	Keypress: 2
28.7188 	EXP 	image_2: autoDraw = False
28.7188 	EXP 	text_2: autoDraw = True
29.2032 	EXP 	New trial (rep=0, index=3): {'ImageFile': 'Images/Flowers 6.jpg', 'AnimateInanimate': 2, 'ValenceScore': 5.9556, 'Rand': 0.12977858521545838}
29.2186 	EXP 	text_2: autoDraw = False
29.2186 	EXP 	text_2: autoDraw = False
29.2186 	EXP 	image_2: image = 'Images/Flowers 6.jpg'
29.2186 	EXP 	image_2: autoDraw = True
30.2036 	DATA 	Keypress: 2
30.2191 	EXP 	image_2: autoDraw = False
30.2358 	EXP 	image_2: autoDraw = False
30.2358 	EXP 	text_2: autoDraw = True
30.7197 	EXP 	New trial (rep=0, index=4): {'ImageFile': 'Images/Miserable pose 5.jpg', 'AnimateInanimate': 1, 'ValenceScore': 2.9754, 'Rand': 0.5707540209244515}
30.7357 	EXP 	text_2: autoDraw = False
30.7357 	EXP 	image_2: image = 'Images/Miserable pose 5.jpg'
30.7357 	EXP 	image_2: autoDraw = True
31.6085 	DATA 	Keypress: 1
31.6191 	EXP 	image_2: autoDraw = False
31.6191 	EXP 	text_2: autoDraw = True
32.1033 	EXP 	New trial (rep=0, index=5): {'ImageFile': 'Images/Excited face 2.jpg', 'AnimateInanimate': 1, 'ValenceScore': 5.8009, 'Rand': 0.7619008012508488}
32.1186 	EXP 	text_2: autoDraw = False
32.1186 	EXP 	text_2: autoDraw = False
32.1186 	EXP 	image_2: image = 'Images/Excited face 2.jpg'
32.1186 	EXP 	image_2: autoDraw = True
32.6884 	DATA 	Keypress: 1
32.7021 	EXP 	image_2: autoDraw = False
32.7021 	EXP 	text_2: autoDraw = True
33.1867 	EXP 	New trial (rep=0, index=6): {'ImageFile': 'Images/Tornado 4.jpg', 'AnimateInanimate': 2, 'ValenceScore': 2.7192, 'Rand': 0.04515441392123898}
33.2023 	EXP 	text_2: autoDraw = False
33.2023 	EXP 	text_2: autoDraw = False
33.2023 	EXP 	image_2: image = 'Images/Tornado 4.jpg'
33.2023 	EXP 	image_2: autoDraw = True
34.1117 	DATA 	Keypress: 1
34.1185 	EXP 	image_2: autoDraw = False
34.1185 	EXP 	text_2: autoDraw = True
34.6041 	EXP 	New trial (rep=0, index=7): {'ImageFile': 'Images/War 8.jpg', 'AnimateInanimate': 1, 'ValenceScore': 1.7473, 'Rand': 0.10290094730872323}
34.6213 	EXP 	text_2: autoDraw = False
34.6213 	EXP 	text_2: autoDraw = False
34.6213 	EXP 	image_2: image = 'Images/War 8.jpg'
34.6213 	EXP 	image_2: autoDraw = True
35.0955 	DATA 	Keypress: 1
35.1028 	EXP 	image_2: autoDraw = False
35.1028 	EXP 	text_2: autoDraw = True
35.5872 	EXP 	New trial (rep=0, index=8): {'ImageFile': 'Images/Nature 1.jpg', 'AnimateInanimate': 2, 'ValenceScore': 6.1726, 'Rand': 0.7504641747893187}
35.6031 	EXP 	text_2: autoDraw = False
35.6031 	EXP 	text_2: autoDraw = False
35.6031 	EXP 	image_2: image = 'Images/Nature 1.jpg'
35.6031 	EXP 	image_2: autoDraw = True
36.0091 	DATA 	Keypress: 2
36.0191 	EXP 	image_2: autoDraw = False
36.0191 	EXP 	text_2: autoDraw = True
36.5039 	EXP 	New trial (rep=0, index=9): {'ImageFile': 'Images/Wedding 4.jpg', 'AnimateInanimate': 2, 'ValenceScore': 5.8256, 'Rand': 0.09293607626529377}
36.5190 	EXP 	text_2: autoDraw = False
36.5190 	EXP 	text_2: autoDraw = False
36.5190 	EXP 	image_2: image = 'Images/Wedding 4.jpg'
36.5190 	EXP 	image_2: autoDraw = True
36.9964 	DATA 	Keypress: 2
37.0031 	EXP 	image_2: autoDraw = False
37.0031 	EXP 	text_2: autoDraw = True
37.4885 	EXP 	New trial (rep=0, index=10): {'ImageFile': 'Images/Lake 12.jpg', 'AnimateInanimate': 2, 'ValenceScore': 6.4088, 'Rand': 0.5730295514381429}
37.5085 	EXP 	text_2: autoDraw = False
37.5085 	EXP 	text_2: autoDraw = False
37.5085 	EXP 	image_2: image = 'Images/Lake 12.jpg'
37.5085 	EXP 	image_2: autoDraw = True
37.8942 	DATA 	Keypress: 2
37.9027 	EXP 	image_2: autoDraw = False
37.9027 	EXP 	text_2: autoDraw = True
38.3869 	EXP 	New trial (rep=0, index=11): {'ImageFile': 'Images/Beach 2.jpg', 'AnimateInanimate': 2, 'ValenceScore': 6.2944, 'Rand': 0.9767776457796615}
38.4025 	EXP 	text_2: autoDraw = False
38.4025 	EXP 	text_2: autoDraw = False
38.4025 	EXP 	image_2: image = 'Images/Beach 2.jpg'
38.4025 	EXP 	image_2: autoDraw = True
38.8302 	DATA 	Keypress: 2
38.8358 	EXP 	image_2: autoDraw = False
38.8358 	EXP 	text_2: autoDraw = True
39.3205 	EXP 	New trial (rep=0, index=12): {'ImageFile': 'Images/Injury 1.jpg', 'AnimateInanimate': 1, 'ValenceScore': 1.9865, 'Rand': 0.2889058122637327}
39.3369 	EXP 	text_2: autoDraw = False
39.3369 	EXP 	text_2: autoDraw = False
39.3369 	EXP 	image_2: image = 'Images/Injury 1.jpg'
39.3369 	EXP 	image_2: autoDraw = True
40.0601 	DATA 	Keypress: 1
40.0688 	EXP 	image_2: autoDraw = False
40.0688 	EXP 	text_2: autoDraw = True
40.5542 	EXP 	New trial (rep=0, index=13): {'ImageFile': 'Images/Sidewalk 6.jpg', 'AnimateInanimate': 2, 'ValenceScore': 2.7978, 'Rand': 0.6901193111063584}
40.5719 	EXP 	text_2: autoDraw = False
40.5719 	EXP 	text_2: autoDraw = False
40.5719 	EXP 	image_2: image = 'Images/Sidewalk 6.jpg'
40.5719 	EXP 	image_2: autoDraw = True
41.1273 	DATA 	Keypress: 2
41.1357 	EXP 	image_2: autoDraw = False
41.1357 	EXP 	text_2: autoDraw = True
41.6208 	EXP 	New trial (rep=0, index=14): {'ImageFile': 'Images/Yarn 1.jpg', 'AnimateInanimate': 2, 'ValenceScore': 2.5645, 'Rand': 0.1548831621525235}
41.6381 	EXP 	text_2: autoDraw = False
41.6381 	EXP 	text_2: autoDraw = False
41.6381 	EXP 	image_2: image = 'Images/Yarn 1.jpg'
41.6381 	EXP 	image_2: autoDraw = True
42.1404 	DATA 	Keypress: 2
42.1688 	EXP 	image_2: autoDraw = False
42.1688 	EXP 	text_2: autoDraw = True
42.6535 	EXP 	New trial (rep=0, index=15): {'ImageFile': 'Images/Cold 8.jpg', 'AnimateInanimate': 2, 'ValenceScore': 5.5742, 'Rand': 0.37572133397548513}
42.6704 	EXP 	text_2: autoDraw = False
42.6704 	EXP 	text_2: autoDraw = False
42.6704 	EXP 	image_2: image = 'Images/Cold 8.jpg'
42.6704 	EXP 	image_2: autoDraw = True
43.1575 	DATA 	Keypress: 2
43.1853 	EXP 	image_2: autoDraw = False
43.1853 	EXP 	text_2: autoDraw = True
43.6694 	EXP 	New trial (rep=0, index=16): {'ImageFile': 'Images/Massage 2.jpg', 'AnimateInanimate': 1, 'ValenceScore': 5.7288, 'Rand': 0.09629380336666227}
43.6862 	EXP 	text_2: autoDraw = False
43.6862 	EXP 	text_2: autoDraw = False
43.6862 	EXP 	image_2: image = 'Images/Massage 2.jpg'
43.6862 	EXP 	image_2: autoDraw = True
44.2916 	DATA 	Keypress: 1
44.3194 	EXP 	image_2: autoDraw = False
44.3194 	EXP 	text_2: autoDraw = True
44.8027 	EXP 	New trial (rep=0, index=17): {'ImageFile': 'Images/Tornado 1.jpg', 'AnimateInanimate': 2, 'ValenceScore': 2.1274, 'Rand': 0.9673555153821882}
44.8187 	EXP 	text_2: autoDraw = False
44.8187 	EXP 	text_2: autoDraw = False
44.8187 	EXP 	image_2: image = 'Images/Tornado 1.jpg'
44.8187 	EXP 	image_2: autoDraw = True
45.3928 	DATA 	Keypress: 2
45.4026 	EXP 	image_2: autoDraw = False
45.4026 	EXP 	text_2: autoDraw = True
45.8874 	EXP 	New trial (rep=0, index=18): {'ImageFile': 'Images/Horse 1.jpg', 'AnimateInanimate': 1, 'ValenceScore': 5.9469, 'Rand': 0.9714181382810801}
45.9051 	EXP 	text_2: autoDraw = False
45.9051 	EXP 	text_2: autoDraw = False
45.9051 	EXP 	image_2: image = 'Images/Horse 1.jpg'
45.9051 	EXP 	image_2: autoDraw = True
46.4769 	DATA 	Keypress: 1
46.4860 	EXP 	image_2: autoDraw = False
46.4860 	EXP 	text_2: autoDraw = True
46.9708 	EXP 	New trial (rep=0, index=19): {'ImageFile': 'Images/Frustrated pose 5.jpg', 'AnimateInanimate': 1, 'ValenceScore': 2.481, 'Rand': 0.28553188401789653}
46.9854 	EXP 	text_2: autoDraw = False
46.9854 	EXP 	text_2: autoDraw = False
46.9854 	EXP 	image_2: image = 'Images/Frustrated pose 5.jpg'
46.9854 	EXP 	image_2: autoDraw = True
47.5898 	DATA 	Keypress: 1
47.6192 	EXP 	image_2: autoDraw = False
47.6192 	EXP 	text_2: autoDraw = True
48.1052 	EXP 	New trial (rep=0, index=20): {'ImageFile': 'Images/Snake 4.jpg', 'AnimateInanimate': 1, 'ValenceScore': 2.4159, 'Rand': 0.1794277880411247}
48.1242 	EXP 	text_2: autoDraw = False
48.1242 	EXP 	text_2: autoDraw = False
48.1242 	EXP 	image_2: image = 'Images/Snake 4.jpg'
48.1242 	EXP 	image_2: autoDraw = True
48.7057 	DATA 	Keypress: 1
48.7186 	EXP 	image_2: autoDraw = False
48.7186 	EXP 	text_2: autoDraw = True
49.2028 	EXP 	New trial (rep=0, index=21): {'ImageFile': 'Images/Dog 2.jpg', 'AnimateInanimate': 1, 'ValenceScore': 5.9348, 'Rand': 0.1385016610476738}
49.2186 	EXP 	text_2: autoDraw = False
49.2186 	EXP 	text_2: autoDraw = False
49.2186 	EXP 	image_2: image = 'Images/Dog 2.jpg'
49.2186 	EXP 	image_2: autoDraw = True
49.7733 	DATA 	Keypress: 1
49.7855 	EXP 	image_2: autoDraw = False
49.7855 	EXP 	text_2: autoDraw = True
50.2694 	EXP 	New trial (rep=0, index=22): {'ImageFile': 'Images/Toilet 4.jpg', 'AnimateInanimate': 2, 'ValenceScore': 2.4986, 'Rand': 0.9878271272508732}
50.2854 	EXP 	text_2: autoDraw = False
50.2854 	EXP 	text_2: autoDraw = False
50.2854 	EXP 	image_2: image = 'Images/Toilet 4.jpg'
50.2854 	EXP 	image_2: autoDraw = True
50.9249 	DATA 	Keypress: 2
50.9358 	EXP 	image_2: autoDraw = False
50.9358 	EXP 	text_2: autoDraw = True
51.4205 	EXP 	New trial (rep=0, index=23): {'ImageFile': 'Images/Flowers 1.jpg', 'AnimateInanimate': 2, 'ValenceScore': 5.8142, 'Rand': 0.27529383981721267}
51.4381 	EXP 	text_2: autoDraw = False
51.4381 	EXP 	text_2: autoDraw = False
51.4381 	EXP 	image_2: image = 'Images/Flowers 1.jpg'
51.4381 	EXP 	image_2: autoDraw = True
52.1248 	DATA 	Keypress: 2
52.1534 	EXP 	image_2: autoDraw = False
52.1534 	EXP 	text_2: autoDraw = True
52.6376 	EXP 	New trial (rep=0, index=24): {'ImageFile': 'Images/Gun 10.jpg', 'AnimateInanimate': 2, 'ValenceScore': 2.5934, 'Rand': 0.8397215898320197}
52.6552 	EXP 	text_2: autoDraw = False
52.6552 	EXP 	text_2: autoDraw = False
52.6552 	EXP 	image_2: image = 'Images/Gun 10.jpg'
52.6552 	EXP 	image_2: autoDraw = True
53.1405 	DATA 	Keypress: 1
53.1688 	EXP 	image_2: autoDraw = False
53.1688 	EXP 	text_2: autoDraw = True
53.6551 	EXP 	New trial (rep=0, index=25): {'ImageFile': 'Images/Fireworks 3.jpg', 'AnimateInanimate': 2, 'ValenceScore': 6.0651, 'Rand': 0.4589846415575002}
53.6707 	EXP 	text_2: autoDraw = False
53.6707 	EXP 	text_2: autoDraw = False
53.6707 	EXP 	image_2: image = 'Images/Fireworks 3.jpg'
53.6707 	EXP 	image_2: autoDraw = True
54.1889 	DATA 	Keypress: 2
54.2020 	EXP 	image_2: autoDraw = False
54.2020 	EXP 	text_2: autoDraw = True
54.6859 	EXP 	New trial (rep=0, index=26): {'ImageFile': 'Images/Sad pose 1.jpg', 'AnimateInanimate': 1, 'ValenceScore': 2.8801, 'Rand': 0.9379640962640362}
54.7020 	EXP 	text_2: autoDraw = False
54.7020 	EXP 	text_2: autoDraw = False
54.7020 	EXP 	image_2: image = 'Images/Sad pose 1.jpg'
54.7020 	EXP 	image_2: autoDraw = True
55.4387 	DATA 	Keypress: 1
55.4521 	EXP 	image_2: autoDraw = False
55.4521 	EXP 	text_2: autoDraw = True
55.9360 	EXP 	New trial (rep=0, index=27): {'ImageFile': 'Images/Explosion 4.jpg', 'AnimateInanimate': 2, 'ValenceScore': 2.4912, 'Rand': 0.7741769511985449}
55.9519 	EXP 	text_2: autoDraw = False
55.9519 	EXP 	text_2: autoDraw = False
55.9519 	EXP 	image_2: image = 'Images/Explosion 4.jpg'
55.9519 	EXP 	image_2: autoDraw = True
56.4782 	DATA 	Keypress: 2
56.4861 	EXP 	image_2: autoDraw = False
56.4861 	EXP 	text_2: autoDraw = True
56.9716 	EXP 	New trial (rep=0, index=28): {'ImageFile': 'Images/Dog 19.jpg', 'AnimateInanimate': 1, 'ValenceScore': 5.9814, 'Rand': 0.7804812252252693}
56.9858 	EXP 	text_2: autoDraw = False
56.9858 	EXP 	text_2: autoDraw = False
56.9858 	EXP 	image_2: image = 'Images/Dog 19.jpg'
56.9858 	EXP 	image_2: autoDraw = True
57.4762 	DATA 	Keypress: 2
57.4855 	EXP 	image_2: autoDraw = False
57.4855 	EXP 	text_2: autoDraw = True
57.9712 	EXP 	New trial (rep=0, index=29): {'ImageFile': 'Images/Flowers 9.jpg', 'AnimateInanimate': 2, 'ValenceScore': 5.9383, 'Rand': 0.22049600562800176}
58.0012 	EXP 	text_2: autoDraw = False
58.0012 	EXP 	text_2: autoDraw = False
58.0012 	EXP 	image_2: image = 'Images/Flowers 9.jpg'
58.0012 	EXP 	image_2: autoDraw = True
58.4441 	DATA 	Keypress: 2
58.4527 	EXP 	image_2: autoDraw = False
58.4527 	EXP 	text_2: autoDraw = True
58.9385 	EXP 	New trial (rep=0, index=30): {'ImageFile': 'Images/Wedding 2.jpg', 'AnimateInanimate': 1, 'ValenceScore': 5.7601, 'Rand': 0.3581969197952043}
58.9679 	EXP 	text_2: autoDraw = False
58.9679 	EXP 	text_2: autoDraw = False
58.9679 	EXP 	image_2: image = 'Images/Wedding 2.jpg'
58.9679 	EXP 	image_2: autoDraw = True
59.5048 	DATA 	Keypress: 1
59.5189 	EXP 	image_2: autoDraw = False
59.5189 	EXP 	text_2: autoDraw = True
60.0039 	EXP 	New trial (rep=0, index=31): {'ImageFile': 'Images/Bloody knife 1.jpg', 'AnimateInanimate': 2, 'ValenceScore': 1.8704, 'Rand': 0.40700126922211854}
60.0187 	EXP 	text_2: autoDraw = False
60.0187 	EXP 	text_2: autoDraw = False
60.0187 	EXP 	image_2: image = 'Images/Bloody knife 1.jpg'
60.0187 	EXP 	image_2: autoDraw = True
60.6260 	DATA 	Keypress: 2
60.6360 	EXP 	image_2: autoDraw = False
60.6360 	EXP 	text_2: autoDraw = True
61.1212 	EXP 	New trial (rep=0, index=32): {'ImageFile': 'Images/Mother 1.jpg', 'AnimateInanimate': 1, 'ValenceScore': 6.0784, 'Rand': 0.9132979139036188}
61.1385 	EXP 	text_2: autoDraw = False
61.1385 	EXP 	text_2: autoDraw = False
61.1385 	EXP 	image_2: image = 'Images/Mother 1.jpg'
61.1385 	EXP 	image_2: autoDraw = True
61.8099 	DATA 	Keypress: 1
61.8192 	EXP 	image_2: autoDraw = False
61.8192 	EXP 	text_2: autoDraw = True
62.3029 	EXP 	New trial (rep=0, index=33): {'ImageFile': 'Images/Dancing 7.jpg', 'AnimateInanimate': 1, 'ValenceScore': 5.8813, 'Rand': 0.6297471826735491}
62.3187 	EXP 	text_2: autoDraw = False
62.3187 	EXP 	text_2: autoDraw = False
62.3187 	EXP 	image_2: image = 'Images/Dancing 7.jpg'
62.3187 	EXP 	image_2: autoDraw = True
62.8608 	DATA 	Keypress: 1
62.8694 	EXP 	image_2: autoDraw = False
62.8694 	EXP 	text_2: autoDraw = True
63.3539 	EXP 	New trial (rep=0, index=34): {'ImageFile': 'Images/Baby 5.jpg', 'AnimateInanimate': 1, 'ValenceScore': 6.1553, 'Rand': 0.31383362377021096}
63.3694 	EXP 	text_2: autoDraw = False
63.3694 	EXP 	text_2: autoDraw = False
63.3694 	EXP 	image_2: image = 'Images/Baby 5.jpg'
63.3694 	EXP 	image_2: autoDraw = True
63.9000 	DATA 	Keypress: 1
63.9030 	EXP 	image_2: autoDraw = False
63.9030 	EXP 	text_2: autoDraw = True
64.3861 	EXP 	New trial (rep=0, index=35): {'ImageFile': 'Images/Elephant 1.jpg', 'AnimateInanimate': 1, 'ValenceScore': 5.8272, 'Rand': 0.8577314539099176}
64.4022 	EXP 	text_2: autoDraw = False
64.4022 	EXP 	text_2: autoDraw = False
64.4022 	EXP 	image_2: image = 'Images/Elephant 1.jpg'
64.4022 	EXP 	image_2: autoDraw = True
65.0960 	DATA 	Keypress: 2
65.1030 	EXP 	image_2: autoDraw = False
65.1030 	EXP 	text_2: autoDraw = True
65.5886 	EXP 	New trial (rep=0, index=36): {'ImageFile': 'Images/Baby 6.jpg', 'AnimateInanimate': 1, 'ValenceScore': 6.0604, 'Rand': 0.26349201258450206}
65.6052 	EXP 	text_2: autoDraw = False
65.6052 	EXP 	text_2: autoDraw = False
65.6052 	EXP 	image_2: image = 'Images/Baby 6.jpg'
65.6052 	EXP 	image_2: autoDraw = True
66.3075 	DATA 	Keypress: 1
66.3190 	EXP 	image_2: autoDraw = False
66.3190 	EXP 	text_2: autoDraw = True
66.8037 	EXP 	New trial (rep=0, index=37): {'ImageFile': 'Images/Fire 7.jpg', 'AnimateInanimate': 2, 'ValenceScore': 1.7007, 'Rand': 0.9501201046146629}
66.8197 	EXP 	text_2: autoDraw = False
66.8197 	EXP 	text_2: autoDraw = False
66.8197 	EXP 	image_2: image = 'Images/Fire 7.jpg'
66.8197 	EXP 	image_2: autoDraw = True
67.5766 	DATA 	Keypress: 2
67.5860 	EXP 	image_2: autoDraw = False
67.5860 	EXP 	text_2: autoDraw = True
68.0698 	EXP 	New trial (rep=0, index=38): {'ImageFile': 'Images/Lake 3.jpg', 'AnimateInanimate': 2, 'ValenceScore': 5.9732, 'Rand': 0.8722939171423078}
68.0854 	EXP 	text_2: autoDraw = False
68.0854 	EXP 	text_2: autoDraw = False
68.0854 	EXP 	image_2: image = 'Images/Lake 3.jpg'
68.0854 	EXP 	image_2: autoDraw = True
68.8436 	DATA 	Keypress: 2
68.8528 	EXP 	image_2: autoDraw = False
68.8528 	EXP 	text_2: autoDraw = True
69.3360 	EXP 	New trial (rep=0, index=39): {'ImageFile': 'Images/Dirt 1.jpg', 'AnimateInanimate': 2, 'ValenceScore': 1.6168, 'Rand': 0.6695803900912131}
69.3522 	EXP 	text_2: autoDraw = False
69.3522 	EXP 	text_2: autoDraw = False
69.3522 	EXP 	image_2: image = 'Images/Dirt 1.jpg'
69.3522 	EXP 	image_2: autoDraw = True
70.0950 	DATA 	Keypress: 2
70.1029 	EXP 	image_2: autoDraw = False
70.1029 	EXP 	text_2: autoDraw = True
70.5872 	EXP 	New trial (rep=0, index=40): {'ImageFile': 'Images/Jail 5.jpg', 'AnimateInanimate': 2, 'ValenceScore': 3.0599, 'Rand': 0.07486446158300541}
70.6027 	EXP 	text_2: autoDraw = False
70.6027 	EXP 	text_2: autoDraw = False
70.6027 	EXP 	image_2: image = 'Images/Jail 5.jpg'
70.6027 	EXP 	image_2: autoDraw = True
71.1728 	DATA 	Keypress: 2
71.2026 	EXP 	image_2: autoDraw = False
71.2026 	EXP 	text_2: autoDraw = True
71.6872 	EXP 	New trial (rep=0, index=41): {'ImageFile': 'Images/Flowers 7.jpg', 'AnimateInanimate': 2, 'ValenceScore': 5.7452, 'Rand': 0.4154522113949739}
71.7050 	EXP 	text_2: autoDraw = False
71.7050 	EXP 	text_2: autoDraw = False
71.7050 	EXP 	image_2: image = 'Images/Flowers 7.jpg'
71.7050 	EXP 	image_2: autoDraw = True
72.3548 	DATA 	Keypress: 2
72.3858 	EXP 	image_2: autoDraw = False
72.3858 	EXP 	text_2: autoDraw = True
72.8702 	EXP 	New trial (rep=0, index=42): {'ImageFile': 'Images/Couple 8.jpg', 'AnimateInanimate': 1, 'ValenceScore': 5.7678, 'Rand': 0.9440175279065489}
72.8857 	EXP 	text_2: autoDraw = False
72.8857 	EXP 	text_2: autoDraw = False
72.8857 	EXP 	image_2: image = 'Images/Couple 8.jpg'
72.8857 	EXP 	image_2: autoDraw = True
73.4057 	DATA 	Keypress: 1
73.4187 	EXP 	image_2: autoDraw = False
73.4187 	EXP 	text_2: autoDraw = True
73.9044 	EXP 	New trial (rep=0, index=43): {'ImageFile': 'Images/Lake 2.jpg', 'AnimateInanimate': 2, 'ValenceScore': 6.3635, 'Rand': 0.012122517432576752}
73.9226 	EXP 	text_2: autoDraw = False
73.9226 	EXP 	text_2: autoDraw = False
73.9226 	EXP 	image_2: image = 'Images/Lake 2.jpg'
73.9226 	EXP 	image_2: autoDraw = True
74.5428 	DATA 	Keypress: 2
74.5526 	EXP 	image_2: autoDraw = False
74.5526 	EXP 	text_2: autoDraw = True
75.0360 	EXP 	New trial (rep=0, index=44): {'ImageFile': 'Images/Scared face 3.jpg', 'AnimateInanimate': 1, 'ValenceScore': 3.0377, 'Rand': 0.39989359561204807}
75.0521 	EXP 	text_2: autoDraw = False
75.0521 	EXP 	text_2: autoDraw = False
75.0521 	EXP 	image_2: image = 'Images/Scared face 3.jpg'
75.0521 	EXP 	image_2: autoDraw = True
75.5708 	DATA 	Keypress: 1
75.6032 	EXP 	image_2: autoDraw = False
75.6032 	EXP 	text_2: autoDraw = True
76.0878 	EXP 	New trial (rep=0, index=45): {'ImageFile': 'Images/Cat 5.jpg', 'AnimateInanimate': 1, 'ValenceScore': 6.1842, 'Rand': 0.2993849771344371}
76.1059 	EXP 	text_2: autoDraw = False
76.1059 	EXP 	text_2: autoDraw = False
76.1059 	EXP 	image_2: image = 'Images/Cat 5.jpg'
76.1059 	EXP 	image_2: autoDraw = True
76.8218 	DATA 	Keypress: 1
76.8355 	EXP 	image_2: autoDraw = False
76.8355 	EXP 	text_2: autoDraw = True
77.3213 	EXP 	New trial (rep=0, index=46): {'ImageFile': 'Images/Picnic 1.jpg', 'AnimateInanimate': 1, 'ValenceScore': 6.0998, 'Rand': 0.013197503905397312}
77.3512 	EXP 	text_2: autoDraw = False
77.3512 	EXP 	text_2: autoDraw = False
77.3512 	EXP 	image_2: image = 'Images/Picnic 1.jpg'
77.3512 	EXP 	image_2: autoDraw = True
78.1112 	DATA 	Keypress: 1
78.1197 	EXP 	image_2: autoDraw = False
78.1197 	EXP 	text_2: autoDraw = True
78.6039 	EXP 	New trial (rep=0, index=47): {'ImageFile': 'Images/Fireworks 2.jpg', 'AnimateInanimate': 2, 'ValenceScore': 6.277, 'Rand': 0.9574516434771356}
78.6187 	EXP 	text_2: autoDraw = False
78.6187 	EXP 	text_2: autoDraw = False
78.6187 	EXP 	image_2: image = 'Images/Fireworks 2.jpg'
78.6187 	EXP 	image_2: autoDraw = True
79.1871 	DATA 	Keypress: 2
79.2188 	EXP 	image_2: autoDraw = False
79.2188 	EXP 	text_2: autoDraw = True
79.7042 	EXP 	New trial (rep=0, index=48): {'ImageFile': 'Images/Bird 3.jpg', 'AnimateInanimate': 1, 'ValenceScore': 6.0495, 'Rand': 0.7060375059060603}
79.7189 	EXP 	text_2: autoDraw = False
79.7189 	EXP 	text_2: autoDraw = False
79.7189 	EXP 	image_2: image = 'Images/Bird 3.jpg'
79.7189 	EXP 	image_2: autoDraw = True
80.4090 	DATA 	Keypress: 1
80.4193 	EXP 	image_2: autoDraw = False
80.4193 	EXP 	text_2: autoDraw = True
80.9039 	EXP 	New trial (rep=0, index=49): {'ImageFile': 'Images/Gun 6.jpg', 'AnimateInanimate': 2, 'ValenceScore': 2.9016, 'Rand': 0.31960683806099544}
80.9186 	EXP 	text_2: autoDraw = False
80.9186 	EXP 	text_2: autoDraw = False
80.9186 	EXP 	image_2: image = 'Images/Gun 6.jpg'
80.9186 	EXP 	image_2: autoDraw = True
81.3770 	DATA 	Keypress: 2
81.3861 	EXP 	image_2: autoDraw = False
81.3861 	EXP 	text_2: autoDraw = True
81.8706 	EXP 	New trial (rep=0, index=50): {'ImageFile': 'Images/Rainbow 1.jpg', 'AnimateInanimate': 2, 'ValenceScore': 6.2286, 'Rand': 0.6276019931043489}
81.8861 	EXP 	text_2: autoDraw = False
81.8861 	EXP 	text_2: autoDraw = False
81.8861 	EXP 	image_2: image = 'Images/Rainbow 1.jpg'
81.8861 	EXP 	image_2: autoDraw = True
82.6430 	DATA 	Keypress: 2
82.6527 	EXP 	image_2: autoDraw = False
82.6527 	EXP 	text_2: autoDraw = True
83.1386 	EXP 	New trial (rep=0, index=51): {'ImageFile': 'Images/Galaxy 4.jpg', 'AnimateInanimate': 2, 'ValenceScore': 5.4342, 'Rand': 0.26067261265936803}
83.1555 	EXP 	text_2: autoDraw = False
83.1555 	EXP 	text_2: autoDraw = False
83.1555 	EXP 	image_2: image = 'Images/Galaxy 4.jpg'
83.1555 	EXP 	image_2: autoDraw = True
83.7557 	DATA 	Keypress: 2
83.7687 	EXP 	image_2: autoDraw = False
83.7687 	EXP 	text_2: autoDraw = True
84.2528 	EXP 	New trial (rep=0, index=52): {'ImageFile': 'Images/Mother 5.jpg', 'AnimateInanimate': 1, 'ValenceScore': 5.9438, 'Rand': 0.9122496176418544}
84.2687 	EXP 	text_2: autoDraw = False
84.2687 	EXP 	text_2: autoDraw = False
84.2687 	EXP 	image_2: image = 'Images/Mother 5.jpg'
84.2687 	EXP 	image_2: autoDraw = True
84.8925 	DATA 	Keypress: 1
84.9027 	EXP 	image_2: autoDraw = False
84.9027 	EXP 	text_2: autoDraw = True
85.3860 	EXP 	New trial (rep=0, index=53): {'ImageFile': 'Images/Dead bodies 2.jpg', 'AnimateInanimate': 1, 'ValenceScore': 1.2275, 'Rand': 0.7641621579010838}
85.4021 	EXP 	text_2: autoDraw = False
85.4021 	EXP 	text_2: autoDraw = False
85.4021 	EXP 	image_2: image = 'Images/Dead bodies 2.jpg'
85.4021 	EXP 	image_2: autoDraw = True
86.2133 	DATA 	Keypress: 1
86.2201 	EXP 	image_2: autoDraw = False
86.2201 	EXP 	text_2: autoDraw = True
86.7045 	EXP 	New trial (rep=0, index=54): {'ImageFile': 'Images/Hangover 1.jpg', 'AnimateInanimate': 1, 'ValenceScore': 2.3921, 'Rand': 0.5142622623412806}
86.7216 	EXP 	text_2: autoDraw = False
86.7216 	EXP 	text_2: autoDraw = False
86.7216 	EXP 	image_2: image = 'Images/Hangover 1.jpg'
86.7216 	EXP 	image_2: autoDraw = True
87.7362 	EXP 	image_2: autoDraw = False
87.7362 	EXP 	text_2: autoDraw = True
87.7391 	DATA 	Keypress: 1
88.2203 	EXP 	New trial (rep=0, index=55): {'ImageFile': 'Images/Neonazi 1.jpg', 'AnimateInanimate': 1, 'ValenceScore': 2.0577, 'Rand': 0.4286272595660632}
88.2512 	EXP 	text_2: autoDraw = False
88.2512 	EXP 	image_2: image = 'Images/Neonazi 1.jpg'
88.2512 	EXP 	image_2: autoDraw = True
88.8956 	DATA 	Keypress: 1
88.9027 	EXP 	image_2: autoDraw = False
88.9027 	EXP 	text_2: autoDraw = True
89.3874 	EXP 	New trial (rep=0, index=56): {'ImageFile': 'Images/Sleepy pose 1.jpg', 'AnimateInanimate': 1, 'ValenceScore': 2.603, 'Rand': 0.014083813044789784}
89.4019 	EXP 	text_2: autoDraw = False
89.4019 	EXP 	text_2: autoDraw = False
89.4019 	EXP 	image_2: image = 'Images/Sleepy pose 1.jpg'
89.4019 	EXP 	image_2: autoDraw = True
89.9104 	DATA 	Keypress: 1
89.9194 	EXP 	image_2: autoDraw = False
89.9194 	EXP 	text_2: autoDraw = True
90.4052 	EXP 	New trial (rep=0, index=57): {'ImageFile': 'Images/Destruction 5.jpg', 'AnimateInanimate': 2, 'ValenceScore': 2.1143, 'Rand': 0.6225236117358539}
90.4212 	EXP 	text_2: autoDraw = False
90.4212 	EXP 	text_2: autoDraw = False
90.4212 	EXP 	image_2: image = 'Images/Destruction 5.jpg'
90.4212 	EXP 	image_2: autoDraw = True
91.1244 	DATA 	Keypress: 2
91.1534 	EXP 	image_2: autoDraw = False
91.1534 	EXP 	text_2: autoDraw = True
91.6381 	EXP 	New trial (rep=0, index=58): {'ImageFile': 'Images/Miserable pose 1.jpg', 'AnimateInanimate': 1, 'ValenceScore': 2.579, 'Rand': 0.41254038389301795}
91.6562 	EXP 	text_2: autoDraw = False
91.6562 	EXP 	text_2: autoDraw = False
91.6562 	EXP 	image_2: image = 'Images/Miserable pose 1.jpg'
91.6562 	EXP 	image_2: autoDraw = True
92.3430 	DATA 	Keypress: 1
92.3525 	EXP 	image_2: autoDraw = False
92.3525 	EXP 	text_2: autoDraw = True
92.8374 	EXP 	New trial (rep=0, index=59): {'ImageFile': 'Images/Destruction 10.jpg', 'AnimateInanimate': 2, 'ValenceScore': 2.0682, 'Rand': 0.33267433135769797}
92.8547 	EXP 	text_2: autoDraw = False
92.8547 	EXP 	text_2: autoDraw = False
92.8547 	EXP 	image_2: image = 'Images/Destruction 10.jpg'
92.8547 	EXP 	image_2: autoDraw = True
93.5716 	DATA 	Keypress: 2
93.6024 	EXP 	image_2: autoDraw = False
93.6024 	EXP 	text_2: autoDraw = True
94.0862 	EXP 	New trial (rep=0, index=60): {'ImageFile': 'Images/Lake 10.jpg', 'AnimateInanimate': 2, 'ValenceScore': 6.125, 'Rand': 0.9853027217264094}
94.1022 	EXP 	text_2: autoDraw = False
94.1022 	EXP 	text_2: autoDraw = False
94.1022 	EXP 	image_2: image = 'Images/Lake 10.jpg'
94.1022 	EXP 	image_2: autoDraw = True
95.1025 	EXP 	image_2: autoDraw = False
95.1074 	DATA 	Keypress: 2
95.1192 	EXP 	image_2: autoDraw = False
95.1192 	EXP 	text_2: autoDraw = True
95.6026 	EXP 	New trial (rep=0, index=61): {'ImageFile': 'Images/Cat 4.jpg', 'AnimateInanimate': 1, 'ValenceScore': 5.798, 'Rand': 0.06333628944787684}
95.6190 	EXP 	text_2: autoDraw = False
95.6190 	EXP 	image_2: image = 'Images/Cat 4.jpg'
95.6190 	EXP 	image_2: autoDraw = True
96.3076 	DATA 	Keypress: 1
96.3190 	EXP 	image_2: autoDraw = False
96.3190 	EXP 	text_2: autoDraw = True
96.8034 	EXP 	New trial (rep=0, index=62): {'ImageFile': 'Images/Miserable pose 4.jpg', 'AnimateInanimate': 1, 'ValenceScore': 2.5702, 'Rand': 0.4458257869062262}
96.8190 	EXP 	text_2: autoDraw = False
96.8190 	EXP 	text_2: autoDraw = False
96.8190 	EXP 	image_2: image = 'Images/Miserable pose 4.jpg'
96.8190 	EXP 	image_2: autoDraw = True
97.4258 	DATA 	Keypress: 1
97.4359 	EXP 	image_2: autoDraw = False
97.4359 	EXP 	text_2: autoDraw = True
97.9222 	EXP 	New trial (rep=0, index=63): {'ImageFile': 'Images/Frustrated pose 2.jpg', 'AnimateInanimate': 1, 'ValenceScore': 2.6481, 'Rand': 0.07843080009801606}
97.9390 	EXP 	text_2: autoDraw = False
97.9390 	EXP 	text_2: autoDraw = False
97.9390 	EXP 	image_2: image = 'Images/Frustrated pose 2.jpg'
97.9390 	EXP 	image_2: autoDraw = True
98.4422 	DATA 	Keypress: 1
98.4526 	EXP 	image_2: autoDraw = False
98.4526 	EXP 	text_2: autoDraw = True
98.9361 	EXP 	New trial (rep=0, index=64): {'ImageFile': 'Images/Wedding 6.jpg', 'AnimateInanimate': 1, 'ValenceScore': 6.0481, 'Rand': 0.4733426449134829}
98.9525 	EXP 	text_2: autoDraw = False
98.9525 	EXP 	text_2: autoDraw = False
98.9525 	EXP 	image_2: image = 'Images/Wedding 6.jpg'
98.9525 	EXP 	image_2: autoDraw = True
99.3562 	DATA 	Keypress: 1
99.3691 	EXP 	image_2: autoDraw = False
99.3691 	EXP 	text_2: autoDraw = True
99.8545 	EXP 	New trial (rep=0, index=65): {'ImageFile': 'Images/Sad pose 4.jpg', 'AnimateInanimate': 1, 'ValenceScore': 2.8282, 'Rand': 0.528378645398541}
99.8715 	EXP 	text_2: autoDraw = False
99.8715 	EXP 	text_2: autoDraw = False
99.8715 	EXP 	image_2: image = 'Images/Sad pose 4.jpg'
99.8715 	EXP 	image_2: autoDraw = True
100.2908 	DATA 	Keypress: 1
100.3187 	EXP 	image_2: autoDraw = False
100.3187 	EXP 	text_2: autoDraw = True
100.8044 	EXP 	New trial (rep=0, index=66): {'ImageFile': 'Images/Intensity 1.jpg', 'AnimateInanimate': 1, 'ValenceScore': 2.8252, 'Rand': 0.013798226426593896}
100.8188 	EXP 	text_2: autoDraw = False
100.8188 	EXP 	text_2: autoDraw = False
100.8188 	EXP 	image_2: image = 'Images/Intensity 1.jpg'
100.8188 	EXP 	image_2: autoDraw = True
101.2439 	DATA 	Keypress: 1
101.2529 	EXP 	image_2: autoDraw = False
101.2529 	EXP 	text_2: autoDraw = True
101.7379 	EXP 	New trial (rep=0, index=67): {'ImageFile': 'Images/Gun 4.jpg', 'AnimateInanimate': 2, 'ValenceScore': 2.9016, 'Rand': 0.1467485923469446}
101.7545 	EXP 	text_2: autoDraw = False
101.7545 	EXP 	text_2: autoDraw = False
101.7545 	EXP 	image_2: image = 'Images/Gun 4.jpg'
101.7545 	EXP 	image_2: autoDraw = True
102.2779 	DATA 	Keypress: 1
102.2863 	EXP 	image_2: autoDraw = False
102.2863 	EXP 	text_2: autoDraw = True
102.7720 	EXP 	New trial (rep=0, index=68): {'ImageFile': 'Images/Car Accident 3.jpg', 'AnimateInanimate': 2, 'ValenceScore': 2.7945, 'Rand': 0.7732278009857427}
102.7899 	EXP 	text_2: autoDraw = False
102.7899 	EXP 	text_2: autoDraw = False
102.7899 	EXP 	image_2: image = 'Images/Car Accident 3.jpg'
102.7899 	EXP 	image_2: autoDraw = True
103.2720 	DATA 	Keypress: 2
103.2854 	EXP 	image_2: autoDraw = False
103.2854 	EXP 	text_2: autoDraw = True
103.7693 	EXP 	New trial (rep=0, index=69): {'ImageFile': 'Images/Angry face 3.jpg', 'AnimateInanimate': 1, 'ValenceScore': 2.5188, 'Rand': 0.21834471638364283}
103.7858 	EXP 	text_2: autoDraw = False
103.7858 	EXP 	text_2: autoDraw = False
103.7858 	EXP 	image_2: image = 'Images/Angry face 3.jpg'
103.7858 	EXP 	image_2: autoDraw = True
104.4437 	DATA 	Keypress: 1
104.4528 	EXP 	image_2: autoDraw = False
104.4528 	EXP 	text_2: autoDraw = True
104.9376 	EXP 	New trial (rep=0, index=70): {'ImageFile': 'Images/Flowers 1.jpg', 'AnimateInanimate': 2, 'ValenceScore': 5.8142, 'Rand': 0.5470930681193592}
104.9546 	EXP 	text_2: autoDraw = False
104.9546 	EXP 	text_2: autoDraw = False
104.9546 	EXP 	image_2: image = 'Images/Flowers 1.jpg'
104.9546 	EXP 	image_2: autoDraw = True
105.7593 	DATA 	Keypress: 2
105.7693 	EXP 	image_2: autoDraw = False
105.7693 	EXP 	text_2: autoDraw = True
106.2540 	EXP 	New trial (rep=0, index=71): {'ImageFile': 'Images/Dog 18.jpg', 'AnimateInanimate': 1, 'ValenceScore': 6.1614, 'Rand': 0.7399603693185757}
106.2703 	EXP 	text_2: autoDraw = False
106.2703 	EXP 	text_2: autoDraw = False
106.2703 	EXP 	image_2: image = 'Images/Dog 18.jpg'
106.2703 	EXP 	image_2: autoDraw = True
107.2694 	EXP 	image_2: autoDraw = False
107.2861 	EXP 	image_2: autoDraw = False
107.2861 	EXP 	text_2: autoDraw = True
107.7702 	EXP 	New trial (rep=0, index=72): {'ImageFile': 'Images/Birthday 3.jpg', 'AnimateInanimate': 2, 'ValenceScore': 5.5506, 'Rand': 0.43820828115997645}
107.7881 	EXP 	text_2: autoDraw = False
107.7881 	EXP 	image_2: image = 'Images/Birthday 3.jpg'
107.7881 	EXP 	image_2: autoDraw = True
107.9407 	DATA 	Keypress: 1
107.9524 	EXP 	image_2: autoDraw = False
107.9524 	EXP 	text_2: autoDraw = True
108.4374 	EXP 	New trial (rep=0, index=73): {'ImageFile': 'Images/Explosion 1.jpg', 'AnimateInanimate': 2, 'ValenceScore': 2.7061, 'Rand': 0.09556197736042626}
108.4534 	EXP 	text_2: autoDraw = False
108.4534 	EXP 	text_2: autoDraw = False
108.4534 	EXP 	image_2: image = 'Images/Explosion 1.jpg'
108.4534 	EXP 	image_2: autoDraw = True
108.8217 	DATA 	Keypress: 1
108.8356 	EXP 	image_2: autoDraw = False
108.8356 	EXP 	text_2: autoDraw = True
109.3208 	EXP 	New trial (rep=0, index=74): {'ImageFile': 'Images/Bridge 1.jpg', 'AnimateInanimate': 2, 'ValenceScore': 5.9383, 'Rand': 0.13339846379913733}
109.3356 	EXP 	text_2: autoDraw = False
109.3356 	EXP 	text_2: autoDraw = False
109.3356 	EXP 	image_2: image = 'Images/Bridge 1.jpg'
109.3356 	EXP 	image_2: autoDraw = True
110.1075 	DATA 	Keypress: escape
110.7170 	EXP 	window1: mouseVisible = True
